<?xml version="1.0" encoding="utf-8"?><testsuites name="pytest tests"><testsuite name="pytest" errors="0" failures="0" skipped="0" tests="7" time="6.277" timestamp="2026-08-28T16:40:03.533173+00:00" hostname="agent-env-a9d7a5c1-de72-4617-a5b9-ed7dde4401f0"><testcase classname="backend.tests.test_iter598_abs_revenue_and_digest" name="test_revenue_dashboard_requires_auth" time="3.847" /><testcase classname="backend.tests.test_iter598_abs_revenue_and_digest" name="test_revenue_dashboard_shape" time="0.632" /><testcase classname="backend.tests.test_iter598_abs_revenue_and_digest" name="test_revenue_dashboard_no_future_months" time="0.251" /><testcase classname="backend.tests.test_iter598_abs_revenue_and_digest" name="test_send_now_returns_rebase_and_abs_changes" time="0.279" /><testcase classname="backend.tests.test_iter598_abs_revenue_and_digest" name="test_latest_html_contains_rebase_section" time="0.673" /><testcase classname="backend.tests.test_iter598_abs_revenue_and_digest" name="test_send_now_requires_auth" time="0.267" /><testcase classname="backend.tests.test_iter598_abs_revenue_and_digest" name="test_price_log_still_works" time="0.232" /></testsuite></testsuites>