<?xml version="1.0" encoding="utf-8"?><testsuites name="pytest tests"><testsuite name="pytest" errors="0" failures="0" skipped="0" tests="10" time="8.282" timestamp="2026-08-17T13:52:26.062227+00:00" hostname="agent-env-a9d7a5c1-de72-4617-a5b9-ed7dde4401f0"><testcase classname="backend.tests.test_iter568" name="test_apply_comp_trigger_selective_dates" time="1.764" /><testcase classname="backend.tests.test_iter568" name="test_apply_comp_trigger_empty_body_uses_all" time="0.948" /><testcase classname="backend.tests.test_iter568" name="test_undo_markups_only_comp_trigger" time="1.065" /><testcase classname="backend.tests.test_iter568" name="test_undo_markups_no_kind_undoes_all" time="0.964" /><testcase classname="backend.tests.test_iter568" name="test_heatmap_pdf_filled_month" time="0.588" /><testcase classname="backend.tests.test_iter568" name="test_heatmap_pdf_no_params_uses_current_month" time="0.576" /><testcase classname="backend.tests.test_iter568" name="test_heatmap_pdf_empty_month_still_ok" time="0.487" /><testcase classname="backend.tests.test_iter568" name="test_pdf_center_includes_heatmap" time="0.498" /><testcase classname="backend.tests.test_iter568" name="test_regression_basic_endpoints" time="0.758" /><testcase classname="backend.tests.test_iter568" name="test_cleanup_undo_all" time="0.532" /></testsuite></testsuites>