<?xml version="1.0" encoding="utf-8"?><testsuites name="pytest tests"><testsuite name="pytest" errors="0" failures="0" skipped="0" tests="9" time="5.842" timestamp="2026-08-02T15:39:16.775233+00:00" hostname="agent-env-a9d7a5c1-de72-4617-a5b9-ed7dde4401f0"><testcase classname="backend.tests.test_iteration500_pickup_paylinks.TestPickup24h" name="test_pickup_24h_with_property" time="2.857" /><testcase classname="backend.tests.test_iteration500_pickup_paylinks.TestPickup24h" name="test_pickup_24h_all" time="0.157" /><testcase classname="backend.tests.test_iteration500_pickup_paylinks.TestPickup24h" name="test_pickup_24h_unauth" time="0.100" /><testcase classname="backend.tests.test_iteration500_pickup_paylinks.TestPayByLink" name="test_create_link_invalid_booking" time="0.106" /><testcase classname="backend.tests.test_iteration500_pickup_paylinks.TestPayByLink" name="test_create_link_success" time="0.832" /><testcase classname="backend.tests.test_iteration500_pickup_paylinks.TestPayByLink" name="test_list_links" time="0.126" /><testcase classname="backend.tests.test_iteration500_pickup_paylinks.TestPayByLink" name="test_payment_status_public_pending" time="0.478" /><testcase classname="backend.tests.test_iteration500_pickup_paylinks.TestPayByLink" name="test_payment_status_unknown" time="0.309" /><testcase classname="backend.tests.test_iteration500_pickup_paylinks.TestPayByLink" name="test_create_link_amount_zero" time="0.775" /></testsuite></testsuites>