<?xml version="1.0" encoding="utf-8"?><testsuites name="pytest tests"><testsuite name="pytest" errors="0" failures="0" skipped="0" tests="15" time="8.733" timestamp="2026-09-08T18:46:30.874644+00:00" hostname="agent-env-a9d7a5c1-de72-4617-a5b9-ed7dde4401f0"><testcase classname="backend.tests.test_iter632_paket35.TestBRG" name="test_brg_claim_create" time="3.835" /><testcase classname="backend.tests.test_iter632_paket35.TestBRG" name="test_brg_claim_invalid_email" time="0.164" /><testcase classname="backend.tests.test_iter632_paket35.TestBRG" name="test_brg_claim_invalid_url" time="0.176" /><testcase classname="backend.tests.test_iter632_paket35.TestBRG" name="test_brg_claim_invalid_price" time="0.158" /><testcase classname="backend.tests.test_iter632_paket35.TestBRG" name="test_brg_list_admin" time="0.653" /><testcase classname="backend.tests.test_iter632_paket35.TestBRG" name="test_brg_decide_approved" time="0.149" /><testcase classname="backend.tests.test_iter632_paket35.TestBRG" name="test_brg_decide_bad_status" time="0.367" /><testcase classname="backend.tests.test_iter632_paket35.TestBRG" name="test_brg_decide_unknown" time="0.173" /><testcase classname="backend.tests.test_iter632_paket35.TestDayUse" name="test_day_use_ok" time="0.141" /><testcase classname="backend.tests.test_iter632_paket35.TestDayUse" name="test_day_use_bad_date" time="0.171" /><testcase classname="backend.tests.test_iter632_paket35.TestChainSearch" name="test_chain_search" time="0.867" /><testcase classname="backend.tests.test_iter632_paket35.TestWishlist" name="test_wishlist_create_and_get" time="1.320" /><testcase classname="backend.tests.test_iter632_paket35.TestWishlist" name="test_wishlist_unknown" time="0.223" /><testcase classname="backend.tests.test_iter632_paket35.TestWishlist" name="test_wishlist_empty" time="0.229" /><testcase classname="backend.tests.test_iter632_paket35" name="test_wishlist_alerts_exists" time="0.001" /></testsuite></testsuites>