<?xml version="1.0" encoding="utf-8"?><testsuites name="pytest tests"><testsuite name="pytest" errors="0" failures="0" skipped="0" tests="7" time="2.672" timestamp="2026-08-15T18:39:36.256056+00:00" hostname="agent-env-a9d7a5c1-de72-4617-a5b9-ed7dde4401f0"><testcase classname="tests.test_iteration546_bidprice_cert_pdf" name="test_login_returns_token" time="2.118" /><testcase classname="tests.test_iteration546_bidprice_cert_pdf" name="test_bid_price_endpoint" time="0.363" /><testcase classname="tests.test_iteration546_bidprice_cert_pdf" name="test_ai_pricing_bid_fields" time="0.053" /><testcase classname="tests.test_iteration546_bidprice_cert_pdf" name="test_hotelrunner_certify" time="0.010" /><testcase classname="tests.test_iteration546_bidprice_cert_pdf" name="test_hotelrunner_status_has_certification" time="0.007" /><testcase classname="tests.test_iteration546_bidprice_cert_pdf" name="test_hotelrunner_mock_push_not_blocked" time="0.012" /><testcase classname="tests.test_iteration546_bidprice_cert_pdf" name="test_simulator_report_pdf" time="0.016" /></testsuite></testsuites>