<?xml version="1.0" encoding="utf-8"?><testsuites name="pytest tests"><testsuite name="pytest" errors="0" failures="0" skipped="0" tests="11" time="6.327" timestamp="2026-08-15T20:00:52.792842+00:00" hostname="agent-env-a9d7a5c1-de72-4617-a5b9-ed7dde4401f0"><testcase classname="backend.tests.test_iteration550_features" name="test_mews_verify_push_live" time="1.562" /><testcase classname="backend.tests.test_iteration550_features" name="test_siteminder_verify_push_mocked" time="0.129" /><testcase classname="backend.tests.test_iteration550_features" name="test_verify_push_unknown_provider" time="0.050" /><testcase classname="backend.tests.test_iteration550_features" name="test_import_to_otb_mews_and_idempotent" time="2.222" /><testcase classname="backend.tests.test_iteration550_features" name="test_weekly_report_turkish" time="0.069" /><testcase classname="backend.tests.test_iteration550_features" name="test_night_push_includes_verify_fields" time="1.305" /><testcase classname="backend.tests.test_iteration550_features" name="test_regression_endpoints[/api/revenue/ai-pricing/default/suggestions?days=3&amp;use_llm=false]" time="0.088" /><testcase classname="backend.tests.test_iteration550_features" name="test_regression_endpoints[/api/net-otb/default?days=7]" time="0.062" /><testcase classname="backend.tests.test_iteration550_features" name="test_regression_endpoints[/api/pms-connect/health/default]" time="0.110" /><testcase classname="backend.tests.test_iteration550_features" name="test_pms_connect_health_has_7_channels" time="0.061" /><testcase classname="backend.tests.test_iteration550_features" name="test_mews_push_still_live" time="0.591" /></testsuite></testsuites>