<?xml version="1.0" encoding="utf-8"?><testsuites name="pytest tests"><testsuite name="pytest" errors="0" failures="0" skipped="0" tests="31" time="8.765" timestamp="2026-09-06T19:54:55.707922+00:00" hostname="agent-env-a9d7a5c1-de72-4617-a5b9-ed7dde4401f0"><testcase classname="backend.tests.test_iter626_paket29.TestEfaturaSettings" name="test_get_default_settings" time="4.375" /><testcase classname="backend.tests.test_iter626_paket29.TestEfaturaSettings" name="test_put_uk_preset" time="0.068" /><testcase classname="backend.tests.test_iter626_paket29.TestEfaturaSettings" name="test_put_custom" time="0.081" /><testcase classname="backend.tests.test_iter626_paket29.TestEfaturaSettings" name="test_put_invalid_vkn" time="0.074" /><testcase classname="backend.tests.test_iter626_paket29.TestEfaturaSettings" name="test_put_valid_tckn" time="0.074" /><testcase classname="backend.tests.test_iter626_paket29.TestEfaturaSettings" name="test_put_api_key_masking" time="0.067" /><testcase classname="backend.tests.test_iter626_paket29.TestEfaturaSettings" name="test_restore_tr_preset" time="0.068" /><testcase classname="backend.tests.test_iter626_paket29.TestValidateId" name="test_valid_vkn" time="0.070" /><testcase classname="backend.tests.test_iter626_paket29.TestValidateId" name="test_invalid_tckn" time="0.079" /><testcase classname="backend.tests.test_iter626_paket29.TestValidateId" name="test_unknown" time="0.094" /><testcase classname="backend.tests.test_iter626_paket29.TestEfaturaLifecycle" name="test_build_earsiv" time="0.254" /><testcase classname="backend.tests.test_iter626_paket29.TestEfaturaLifecycle" name="test_submit" time="0.068" /><testcase classname="backend.tests.test_iter626_paket29.TestEfaturaLifecycle" name="test_submit_duplicate_409" time="0.088" /><testcase classname="backend.tests.test_iter626_paket29.TestEfaturaLifecycle" name="test_html" time="0.087" /><testcase classname="backend.tests.test_iter626_paket29.TestEfaturaLifecycle" name="test_cancel_empty_reason_422" time="0.068" /><testcase classname="backend.tests.test_iter626_paket29.TestEfaturaLifecycle" name="test_cancel_ok" time="0.118" /><testcase classname="backend.tests.test_iter626_paket29.TestEfaturaLifecycle" name="test_list_shape" time="0.079" /><testcase classname="backend.tests.test_iter626_paket29.TestEfaturaLifecycle" name="test_bulk_nov" time="0.077" /><testcase classname="backend.tests.test_iter626_paket29.TestEfaturaLifecycle" name="test_bulk_oct_idempotent" time="0.126" /><testcase classname="backend.tests.test_iter626_paket29.TestTranslationLock" name="test_get_admin_translations" time="0.071" /><testcase classname="backend.tests.test_iter626_paket29.TestTranslationLock" name="test_partial_approval_filters_public" time="0.270" /><testcase classname="backend.tests.test_iter626_paket29.TestTranslationLock" name="test_all_approved_shows_all" time="0.174" /><testcase classname="backend.tests.test_iter626_paket29.TestTranslationLock" name="test_all_unapproved_removes_en" time="0.217" /><testcase classname="backend.tests.test_iter626_paket29.TestTranslationLock" name="test_sitemap_hreflang_only_when_approved" time="0.145" /><testcase classname="backend.tests.test_iter626_paket29.TestTranslationLock" name="test_restore_original" time="0.079" /><testcase classname="backend.tests.test_iter626_paket29.TestCampaignStats" name="test_stats_shape" time="0.090" /><testcase classname="backend.tests.test_iter626_paket29.TestCampaignStats" name="test_page_view_increment" time="0.280" /><testcase classname="backend.tests.test_iter626_paket29.TestUpsellPayment" name="test_upsell_intent" time="0.564" /><testcase classname="backend.tests.test_iter626_paket29.TestUpsellPayment" name="test_upsell_intent_wrong_email" time="0.113" /><testcase classname="backend.tests.test_iter626_paket29.TestUpsellPayment" name="test_upsell_confirm_not_paid" time="0.281" /><testcase classname="backend.tests.test_iter626_paket29.TestUpsellPayment" name="test_add_upsell_unpaid_total" time="0.310" /></testsuite></testsuites>