<?xml version="1.0" encoding="utf-8"?><testsuites name="pytest tests"><testsuite name="pytest" errors="0" failures="2" skipped="0" tests="55" time="8.449" timestamp="2026-07-08T21:30:27.895067+00:00" hostname="agent-env-a9d7a5c1-de72-4617-a5b9-ed7dde4401f0"><testcase classname="tests.test_iter383_full_audit.TestAuth" name="test_login_bad_password" time="0.488" /><testcase classname="tests.test_iter383_full_audit.TestAuth" name="test_protected_requires_auth" time="0.145"><failure message="AssertionError: 404&#10;assert 404 in (401, 403, 422)&#10; +  where 404 = &lt;Response [404]&gt;.status_code">tests/test_iter383_full_audit.py:41: in test_protected_requires_auth
    assert r.status_code in (401, 403, 422), r.status_code
E   AssertionError: 404
E   assert 404 in (401, 403, 422)
E    +  where 404 = &lt;Response [404]&gt;.status_code</failure></testcase><testcase classname="tests.test_iter383_full_audit.TestAuth" name="test_me" time="0.491" /><testcase classname="tests.test_iter383_full_audit.TestDashboard" name="test_dashboard" time="0.105"><failure message="assert 404 == 200&#10; +  where 404 = &lt;Response [404]&gt;.status_code">tests/test_iter383_full_audit.py:53: in test_dashboard
    assert r.status_code == 200
E   assert 404 == 200
E    +  where 404 = &lt;Response [404]&gt;.status_code</failure></testcase><testcase classname="tests.test_iter383_full_audit.TestDashboard" name="test_properties_list" time="0.203" /><testcase classname="tests.test_iter383_full_audit.TestBookings" name="test_list_bookings" time="0.162" /><testcase classname="tests.test_iter383_full_audit.TestBookings" name="test_create_booking" time="0.158" /><testcase classname="tests.test_iter383_full_audit.TestPredictiveHK" name="test_forecast" time="0.156" /><testcase classname="tests.test_iter383_full_audit.TestPredictiveHK" name="test_forecast_all_properties" time="0.155" /><testcase classname="tests.test_iter383_full_audit.TestPredictiveHK" name="test_generate_tasks" time="0.266" /><testcase classname="tests.test_iter383_full_audit.TestPredictiveHK" name="test_generate_bad_date" time="0.124" /><testcase classname="tests.test_iter383_full_audit.TestPredictiveHK" name="test_generate_all_rejected" time="0.107" /><testcase classname="tests.test_iter383_full_audit.TestPredictiveHK" name="test_suggest_shifts" time="0.212" /><testcase classname="tests.test_iter383_full_audit.TestHurdleLRV" name="test_hurdle_forecast" time="0.123" /><testcase classname="tests.test_iter383_full_audit.TestHurdleLRV" name="test_save_config" time="0.171" /><testcase classname="tests.test_iter383_full_audit.TestHurdleLRV" name="test_save_config_invalid" time="0.166" /><testcase classname="tests.test_iter383_full_audit.TestAIPricingGuardrail" name="test_lrv_guardrail_clamp" time="0.322" /><testcase classname="tests.test_iter383_full_audit.TestSegmentForecast" name="test_segments_all" time="0.164" /><testcase classname="tests.test_iter383_full_audit.TestSegmentForecast" name="test_segments_property" time="0.118" /><testcase classname="tests.test_iter383_full_audit" name="test_smoke_no_500[/revenue/dashboard/aldgate-flats]" time="0.126" /><testcase classname="tests.test_iter383_full_audit" name="test_smoke_no_500[/revenue/rates-grid/aldgate-flats?days=14]" time="0.134" /><testcase classname="tests.test_iter383_full_audit" name="test_smoke_no_500[/revenue/ai-pricing/aldgate-flats/suggestions?days=14&amp;use_llm=false]" time="0.115" /><testcase classname="tests.test_iter383_full_audit" name="test_smoke_no_500[/revenue/ai-pricing/aldgate-flats/config]" time="0.110" /><testcase classname="tests.test_iter383_full_audit" name="test_smoke_no_500[/revenue/ai-pricing/aldgate-flats/history]" time="0.107" /><testcase classname="tests.test_iter383_full_audit" name="test_smoke_no_500[/revenue/pace/aldgate-flats]" time="0.127" /><testcase classname="tests.test_iter383_full_audit" name="test_smoke_no_500[/revenue/compset/aldgate-flats]" time="0.169" /><testcase classname="tests.test_iter383_full_audit" name="test_smoke_no_500[/revenue/parity-heatmap/aldgate-flats?days=14]" time="0.118" /><testcase classname="tests.test_iter383_full_audit" name="test_smoke_no_500[/forecast-v2/horizon/aldgate-flats?months=12]" time="0.131" /><testcase classname="tests.test_iter383_full_audit" name="test_smoke_no_500[/forecast-v2/demand-calendar/aldgate-flats?days=30]" time="0.225" /><testcase classname="tests.test_iter383_full_audit" name="test_smoke_no_500[/forecast-v2/two-year-summary/aldgate-flats]" time="0.123" /><testcase classname="tests.test_iter383_full_audit" name="test_smoke_no_500[/housekeeping/tasks]" time="0.111" /><testcase classname="tests.test_iter383_full_audit" name="test_smoke_no_500[/housekeeping/rooms]" time="0.115" /><testcase classname="tests.test_iter383_full_audit" name="test_smoke_no_500[/housekeeping/checklists]" time="0.126" /><testcase classname="tests.test_iter383_full_audit" name="test_smoke_no_500[/housekeeping/laundry]" time="0.118" /><testcase classname="tests.test_iter383_full_audit" name="test_smoke_no_500[/housekeeping/laundry/settings]" time="0.135" /><testcase classname="tests.test_iter383_full_audit" name="test_smoke_no_500[/housekeeping/turnover-board/aldgate-flats]" time="0.108" /><testcase classname="tests.test_iter383_full_audit" name="test_smoke_no_500[/housekeeping/ai-score/aldgate-flats]" time="0.114" /><testcase classname="tests.test_iter383_full_audit" name="test_smoke_no_500[/housekeeping/routes/aldgate-flats]" time="0.107" /><testcase classname="tests.test_iter383_full_audit" name="test_smoke_no_500[/housekeeping/qr-codes/aldgate-flats]" time="0.117" /><testcase classname="tests.test_iter383_full_audit" name="test_smoke_no_500[/guests]" time="0.120" /><testcase classname="tests.test_iter383_full_audit" name="test_smoke_no_500[/crm/360/summary]" time="0.113" /><testcase classname="tests.test_iter383_full_audit" name="test_smoke_no_500[/crm/rfm/aldgate-flats]" time="0.131" /><testcase classname="tests.test_iter383_full_audit" name="test_smoke_no_500[/reviews/inbox]" time="0.101" /><testcase classname="tests.test_iter383_full_audit" name="test_smoke_no_500[/finance/dashboard/aldgate-flats]" time="0.116" /><testcase classname="tests.test_iter383_full_audit" name="test_smoke_no_500[/finance/expenses]" time="0.116" /><testcase classname="tests.test_iter383_full_audit" name="test_smoke_no_500[/finance/payroll/shifts]" time="0.108" /><testcase classname="tests.test_iter383_full_audit" name="test_smoke_no_500[/channel-manager-v2/connections]" time="0.185" /><testcase classname="tests.test_iter383_full_audit" name="test_smoke_no_500[/channel-manager-v2/sync-logs]" time="0.106" /><testcase classname="tests.test_iter383_full_audit" name="test_smoke_no_500[/marketing/campaigns]" time="0.106" /><testcase classname="tests.test_iter383_full_audit" name="test_smoke_no_500[/marketing/automations]" time="0.139" /><testcase classname="tests.test_iter383_full_audit" name="test_smoke_no_500[/upsell/stats/aldgate-flats]" time="0.121" /><testcase classname="tests.test_iter383_full_audit" name="test_smoke_no_500[/users]" time="0.118" /><testcase classname="tests.test_iter383_full_audit" name="test_smoke_no_500[/admin/diagnostics/tasks]" time="0.110" /><testcase classname="tests.test_iter383_full_audit" name="test_smoke_no_500[/room-types?property_id=aldgate-flats]" time="0.102" /><testcase classname="tests.test_iter383_full_audit.TestPublic" name="test_booking_widget_data" time="0.105" /></testsuite></testsuites>