<?xml version="1.0" encoding="utf-8"?><testsuites name="pytest tests"><testsuite name="pytest" errors="0" failures="0" skipped="0" tests="17" time="58.953" timestamp="2026-08-27T16:45:09.352532+00:00" hostname="agent-env-a9d7a5c1-de72-4617-a5b9-ed7dde4401f0"><testcase classname="backend.tests.test_iter590_new_features.TestApprovalRBAC" name="test_get_config_default" time="2.226" /><testcase classname="backend.tests.test_iter590_new_features.TestApprovalRBAC" name="test_put_config_manager_forbidden" time="0.846" /><testcase classname="backend.tests.test_iter590_new_features.TestApprovalRBAC" name="test_put_config_admin_ok_and_restore" time="0.458" /><testcase classname="backend.tests.test_iter590_new_features.TestApprovalRBAC" name="test_full_rbac_flow" time="50.732" /><testcase classname="backend.tests.test_iter590_new_features.TestApprovalRBAC" name="test_admin_bypass" time="0.832" /><testcase classname="backend.tests.test_iter590_new_features.TestForecast730" name="test_get" time="0.203" /><testcase classname="backend.tests.test_iter590_new_features.TestForecast730" name="test_auth_required" time="0.302" /><testcase classname="backend.tests.test_iter590_new_features.TestCompAnomaly" name="test_scan" time="0.177" /><testcase classname="backend.tests.test_iter590_new_features.TestCompAnomaly" name="test_config_clamps" time="0.449" /><testcase classname="backend.tests.test_iter590_new_features.TestCompAnomaly" name="test_ignore_one" time="0.564" /><testcase classname="backend.tests.test_iter590_new_features.TestCompAnomaly" name="test_clean_median" time="0.405" /><testcase classname="backend.tests.test_iter590_new_features.TestProfitBenchmark" name="test_league" time="0.242" /><testcase classname="backend.tests.test_iter590_new_features.TestProfitBenchmark" name="test_months_clamp" time="0.585" /><testcase classname="backend.tests.test_iter590_new_features.TestRegression" name="test_rate_mix_all" time="0.305" /><testcase classname="backend.tests.test_iter590_new_features.TestRegression" name="test_rms_uplift" time="0.184" /><testcase classname="backend.tests.test_iter590_new_features.TestRegression" name="test_group_approval_list" time="0.145" /><testcase classname="backend.tests.test_iter590_new_features.TestRegression" name="test_segment_pricing" time="0.190" /></testsuite></testsuites>