<?xml version="1.0" encoding="utf-8"?><testsuites name="pytest tests"><testsuite name="pytest" errors="0" failures="0" skipped="0" tests="30" time="24.596" timestamp="2026-08-15T21:32:28.690863+00:00" hostname="agent-env-a9d7a5c1-de72-4617-a5b9-ed7dde4401f0"><testcase classname="backend.tests.test_iteration552_full_regression" name="test_providers_default_shape" time="1.705" /><testcase classname="backend.tests.test_iteration552_full_regression" name="test_siteminder_push_translated_preview" time="0.058" /><testcase classname="backend.tests.test_iteration552_full_regression" name="test_siteminder_certify_mocked" time="0.062" /><testcase classname="backend.tests.test_iteration552_full_regression" name="test_unknown_provider_404" time="0.097" /><testcase classname="backend.tests.test_iteration552_full_regression" name="test_mews_push_from_rms_live" time="1.711" /><testcase classname="backend.tests.test_iteration552_full_regression" name="test_mews_verify_push_live" time="8.566" /><testcase classname="backend.tests.test_iteration552_full_regression" name="test_mews_import_to_otb_idempotent" time="1.343" /><testcase classname="backend.tests.test_iteration552_full_regression" name="test_discover_mews_live" time="0.991" /><testcase classname="backend.tests.test_iteration552_full_regression" name="test_discover_apaleo_no_creds_400" time="0.056" /><testcase classname="backend.tests.test_iteration552_full_regression" name="test_rate_mapping_get_and_persist" time="0.176" /><testcase classname="backend.tests.test_iteration552_full_regression" name="test_night_push_toggle_and_run" time="7.441" /><testcase classname="backend.tests.test_iteration552_full_regression" name="test_health_channels_and_alerts" time="0.063" /><testcase classname="backend.tests.test_iteration552_full_regression" name="test_alerts_insert_get_resolve" time="0.299" /><testcase classname="backend.tests.test_iteration552_full_regression" name="test_morning_report_anomaly_line" time="0.115" /><testcase classname="backend.tests.test_iteration552_full_regression" name="test_revenue_by_channel_shape" time="0.076" /><testcase classname="backend.tests.test_iteration552_full_regression" name="test_commission_settings_save_and_reset" time="0.252" /><testcase classname="backend.tests.test_iteration552_full_regression" name="test_weekly_report_turkish" time="0.067" /><testcase classname="backend.tests.test_iteration552_full_regression" name="test_direct_booking_tips" time="0.104" /><testcase classname="backend.tests.test_iteration552_full_regression" name="test_executive_pdf" time="0.114" /><testcase classname="backend.tests.test_iteration552_full_regression" name="test_forecast_accuracy_14_rows" time="0.068" /><testcase classname="backend.tests.test_iteration552_full_regression" name="test_siteminder_partner_kit" time="0.083" /><testcase classname="backend.tests.test_iteration552_full_regression" name="test_ai_pricing_suggestions" time="0.106" /><testcase classname="backend.tests.test_iteration552_full_regression" name="test_elasticity" time="0.053" /><testcase classname="backend.tests.test_iteration552_full_regression" name="test_elasticity_history" time="0.049" /><testcase classname="backend.tests.test_iteration552_full_regression" name="test_simulator_run" time="0.095" /><testcase classname="backend.tests.test_iteration552_full_regression" name="test_simulator_bid_price" time="0.078" /><testcase classname="backend.tests.test_iteration552_full_regression" name="test_simulator_pitch_pdf" time="0.266" /><testcase classname="backend.tests.test_iteration552_full_regression" name="test_simulator_pitch_archive" time="0.053" /><testcase classname="backend.tests.test_iteration552_full_regression" name="test_hotelrunner_status_and_certify" time="0.130" /><testcase classname="backend.tests.test_iteration552_full_regression" name="test_cloudbeds_status_and_certify" time="0.110" /></testsuite></testsuites>