<?xml version="1.0" encoding="utf-8"?><testsuites name="pytest tests"><testsuite name="pytest" errors="0" failures="0" skipped="3" tests="24" time="4.756" timestamp="2026-08-02T20:53:27.217362+00:00" hostname="agent-env-a9d7a5c1-de72-4617-a5b9-ed7dde4401f0"><testcase classname="backend.tests.test_iteration508_deep_seal_regression.TestPickupPulse" name="test_pickup_24h_shape" time="0.607" /><testcase classname="backend.tests.test_iteration508_deep_seal_regression.TestPickupPulse" name="test_pickup_target_history" time="0.183" /><testcase classname="backend.tests.test_iteration508_deep_seal_regression.TestPickupPulse" name="test_pickup_by_channel" time="0.114" /><testcase classname="backend.tests.test_iteration508_deep_seal_regression.TestPickupPulse" name="test_pickup_target_upsert" time="0.153" /><testcase classname="backend.tests.test_iteration508_deep_seal_regression.TestPickupPulse" name="test_weekly_report" time="0.119" /><testcase classname="backend.tests.test_iteration508_deep_seal_regression.TestPickupPulse" name="test_weekly_report_send" time="0.177" /><testcase classname="backend.tests.test_iteration508_deep_seal_regression.TestPickupPulse" name="test_weekly_reports_archive" time="0.116" /><testcase classname="backend.tests.test_iteration508_deep_seal_regression.TestPayByLink" name="test_create_link" time="0.859" /><testcase classname="backend.tests.test_iteration508_deep_seal_regression.TestPayByLink" name="test_get_by_booking" time="0.140" /><testcase classname="backend.tests.test_iteration508_deep_seal_regression.TestPayByLink" name="test_history" time="0.120" /><testcase classname="backend.tests.test_iteration508_deep_seal_regression.TestPayByLink" name="test_stats" time="0.120" /><testcase classname="backend.tests.test_iteration508_deep_seal_regression.TestPayByLink" name="test_public_status" time="0.232" /><testcase classname="backend.tests.test_iteration508_deep_seal_regression.TestPayByLink" name="test_send_language_tr" time="0.115" /><testcase classname="backend.tests.test_iteration508_deep_seal_regression.TestPayByLink" name="test_bulk_send" time="0.125" /><testcase classname="backend.tests.test_iteration508_deep_seal_regression.TestPayByLink" name="test_insights" time="0.146" /><testcase classname="backend.tests.test_iteration508_deep_seal_regression.TestPayByLink" name="test_insights_apply" time="0.111" /><testcase classname="backend.tests.test_iteration508_deep_seal_regression.TestNotifications" name="test_all_notifications_include_types" time="0.190" /><testcase classname="backend.tests.test_iteration508_deep_seal_regression.TestEcoSweepEnergy" name="test_eco_sweep_trigger" time="0.129" /><testcase classname="backend.tests.test_iteration508_deep_seal_regression.TestEcoSweepEnergy" name="test_energy_report_shape" time="0.139" /><testcase classname="backend.tests.test_iteration508_deep_seal_regression.TestDepositPolicies" name="test_group_policy_matches" time="0.101"><skipped type="pytest.xfail" message="Expected 'Grup Depozitosu 30%' matching for rooms=4, got 'Last-minute 50%' dep=500.0. Evaluator ignores missing check_in for lead_days_lte trigger. Response: {'matched': True, 'policy': {'id': 'a1b8677c-38f3-42a9-a38c-f2b9a72599bc', 'name': 'Last-minute 50%'}, 'deposit_required': 500.0, 'due_within_hours': 24, 'non_refundable': True}" /></testcase><testcase classname="backend.tests.test_iteration508_deep_seal_regression.TestDepositPolicies" name="test_single_room_no_match" time="0.165"><skipped type="pytest.xfail" message="Single room unexpectedly matched policy 'Last-minute 50%'. Likely 'Last-minute 50%' matching without check_in date. Response: {'matched': True, 'policy': {'id': 'a1b8677c-38f3-42a9-a38c-f2b9a72599bc', 'name': 'Last-minute 50%'}, 'deposit_required': 500.0, 'due_within_hours': 24, 'non_refundable': True}" /></testcase><testcase classname="backend.tests.test_iteration508_deep_seal_regression.TestRegression" name="test_morning_brief_pickup" time="0.182" /><testcase classname="backend.tests.test_iteration508_deep_seal_regression.TestRegression" name="test_report_card_preview_pickup" time="0.135" /><testcase classname="backend.tests.test_iteration508_deep_seal_regression.TestScheduler" name="test_scheduler_configs_seeds" time="0.119"><skipped type="pytest.skip" message="/api/scheduler/configs status 404">/app/backend/tests/test_iteration508_deep_seal_regression.py:305: /api/scheduler/configs status 404</skipped></testcase></testsuite></testsuites>