<?xml version="1.0" encoding="utf-8"?><testsuites name="pytest tests"><testsuite name="pytest" errors="0" failures="1" skipped="0" tests="9" time="15.404" timestamp="2026-08-14T12:27:31.811854+00:00" hostname="agent-env-a9d7a5c1-de72-4617-a5b9-ed7dde4401f0"><testcase classname="tests.test_iteration526_ml_pickup" name="test_library_total_45_and_categories" time="0.738" /><testcase classname="tests.test_iteration526_ml_pickup" name="test_library_search_endojenite" time="0.235" /><testcase classname="tests.test_iteration526_ml_pickup" name="test_library_search_lightgbm" time="0.184" /><testcase classname="tests.test_iteration526_ml_pickup" name="test_library_veri_muhendisligi_10" time="0.143" /><testcase classname="tests.test_iteration526_ml_pickup" name="test_ml_pickup_default" time="0.274" /><testcase classname="tests.test_iteration526_ml_pickup" name="test_ml_pickup_city_gate" time="0.189" /><testcase classname="tests.test_iteration526_ml_pickup" name="test_internalize_returns_6_or_7_rules" time="0.276" /><testcase classname="tests.test_iteration526_ml_pickup" name="test_chat_risk_dates_reference" time="13.036"><failure message="AssertionError: empty reply: {'response': 'Önümüzdeki 2 haftada (14 gün ufuk) **boş kalma riski** yüksek gördüğüm geceler şunlar (model tahminim &lt;%50 nihai doluluk):\n\n- **17 Ağustos (Pzt)** – şu an **%50 (3/6)**  \n- **20 Ağustos (Per)** – şu an **%50 (3/6)**  \n- **22 Ağustos (Cts)** – model “boş gece riski” işaretli  \n- **28 Ağustos (Cum)** – model “boş gece riski” işaretli  \n- **29 Ağustos (Cts)** – model “boş gece riski” işaretli  \n\nBunlara ek not: 19 ve 21 Ağustos %83 (5/6) “boş gece” değil; burada hedef **fiyatı koruyup son odayı pahalı satmak**.\n\n---\n\n## Ne yapalım? (benim 3 hamle planım — ADR’i bozmadan doluluk)\n### 1) 17 &amp; 20 Ağustos: “fiyat kırma” değil, hedefli dolum\nHafızamdaki derse göre **hafta içi son 3 gün fiyat indirimleri** ölçümlerde işe yaramadı; o yüzden genel BAR’ı aşağı çekmek yerine:\n- **Sadece bu gecelere** (17 ve 20) **-8% ila -12%** hedefli ayar (tercihen Direct/Phone’a)  \n- Alternatif/tercihim: **2 gece köprü** yaratmak  \n  - **17+18** için (18 zaten dolu): 17’yi doldurmanın en temiz yolu  \n  - **20+21** için (21 %83): 20’yi 21’e bağla\n\n### 2) 22 / 28 / 29 Ağustos: erken “fence’li” teklif + taban fiyatı koru\nBu üç gece hafta sonuna denk geliyor; hafta sonu indirimleri görünür olursa ADR tabanını çürütür. Ben:\n- 22, 28, 29’u **şimdiden** (lead-time varken) doldururum:  \n  - **Kapalı kampanya (üye/mobil)**: dışarıdan “indirimli” görünmez  \n  - **Min 2 gece paketi** (özellikle 28–29’u birlikte satmak için)  \n- OTA’da mecbursak bile: indirimden çok **esneklik/değer** (iptal koşulu, geç çıkış) ile iterim.\n\n### 3) Dolu/son-oda günlerini “subsidiary” yapma: oralarda fiyatı düşürmek yasak\n15–16–18 %100; 19–21 son oda bandı. Bu günlerde indirim yaparsan boş geceleri dolduramazsın; sadece toplam kârı kesersin. Boş geceleri doldurma bütçemizi **sadece riskli gecelere** harcayacağız.\n\n---\n\n## Onay verirsen şimdi neyi uygulayayım?\nEn hızlı ve güvenli başlangıç: **17–20 Ağustos** için hedefli küçük düşüş (genel fiyat seviyesini bozmadan). Onaylıyorsan uyguluyorum:', 'action': {'type': 'rate_adjust_pct', 'start_date': '2026-08-17', 'end_date': '2026-08-20', 'pct': -10, 'summary': 'Boş kalma riski yüksek 17 ve 20 Ağu gecelerini doldurmak için hedefli -%10; dolu gecelere dokunmuyoruz, ADR tabanını koruyoruz.', 'id': '074b10b6', 'status': 'proposed'}, 'message_id': 'eb15e306'}&#10;assert ''">tests/test_iteration526_ml_pickup.py:110: in test_chat_risk_dates_reference
    assert reply, f"empty reply: {d}"
E   AssertionError: empty reply: {'response': 'Önümüzdeki 2 haftada (14 gün ufuk) **boş kalma riski** yüksek gördüğüm geceler şunlar (model tahminim &lt;%50 nihai doluluk):\n\n- **17 Ağustos (Pzt)** – şu an **%50 (3/6)**  \n- **20 Ağustos (Per)** – şu an **%50 (3/6)**  \n- **22 Ağustos (Cts)** – model “boş gece riski” işaretli  \n- **28 Ağustos (Cum)** – model “boş gece riski” işaretli  \n- **29 Ağustos (Cts)** – model “boş gece riski” işaretli  \n\nBunlara ek not: 19 ve 21 Ağustos %83 (5/6) “boş gece” değil; burada hedef **fiyatı koruyup son odayı pahalı satmak**.\n\n---\n\n## Ne yapalım? (benim 3 hamle planım — ADR’i bozmadan doluluk)\n### 1) 17 &amp; 20 Ağustos: “fiyat kırma” değil, hedefli dolum\nHafızamdaki derse göre **hafta içi son 3 gün fiyat indirimleri** ölçümlerde işe yaramadı; o yüzden genel BAR’ı aşağı çekmek yerine:\n- **Sadece bu gecelere** (17 ve 20) **-8% ila -12%** hedefli ayar (tercihen Direct/Phone’a)  \n- Alternatif/tercihim: **2 gece köprü** yaratmak  \n  - **17+18** için (18 zaten dolu): 17’yi doldurmanın en temiz yolu  \n  - **20+21** için (21 %83): 20’yi 21’e bağla\n\n### 2) 22 / 28 / 29 Ağustos: erken “fence’li” teklif + taban fiyatı koru\nBu üç gece hafta sonuna denk geliyor; hafta sonu indirimleri görünür olursa ADR tabanını çürütür. Ben:\n- 22, 28, 29’u **şimdiden** (lead-time varken) doldururum:  \n  - **Kapalı kampanya (üye/mobil)**: dışarıdan “indirimli” görünmez  \n  - **Min 2 gece paketi** (özellikle 28–29’u birlikte satmak için)  \n- OTA’da mecbursak bile: indirimden çok **esneklik/değer** (iptal koşulu, geç çıkış) ile iterim.\n\n### 3) Dolu/son-oda günlerini “subsidiary” yapma: oralarda fiyatı düşürmek yasak\n15–16–18 %100; 19–21 son oda bandı. Bu günlerde indirim yaparsan boş geceleri dolduramazsın; sadece toplam kârı kesersin. Boş geceleri doldurma bütçemizi **sadece riskli gecelere** harcayacağız.\n\n---\n\n## Onay verirsen şimdi neyi uygulayayım?\nEn hızlı ve güvenli başlangıç: **17–20 Ağustos** için hedefli küçük düşüş (genel fiyat seviyesini bozmadan). Onaylıyorsan uyguluyorum:', 'action': {'type': 'rate_adjust_pct', 'start_date': '2026-08-17', 'end_date': '2026-08-20', 'pct': -10, 'summary': 'Boş kalma riski yüksek 17 ve 20 Ağu gecelerini doldurmak için hedefli -%10; dolu gecelere dokunmuyoruz, ADR tabanını koruyoruz.', 'id': '074b10b6', 'status': 'proposed'}, 'message_id': 'eb15e306'}
E   assert ''</failure></testcase><testcase classname="tests.test_iteration526_ml_pickup" name="test_city_gate_learn_regression" time="0.224" /></testsuite></testsuites>