<?xml version="1.0" encoding="utf-8"?><testsuites name="pytest tests"><testsuite name="pytest" errors="0" failures="0" skipped="0" tests="10" time="1.314" timestamp="2026-07-28T10:38:49.556273+00:00" hostname="agent-env-a9d7a5c1-de72-4617-a5b9-ed7dde4401f0"><testcase classname="backend.tests.test_iteration481_revenue_brain.TestLearnAldgate" name="test_learn_cycle" time="0.530" /><testcase classname="backend.tests.test_iteration481_revenue_brain.TestLearnAldgate" name="test_status" time="0.054" /><testcase classname="backend.tests.test_iteration481_revenue_brain.TestGoal" name="test_set_goal_valid" time="0.050" /><testcase classname="backend.tests.test_iteration481_revenue_brain.TestGoal" name="test_set_goal_zero" time="0.073" /><testcase classname="backend.tests.test_iteration481_revenue_brain.TestGoal" name="test_set_goal_negative" time="0.054" /><testcase classname="backend.tests.test_iteration481_revenue_brain.TestGoal" name="test_status_has_goal" time="0.052" /><testcase classname="backend.tests.test_iteration481_revenue_brain.TestSelfTuningE2E" name="test_full_flow" time="0.280" /><testcase classname="backend.tests.test_iteration481_revenue_brain.TestCronEvidence" name="test_brain_state_entries" time="0.001" /><testcase classname="backend.tests.test_iteration481_revenue_brain.TestStrategistLessonsCode" name="test_prompt_includes_lessons" time="0.000" /><testcase classname="backend.tests.test_iteration481_revenue_brain.TestRegression" name="test_ai_pricing_suggestions_default" time="0.067" /></testsuite></testsuites>