<?xml version="1.0" encoding="utf-8"?><testsuites name="pytest tests"><testsuite name="pytest" errors="0" failures="0" skipped="0" tests="5" time="6.455" timestamp="2026-09-02T09:56:16.181750+00:00" hostname="agent-env-a9d7a5c1-de72-4617-a5b9-ed7dde4401f0"><testcase classname="backend.tests.test_iter607.TestWidgetGerman" name="test_check_availability_de_signals" time="4.156" /><testcase classname="backend.tests.test_iter607.TestWidgetGerman" name="test_minstay_restriction_de" time="0.141" /><testcase classname="backend.tests.test_iter607.TestOtaConversion" name="test_banner_view_and_booking_and_report" time="1.154" /><testcase classname="backend.tests.test_iter607.TestOtaConversion" name="test_cleanup" time="0.073" /><testcase classname="backend.tests.test_iter607.TestRampLadderConfig" name="test_put_get_config_and_scan" time="0.826" /></testsuite></testsuites>