<?xml version="1.0" encoding="utf-8"?><testsuites name="pytest tests"><testsuite name="pytest" errors="0" failures="0" skipped="0" tests="7" time="10.934" timestamp="2026-08-14T14:50:59.413718+00:00" hostname="agent-env-a9d7a5c1-de72-4617-a5b9-ed7dde4401f0"><testcase classname="backend.tests.test_iteration536_new_features.TestMarketingRadar" name="test_get_radar" time="0.989" /><testcase classname="backend.tests.test_iteration536_new_features.TestMarketingRadar" name="test_activate_campaign" time="0.423" /><testcase classname="backend.tests.test_iteration536_new_features.TestBIChat" name="test_ask_and_history" time="6.175" /><testcase classname="backend.tests.test_iteration536_new_features.TestStrategyDirectives" name="test_add_list_delete" time="2.583" /><testcase classname="backend.tests.test_iteration536_new_features.TestStrategyDirectives" name="test_too_short" time="0.151" /><testcase classname="backend.tests.test_iteration536_new_features.TestParkingRMS" name="test_get" time="0.166" /><testcase classname="backend.tests.test_iteration536_new_features.TestParkingRMS" name="test_save_settings" time="0.371" /></testsuite></testsuites>