<?xml version="1.0" encoding="utf-8"?><testsuites name="pytest tests"><testsuite name="pytest" errors="0" failures="0" skipped="0" tests="11" time="5.785" timestamp="2026-09-01T14:25:39.504820+00:00" hostname="agent-env-a9d7a5c1-de72-4617-a5b9-ed7dde4401f0"><testcase classname="backend.tests.test_uk_payroll_iter601" name="test_robot_run_no_force_guard" time="3.125" /><testcase classname="backend.tests.test_uk_payroll_iter601" name="test_robot_run_force_no_shifts" time="0.076" /><testcase classname="backend.tests.test_uk_payroll_iter601" name="test_automation_settings_has_uk_payroll_run" time="0.202" /><testcase classname="backend.tests.test_uk_payroll_iter601" name="test_scheduler_trigger_uk_payroll_run" time="0.081" /><testcase classname="backend.tests.test_uk_payroll_iter601" name="test_p45_offboard_reinstate_flow" time="0.582" /><testcase classname="backend.tests.test_uk_payroll_iter601" name="test_portal_me_summary_admin_unlinked" time="0.073" /><testcase classname="backend.tests.test_uk_payroll_iter601" name="test_portal_me_summary_linked_with_temp_email" time="0.523" /><testcase classname="backend.tests.test_uk_payroll_iter601" name="test_payslip_pdf_admin_access" time="0.285" /><testcase classname="backend.tests.test_uk_payroll_iter601" name="test_preview_totals_has_pension_keys" time="0.078" /><testcase classname="backend.tests.test_uk_payroll_iter601" name="test_pension_opted_out_zero" time="0.328" /><testcase classname="backend.tests.test_uk_payroll_iter601" name="test_regression_rates_runs_payslips" time="0.324" /></testsuite></testsuites>