<?xml version="1.0" encoding="utf-8"?><testsuites name="pytest tests"><testsuite name="pytest" errors="0" failures="0" skipped="0" tests="8" time="4.348" timestamp="2026-07-28T00:50:03.118163+00:00" hostname="agent-env-a9d7a5c1-de72-4617-a5b9-ed7dde4401f0"><testcase classname="backend.tests.test_iteration480_str_pressure_ai_pricing" name="test_str_overview_default_property_has_live" time="2.653" /><testcase classname="backend.tests.test_iteration480_str_pressure_ai_pricing" name="test_str_snapshots_default_property" time="0.008" /><testcase classname="backend.tests.test_iteration480_str_pressure_ai_pricing" name="test_str_scan_status_cron_evidence" time="0.001" /><testcase classname="backend.tests.test_iteration480_str_pressure_ai_pricing" name="test_ai_pricing_suggestions_have_str_fields" time="0.074" /><testcase classname="backend.tests.test_iteration480_str_pressure_ai_pricing" name="test_str_pressure_multiplier_injection" time="1.110" /><testcase classname="backend.tests.test_iteration480_str_pressure_ai_pricing" name="test_ai_pricing_cadence" time="0.066" /><testcase classname="backend.tests.test_iteration480_str_pressure_ai_pricing" name="test_ai_pricing_run_auto_apply_returns" time="0.108" /><testcase classname="backend.tests.test_iteration480_str_pressure_ai_pricing" name="test_base_curve_config_and_preview" time="0.169" /></testsuite></testsuites>