<?xml version="1.0" encoding="utf-8"?><testsuites name="pytest tests"><testsuite name="pytest" errors="0" failures="0" skipped="0" tests="5" time="6.879" timestamp="2026-09-09T15:19:05.816656+00:00" hostname="agent-env-a9d7a5c1-de72-4617-a5b9-ed7dde4401f0"><testcase classname="backend.tests.test_iter637_paket39_retest.TestBeSettings" name="test_tax_exclusive_persists_full_string" time="4.505" /><testcase classname="backend.tests.test_iter637_paket39_retest.TestBeSettings" name="test_bogus_enum_422" time="0.176" /><testcase classname="backend.tests.test_iter637_paket39_retest.TestBeSettings" name="test_restore_auto_by_market" time="0.441" /><testcase classname="backend.tests.test_iter637_paket39_retest.TestStripePaymentIntents" name="test_pay_balance_intent_has_client_secret" time="0.710" /><testcase classname="backend.tests.test_iter637_paket39_retest.TestStripePaymentIntents" name="test_split_intent_has_client_secret" time="0.962" /></testsuite></testsuites>