<?xml version="1.0" encoding="utf-8"?><testsuites name="pytest tests"><testsuite name="pytest" errors="0" failures="0" skipped="0" tests="10" time="3.700" timestamp="2026-08-28T15:58:50.264760+00:00" hostname="agent-env-a9d7a5c1-de72-4617-a5b9-ed7dde4401f0"><testcase classname="backend.tests.test_iter597_rebase_email_abs_auto" name="test_email_report_ok" time="1.650" /><testcase classname="backend.tests.test_iter597_rebase_email_abs_auto" name="test_email_report_invalid_email" time="0.236" /><testcase classname="backend.tests.test_iter597_rebase_email_abs_auto" name="test_email_report_missing_report" time="0.124" /><testcase classname="backend.tests.test_iter597_rebase_email_abs_auto" name="test_auto_pricing_toggle_on" time="0.267" /><testcase classname="backend.tests.test_iter597_rebase_email_abs_auto" name="test_price_suggestions_has_auto_fields" time="0.271" /><testcase classname="backend.tests.test_iter597_rebase_email_abs_auto" name="test_auto_pricing_run" time="0.210" /><testcase classname="backend.tests.test_iter597_rebase_email_abs_auto" name="test_price_log_populated" time="0.206" /><testcase classname="backend.tests.test_iter597_rebase_email_abs_auto" name="test_last_auto_run_set" time="0.257" /><testcase classname="backend.tests.test_iter597_rebase_email_abs_auto" name="test_notification_created" time="0.182" /><testcase classname="backend.tests.test_iter597_rebase_email_abs_auto" name="test_cleanup_auto_pricing_off" time="0.159" /></testsuite></testsuites>