<?xml version="1.0" encoding="utf-8"?><testsuites name="pytest tests"><testsuite name="pytest" errors="0" failures="1" skipped="0" tests="10" time="6.047" timestamp="2026-09-08T12:37:55.934972+00:00" hostname="agent-env-a9d7a5c1-de72-4617-a5b9-ed7dde4401f0"><testcase classname="tests.test_iter629_paket32.TestPhotosNormalize" name="test_mixed_data_url_and_path" time="1.260" /><testcase classname="tests.test_iter629_paket32.TestPhotosNormalize" name="test_passthrough_dict_objects" time="0.196" /><testcase classname="tests.test_iter629_paket32.TestAccountant" name="test_settings_put_and_echo" time="0.319"><failure message="AssertionError: assert None == 'muhasebe@example.com'&#10; +  where None = &lt;built-in method get of dict object at 0xfc8d37e70940&gt;('accountant_email')&#10; +    where &lt;built-in method get of dict object at 0xfc8d37e70940&gt; = {'ok': True, 'settings': {'accountant_email': 'muhasebe@example.com', 'accountant_name': 'Ayşe', 'api_key_masked': '••••9876', 'auto_invoice_type': 'earsiv', ...}}.get">tests/test_iter629_paket32.py:105: in test_settings_put_and_echo
    assert d.get("accountant_email") == "muhasebe@example.com"
E   AssertionError: assert None == 'muhasebe@example.com'
E    +  where None = &lt;built-in method get of dict object at 0xfc8d37e70940&gt;('accountant_email')
E    +    where &lt;built-in method get of dict object at 0xfc8d37e70940&gt; = {'ok': True, 'settings': {'accountant_email': 'muhasebe@example.com', 'accountant_name': 'Ayşe', 'api_key_masked': '••••9876', 'auto_invoice_type': 'earsiv', ...}}.get</failure></testcase><testcase classname="tests.test_iter629_paket32.TestAccountant" name="test_archive_send_ok_2026_09" time="0.924" /><testcase classname="tests.test_iter629_paket32.TestAccountant" name="test_archive_send_empty_month_404" time="0.152" /><testcase classname="tests.test_iter629_paket32.TestAccountant" name="test_missing_accountant_email_422" time="0.627" /><testcase classname="tests.test_iter629_paket32.TestAccountant" name="test_history_no_token" time="0.161" /><testcase classname="tests.test_iter629_paket32.TestAccountant" name="test_public_download_by_token" time="0.844" /><testcase classname="tests.test_iter629_paket32.TestABAutoClose" name="test_worker_and_restore" time="0.699" /><testcase classname="tests.test_iter629_paket32.TestABAutoClose" name="test_site_persistence_ab_auto_n" time="0.750" /></testsuite></testsuites>