<?xml version="1.0" encoding="utf-8"?><testsuites name="pytest tests"><testsuite name="pytest" errors="0" failures="1" skipped="0" tests="20" time="11.487" timestamp="2026-09-09T15:09:12.708524+00:00" hostname="agent-env-a9d7a5c1-de72-4617-a5b9-ed7dde4401f0"><testcase classname="backend.tests.test_iter636_paket39.TestFunnel" name="test_invalid_step_422" time="2.786" /><testcase classname="backend.tests.test_iter636_paket39.TestFunnel" name="test_two_sessions_and_report" time="2.234" /><testcase classname="backend.tests.test_iter636_paket39.TestIcsPdf" name="test_ics_ok" time="0.449" /><testcase classname="backend.tests.test_iter636_paket39.TestIcsPdf" name="test_pdf_ok" time="0.201" /><testcase classname="backend.tests.test_iter636_paket39.TestIcsPdf" name="test_wrong_email_404" time="0.199" /><testcase classname="backend.tests.test_iter636_paket39.TestRoomReviews" name="test_get_room_reviews" time="0.143" /><testcase classname="backend.tests.test_iter636_paket39.TestRoomReviews" name="test_tag_invalid_room_422" time="0.311" /><testcase classname="backend.tests.test_iter636_paket39.TestRoomReviews" name="test_tag_valid_then_show" time="0.493" /><testcase classname="backend.tests.test_iter636_paket39.TestGuestAccount" name="test_magic_link_and_session" time="1.072" /><testcase classname="backend.tests.test_iter636_paket39.TestGuestAccount" name="test_invalid_email_422" time="0.132" /><testcase classname="backend.tests.test_iter636_paket39.TestPaymentPlans" name="test_admin_list_schedules" time="0.182" /><testcase classname="backend.tests.test_iter636_paket39.TestPaymentPlans" name="test_save_settings" time="0.184" /><testcase classname="backend.tests.test_iter636_paket39.TestPaymentPlans" name="test_run_now" time="0.180" /><testcase classname="backend.tests.test_iter636_paket39.TestPaymentPlans" name="test_split_flow" time="1.585" /><testcase classname="backend.tests.test_iter636_paket39.TestPriceDisplayMetasearch" name="test_be_settings_defaults" time="0.210" /><testcase classname="backend.tests.test_iter636_paket39.TestPriceDisplayMetasearch" name="test_set_and_restore_price_display" time="0.319"><failure message="Failed: BUG be_gaps.py:59 truncates price_display_mode to 10 chars: got 'tax_exclus' instead of 'tax_exclusive'">E   Failed: BUG be_gaps.py:59 truncates price_display_mode to 10 chars: got 'tax_exclus' instead of 'tax_exclusive'</failure></testcase><testcase classname="backend.tests.test_iter636_paket39.TestPriceDisplayMetasearch" name="test_metasearch_feeds[trivago]" time="0.168" /><testcase classname="backend.tests.test_iter636_paket39.TestPriceDisplayMetasearch" name="test_metasearch_feeds[tripadvisor]" time="0.193" /><testcase classname="backend.tests.test_iter636_paket39.TestPriceDisplayMetasearch" name="test_metasearch_feeds[bing]" time="0.159" /><testcase classname="backend.tests.test_iter636_paket39.TestPriceDisplayMetasearch" name="test_metasearch_status" time="0.152" /></testsuite></testsuites>