<?xml version="1.0" encoding="utf-8"?><testsuites name="pytest tests"><testsuite name="pytest" errors="0" failures="0" skipped="0" tests="10" time="10.990" timestamp="2026-08-28T14:23:21.588248+00:00" hostname="agent-env-a9d7a5c1-de72-4617-a5b9-ed7dde4401f0"><testcase classname="backend.tests.test_iter595_rebase_impact.TestRebaseImpact" name="test_defaults_admin" time="0.785" /><testcase classname="backend.tests.test_iter595_rebase_impact.TestRebaseImpact" name="test_defaults_no_auth_401" time="0.166" /><testcase classname="backend.tests.test_iter595_rebase_impact.TestRebaseImpact" name="test_defaults_sales_manager_allowed_or_forbidden" time="0.608" /><testcase classname="backend.tests.test_iter595_rebase_impact.TestRebaseImpact" name="test_analyze_default" time="0.180" /><testcase classname="backend.tests.test_iter595_rebase_impact.TestRebaseImpact" name="test_analyze_manual_targets_increase_loss" time="0.495" /><testcase classname="backend.tests.test_iter595_rebase_impact.TestRebaseImpact" name="test_ai_comment_valid_report" time="6.433" /><testcase classname="backend.tests.test_iter595_rebase_impact.TestRebaseImpact" name="test_ai_comment_invalid_report_404" time="0.167" /><testcase classname="backend.tests.test_iter595_rebase_impact.TestRebaseImpact" name="test_history" time="0.193" /><testcase classname="backend.tests.test_iter595_rebase_impact.TestSplitPaymentStatus" name="test_split_second_booking_pending" time="1.194" /><testcase classname="backend.tests.test_iter595_rebase_impact.TestMenuOverridesFix" name="test_put_hidden_false_removes_override" time="0.663" /></testsuite></testsuites>