<?xml version="1.0" encoding="utf-8"?><testsuites name="pytest tests"><testsuite name="pytest" errors="0" failures="0" skipped="0" tests="8" time="8.261" timestamp="2026-08-14T11:39:18.422507+00:00" hostname="agent-env-a9d7a5c1-de72-4617-a5b9-ed7dde4401f0"><testcase classname="tests.test_iteration522_rm_expertise" name="test_knowledge_all" time="0.565" /><testcase classname="tests.test_iteration522_rm_expertise" name="test_knowledge_filter_rakipler" time="0.203" /><testcase classname="tests.test_iteration522_rm_expertise" name="test_analyze_sensitivity" time="0.142" /><testcase classname="tests.test_iteration522_rm_expertise" name="test_get_sensitivity" time="0.146" /><testcase classname="tests.test_iteration522_rm_expertise" name="test_expert_brief_latest_ok" time="0.174" /><testcase classname="tests.test_iteration522_rm_expertise" name="test_chat_run_optimizer_and_apply" time="5.228" /><testcase classname="tests.test_iteration522_rm_expertise" name="test_learn_refreshes_sensitivity" time="1.602" /><testcase classname="tests.test_iteration522_rm_expertise" name="test_regression_status" time="0.131" /></testsuite></testsuites>