<?xml version="1.0" encoding="utf-8"?><testsuites name="pytest tests"><testsuite name="pytest" errors="0" failures="0" skipped="0" tests="18" time="4.733" timestamp="2026-04-28T06:19:42.741539+00:00" hostname="agent-env-a9d7a5c1-de72-4617-a5b9-ed7dde4401f0"><testcase classname="backend.tests.test_iteration235_forecast_v2.TestForecastV2Horizon" name="test_horizon_default_24_months" time="0.632" /><testcase classname="backend.tests.test_iteration235_forecast_v2.TestForecastV2Horizon" name="test_horizon_custom_months" time="0.677" /><testcase classname="backend.tests.test_iteration235_forecast_v2.TestForecastV2Horizon" name="test_horizon_validation_months_too_low" time="0.105" /><testcase classname="backend.tests.test_iteration235_forecast_v2.TestForecastV2Horizon" name="test_horizon_validation_months_too_high" time="0.111" /><testcase classname="backend.tests.test_iteration235_forecast_v2.TestForecastV2Horizon" name="test_horizon_requires_auth" time="0.110" /><testcase classname="backend.tests.test_iteration235_forecast_v2.TestForecastV2DemandCalendar" name="test_demand_calendar_default_90_days" time="0.122" /><testcase classname="backend.tests.test_iteration235_forecast_v2.TestForecastV2DemandCalendar" name="test_demand_calendar_custom_days" time="0.475" /><testcase classname="backend.tests.test_iteration235_forecast_v2.TestForecastV2DemandCalendar" name="test_demand_calendar_validation_days_too_low" time="0.101" /><testcase classname="backend.tests.test_iteration235_forecast_v2.TestForecastV2DemandCalendar" name="test_demand_calendar_validation_days_too_high" time="0.116" /><testcase classname="backend.tests.test_iteration235_forecast_v2.TestForecastV2DemandCalendar" name="test_demand_calendar_tier_values" time="0.152" /><testcase classname="backend.tests.test_iteration235_forecast_v2.TestForecastV2DemandCalendar" name="test_demand_calendar_requires_auth" time="0.162" /><testcase classname="backend.tests.test_iteration235_forecast_v2.TestForecastV2PickupCurve" name="test_pickup_curve_valid_date" time="0.130" /><testcase classname="backend.tests.test_iteration235_forecast_v2.TestForecastV2PickupCurve" name="test_pickup_curve_invalid_date_format" time="0.108" /><testcase classname="backend.tests.test_iteration235_forecast_v2.TestForecastV2PickupCurve" name="test_pickup_curve_invalid_date_format_2" time="0.105" /><testcase classname="backend.tests.test_iteration235_forecast_v2.TestForecastV2PickupCurve" name="test_pickup_curve_requires_auth" time="0.104" /><testcase classname="backend.tests.test_iteration235_forecast_v2.TestForecastV2RBAC" name="test_receptionist_can_access_demand_calendar" time="0.506" /><testcase classname="backend.tests.test_iteration235_forecast_v2.TestForecastV2RBAC" name="test_receptionist_cannot_access_horizon" time="0.460" /><testcase classname="backend.tests.test_iteration235_forecast_v2.TestForecastV2RBAC" name="test_receptionist_cannot_access_pickup_curve" time="0.455" /></testsuite></testsuites>