<?xml version="1.0" encoding="utf-8"?><testsuites name="pytest tests"><testsuite name="pytest" errors="0" failures="0" skipped="0" tests="18" time="12.259" timestamp="2026-05-13T20:13:26.202194+00:00" hostname="agent-env-a9d7a5c1-de72-4617-a5b9-ed7dde4401f0"><testcase classname="backend.tests.test_iteration274_team_chat.TestTeamChatChannels" name="test_channels_seed_on_first_call" time="1.726" /><testcase classname="backend.tests.test_iteration274_team_chat.TestTeamChatChannels" name="test_channels_idempotent_seeding" time="0.643" /><testcase classname="backend.tests.test_iteration274_team_chat.TestTeamChatChannels" name="test_channels_enriched_with_last_message_and_unread" time="0.509" /><testcase classname="backend.tests.test_iteration274_team_chat.TestTeamChatChannels" name="test_create_channel_admin_success" time="0.479" /><testcase classname="backend.tests.test_iteration274_team_chat.TestTeamChatChannels" name="test_create_channel_invalid_kind_400" time="0.508" /><testcase classname="backend.tests.test_iteration274_team_chat.TestTeamChatChannels" name="test_create_channel_valid_kinds" time="0.770" /><testcase classname="backend.tests.test_iteration274_team_chat.TestTeamChatMessages" name="test_list_messages_empty_channel" time="0.619" /><testcase classname="backend.tests.test_iteration274_team_chat.TestTeamChatMessages" name="test_list_messages_nonexistent_channel_404" time="0.607" /><testcase classname="backend.tests.test_iteration274_team_chat.TestTeamChatMessages" name="test_post_message_success" time="0.577" /><testcase classname="backend.tests.test_iteration274_team_chat.TestTeamChatMessages" name="test_post_message_nonexistent_channel_404" time="0.684" /><testcase classname="backend.tests.test_iteration274_team_chat.TestTeamChatMessages" name="test_post_message_auto_marks_read_for_sender" time="0.707" /><testcase classname="backend.tests.test_iteration274_team_chat.TestTeamChatReadReceipts" name="test_mark_read_success" time="0.649" /><testcase classname="backend.tests.test_iteration274_team_chat.TestTeamChatReadReceipts" name="test_mark_read_nonexistent_channel_404" time="0.632" /><testcase classname="backend.tests.test_iteration274_team_chat.TestTeamChatReadReceipts" name="test_unread_counts_endpoint" time="0.585" /><testcase classname="backend.tests.test_iteration274_team_chat.TestTeamChatDM" name="test_dm_self_400" time="0.534" /><testcase classname="backend.tests.test_iteration274_team_chat.TestTeamChatDM" name="test_dm_nonexistent_user_404" time="0.529" /><testcase classname="backend.tests.test_iteration274_team_chat.TestTeamChatVisibility" name="test_admin_sees_all_channels" time="0.494" /><testcase classname="backend.tests.test_iteration274_team_chat.TestTeamChatIntegration" name="test_full_chat_flow" time="0.888" /></testsuite></testsuites>