<?xml version="1.0" encoding="utf-8"?><testsuites name="pytest tests"><testsuite name="pytest" errors="0" failures="0" skipped="0" tests="44" time="18.561" timestamp="2026-05-14T10:04:13.985284+00:00" hostname="agent-env-a9d7a5c1-de72-4617-a5b9-ed7dde4401f0"><testcase classname="backend.tests.test_iteration284_agency_concierge_review.TestAgencyAdminCRUD" name="test_create_agency_success" time="0.685" /><testcase classname="backend.tests.test_iteration284_agency_concierge_review.TestAgencyAdminCRUD" name="test_create_agency_missing_fields" time="0.056" /><testcase classname="backend.tests.test_iteration284_agency_concierge_review.TestAgencyAdminCRUD" name="test_create_agency_duplicate_email" time="0.186" /><testcase classname="backend.tests.test_iteration284_agency_concierge_review.TestAgencyAdminCRUD" name="test_list_agencies" time="0.062" /><testcase classname="backend.tests.test_iteration284_agency_concierge_review.TestAgencyAdminCRUD" name="test_get_agency_by_id" time="0.073" /><testcase classname="backend.tests.test_iteration284_agency_concierge_review.TestAgencyAdminCRUD" name="test_patch_agency" time="0.114" /><testcase classname="backend.tests.test_iteration284_agency_concierge_review.TestAgencyAdminCRUD" name="test_set_credentials_generates_pin" time="0.333" /><testcase classname="backend.tests.test_iteration284_agency_concierge_review.TestAgencyContractCRUD" name="test_create_contract_success" time="0.113" /><testcase classname="backend.tests.test_iteration284_agency_concierge_review.TestAgencyContractCRUD" name="test_create_contract_with_stay_pay_promo" time="0.144" /><testcase classname="backend.tests.test_iteration284_agency_concierge_review.TestAgencyContractCRUD" name="test_create_contract_with_early_bird_promo" time="0.216" /><testcase classname="backend.tests.test_iteration284_agency_concierge_review.TestAgencyContractCRUD" name="test_list_contracts_filter_by_agency" time="0.116" /><testcase classname="backend.tests.test_iteration284_agency_concierge_review.TestAgencyContractCRUD" name="test_list_contracts_filter_by_property" time="0.058" /><testcase classname="backend.tests.test_iteration284_agency_concierge_review.TestAgencyContractCRUD" name="test_patch_contract" time="0.065" /><testcase classname="backend.tests.test_iteration284_agency_concierge_review.TestAgencyContractCRUD" name="test_delete_contract" time="0.160" /><testcase classname="backend.tests.test_iteration284_agency_concierge_review.TestAgencySelfServiceAuth" name="test_agency_login_success" time="0.769" /><testcase classname="backend.tests.test_iteration284_agency_concierge_review.TestAgencySelfServiceAuth" name="test_agency_login_invalid_pin" time="0.362" /><testcase classname="backend.tests.test_iteration284_agency_concierge_review.TestAgencySelfServiceAuth" name="test_agency_login_invalid_email" time="0.226" /><testcase classname="backend.tests.test_iteration284_agency_concierge_review.TestAgencySelfServiceAuth" name="test_agency_me_endpoint" time="0.510" /><testcase classname="backend.tests.test_iteration284_agency_concierge_review.TestAgencySelfServiceAuth" name="test_token_segregation_agency_cannot_access_staff_me" time="0.068" /><testcase classname="backend.tests.test_iteration284_agency_concierge_review.TestAgencySelfServiceAuth" name="test_token_segregation_staff_cannot_access_agency_me" time="0.073" /><testcase classname="backend.tests.test_iteration284_agency_concierge_review.TestAgencySelfServiceFlows" name="test_agency_dashboard" time="0.076" /><testcase classname="backend.tests.test_iteration284_agency_concierge_review.TestAgencySelfServiceFlows" name="test_agency_contracts_list" time="0.141" /><testcase classname="backend.tests.test_iteration284_agency_concierge_review.TestAgencySelfServiceFlows" name="test_agency_quote_basic" time="0.073" /><testcase classname="backend.tests.test_iteration284_agency_concierge_review.TestAgencySelfServiceFlows" name="test_agency_quote_stay_pay_promo" time="0.100" /><testcase classname="backend.tests.test_iteration284_agency_concierge_review.TestAgencySelfServiceFlows" name="test_agency_quote_no_contract" time="0.102" /><testcase classname="backend.tests.test_iteration284_agency_concierge_review.TestAgencySelfServiceFlows" name="test_agency_booking_creation" time="0.124" /><testcase classname="backend.tests.test_iteration284_agency_concierge_review.TestAgencySelfServiceFlows" name="test_agency_bookings_list" time="0.097" /><testcase classname="backend.tests.test_iteration284_agency_concierge_review.TestWebConcierge" name="test_widget_config_public_no_auth" time="0.163" /><testcase classname="backend.tests.test_iteration284_agency_concierge_review.TestWebConcierge" name="test_widget_config_auto_creates" time="0.162" /><testcase classname="backend.tests.test_iteration284_agency_concierge_review.TestWebConcierge" name="test_chat_public_no_auth" time="1.228" /><testcase classname="backend.tests.test_iteration284_agency_concierge_review.TestWebConcierge" name="test_chat_session_persistence" time="2.192" /><testcase classname="backend.tests.test_iteration284_agency_concierge_review.TestWebConcierge" name="test_chat_fallback_works" time="2.332" /><testcase classname="backend.tests.test_iteration284_agency_concierge_review.TestWebConcierge" name="test_knowledge_base_crud" time="0.310" /><testcase classname="backend.tests.test_iteration284_agency_concierge_review.TestWebConcierge" name="test_sessions_list" time="0.057" /><testcase classname="backend.tests.test_iteration284_agency_concierge_review.TestWebConcierge" name="test_session_detail" time="0.913" /><testcase classname="backend.tests.test_iteration284_agency_concierge_review.TestWebConcierge" name="test_config_update" time="0.054" /><testcase classname="backend.tests.test_iteration284_agency_concierge_review.TestReviewAgent" name="test_config_get" time="0.064" /><testcase classname="backend.tests.test_iteration284_agency_concierge_review.TestReviewAgent" name="test_config_set" time="0.051" /><testcase classname="backend.tests.test_iteration284_agency_concierge_review.TestReviewAgent" name="test_queue_get" time="0.051" /><testcase classname="backend.tests.test_iteration284_agency_concierge_review.TestReviewAgent" name="test_batch_draft" time="5.295" /><testcase classname="backend.tests.test_iteration284_agency_concierge_review.TestRegressionIter282" name="test_owner_portal_endpoints" time="0.060" /><testcase classname="backend.tests.test_iteration284_agency_concierge_review.TestRegressionIter282" name="test_carbon_reporting_endpoints" time="0.066" /><testcase classname="backend.tests.test_iteration284_agency_concierge_review.TestRegressionIter282" name="test_properties_endpoint" time="0.052" /><testcase classname="backend.tests.test_iteration284_agency_concierge_review.TestRegressionIter282" name="test_room_types_endpoint" time="0.171" /></testsuite></testsuites>