<?xml version="1.0" encoding="utf-8"?><testsuites name="pytest tests"><testsuite name="pytest" errors="0" failures="0" skipped="0" tests="34" time="6.392" timestamp="2026-04-11T15:02:00.187761+00:00" hostname="agent-env-a9d7a5c1-de72-4617-a5b9-ed7dde4401f0"><testcase classname="backend.tests.test_iteration39_refactored_routes.TestAuth" name="test_login_success" time="0.457" /><testcase classname="backend.tests.test_iteration39_refactored_routes.TestMessagingRoutes" name="test_seed_conversations" time="0.456" /><testcase classname="backend.tests.test_iteration39_refactored_routes.TestMessagingRoutes" name="test_list_conversations" time="0.130" /><testcase classname="backend.tests.test_iteration39_refactored_routes.TestMessagingRoutes" name="test_conversation_stats" time="0.126" /><testcase classname="backend.tests.test_iteration39_refactored_routes.TestMessagingRoutes" name="test_create_conversation" time="0.115" /><testcase classname="backend.tests.test_iteration39_refactored_routes.TestMessagingRoutes" name="test_list_messages" time="0.441" /><testcase classname="backend.tests.test_iteration39_refactored_routes.TestMessagingRoutes" name="test_send_message" time="0.242" /><testcase classname="backend.tests.test_iteration39_refactored_routes.TestMessagingRoutes" name="test_quick_replies" time="0.110" /><testcase classname="backend.tests.test_iteration39_refactored_routes.TestMessagingRoutes" name="test_channel_settings_get" time="0.117" /><testcase classname="backend.tests.test_iteration39_refactored_routes.TestMessagingRoutes" name="test_channel_settings_update" time="0.121" /><testcase classname="backend.tests.test_iteration39_refactored_routes.TestMessagingRoutes" name="test_guest_directory" time="0.110" /><testcase classname="backend.tests.test_iteration39_refactored_routes.TestMessagingRoutes" name="test_auto_replies_list" time="0.103" /><testcase classname="backend.tests.test_iteration39_refactored_routes.TestMessagingRoutes" name="test_auto_reply_create" time="0.111" /><testcase classname="backend.tests.test_iteration39_refactored_routes.TestMessagingRoutes" name="test_messaging_calendar" time="0.136" /><testcase classname="backend.tests.test_iteration39_refactored_routes.TestMessagingRoutes" name="test_send_whatsapp_sandbox" time="0.116" /><testcase classname="backend.tests.test_iteration39_refactored_routes.TestMessagingRoutes" name="test_send_telegram_sandbox" time="0.119" /><testcase classname="backend.tests.test_iteration39_refactored_routes.TestMessagingRoutes" name="test_send_email" time="0.117" /><testcase classname="backend.tests.test_iteration39_refactored_routes.TestAutomationRoutes" name="test_list_automation_rules" time="0.461" /><testcase classname="backend.tests.test_iteration39_refactored_routes.TestAutomationRoutes" name="test_create_automation_rule" time="0.107" /><testcase classname="backend.tests.test_iteration39_refactored_routes.TestAutomationRoutes" name="test_update_automation_rule" time="0.211" /><testcase classname="backend.tests.test_iteration39_refactored_routes.TestAutomationRoutes" name="test_toggle_automation_rule" time="0.384" /><testcase classname="backend.tests.test_iteration39_refactored_routes.TestAutomationRoutes" name="test_delete_automation_rule" time="0.221" /><testcase classname="backend.tests.test_iteration39_refactored_routes.TestAutomationRoutes" name="test_run_automation" time="0.118" /><testcase classname="backend.tests.test_iteration39_refactored_routes.TestAutomationRoutes" name="test_automation_logs" time="0.112" /><testcase classname="backend.tests.test_iteration39_refactored_routes.TestAutomationRoutes" name="test_automation_stats" time="0.105" /><testcase classname="backend.tests.test_iteration39_refactored_routes.TestAutomationRoutes" name="test_automation_preview" time="0.107" /><testcase classname="backend.tests.test_iteration39_refactored_routes.TestDashboardRoutes" name="test_dashboard_overview" time="0.479" /><testcase classname="backend.tests.test_iteration39_refactored_routes.TestDashboardRoutes" name="test_dashboard_overview_all_properties" time="0.144" /><testcase classname="backend.tests.test_iteration39_refactored_routes.TestDashboardRoutes" name="test_concierge_analytics" time="0.113" /><testcase classname="backend.tests.test_iteration39_refactored_routes.TestDashboardRoutes" name="test_space_bookings_admin" time="0.114" /><testcase classname="backend.tests.test_iteration39_refactored_routes.TestDashboardRoutes" name="test_space_booking_stats" time="0.109" /><testcase classname="backend.tests.test_iteration39_refactored_routes.TestAuthRequired" name="test_messaging_requires_auth" time="0.130" /><testcase classname="backend.tests.test_iteration39_refactored_routes.TestAuthRequired" name="test_automation_requires_auth" time="0.110" /><testcase classname="backend.tests.test_iteration39_refactored_routes.TestAuthRequired" name="test_dashboard_requires_auth" time="0.113" /></testsuite></testsuites>