<?xml version="1.0" encoding="utf-8"?><testsuites name="pytest tests"><testsuite name="pytest" errors="0" failures="0" skipped="2" tests="23" time="6.060" timestamp="2026-04-26T14:58:37.980806+00:00" hostname="agent-env-a9d7a5c1-de72-4617-a5b9-ed7dde4401f0"><testcase classname="backend.tests.test_iteration214_batch1_features.TestTaxPresets" name="test_list_presets_returns_12_codes" time="0.520" /><testcase classname="backend.tests.test_iteration214_batch1_features.TestTaxPresets" name="test_get_preset_detail_gb" time="0.113" /><testcase classname="backend.tests.test_iteration214_batch1_features.TestTaxPresets" name="test_get_preset_detail_tr" time="0.143" /><testcase classname="backend.tests.test_iteration214_batch1_features.TestTaxPresets" name="test_apply_preset_gb_to_city_gate" time="0.128" /><testcase classname="backend.tests.test_iteration214_batch1_features.TestTaxPresets" name="test_apply_preset_tr_replaces_existing" time="0.226" /><testcase classname="backend.tests.test_iteration214_batch1_features.TestTaxPresets" name="test_resort_fee_templates" time="0.107" /><testcase classname="backend.tests.test_iteration214_batch1_features.TestTaxPresets" name="test_quick_add_resort_fee" time="0.116" /><testcase classname="backend.tests.test_iteration214_batch1_features.TestWalkInExpress" name="test_availability_returns_offerings" time="0.127" /><testcase classname="backend.tests.test_iteration214_batch1_features.TestWalkInExpress" name="test_availability_with_tax_breakdown" time="0.140" /><testcase classname="backend.tests.test_iteration214_batch1_features.TestWalkInExpress" name="test_create_walkin_booking" time="0.393" /><testcase classname="backend.tests.test_iteration214_batch1_features.TestWalkInExpress" name="test_create_walkin_requires_guest_name" time="0.118" /><testcase classname="backend.tests.test_iteration214_batch1_features.TestNoShowAutoCharge" name="test_get_policy_returns_defaults" time="0.105" /><testcase classname="backend.tests.test_iteration214_batch1_features.TestNoShowAutoCharge" name="test_save_custom_policy" time="0.160" /><testcase classname="backend.tests.test_iteration214_batch1_features.TestNoShowAutoCharge" name="test_candidates_returns_list" time="0.137" /><testcase classname="backend.tests.test_iteration214_batch1_features.TestNoShowAutoCharge" name="test_mark_returns_400_for_invalid_status" time="0.118" /><testcase classname="backend.tests.test_iteration214_batch1_features.TestGuestPreferences" name="test_get_prefs_returns_empty_for_new_guest" time="0.122" /><testcase classname="backend.tests.test_iteration214_batch1_features.TestGuestPreferences" name="test_upsert_prefs" time="0.224"><skipped type="pytest.skip" message="No test guest available">/app/backend/tests/test_iteration214_batch1_features.py:353: No test guest available</skipped></testcase><testcase classname="backend.tests.test_iteration214_batch1_features.TestGuestPreferences" name="test_read_back_prefs" time="0.238"><skipped type="pytest.skip" message="No test guest available">/app/backend/tests/test_iteration214_batch1_features.py:375: No test guest available</skipped></testcase><testcase classname="backend.tests.test_iteration214_batch1_features.TestGuestPreferences" name="test_today_arrivals" time="0.117" /><testcase classname="backend.tests.test_iteration214_batch1_features.TestRegressionSmoke" name="test_late_checkout_quote" time="0.110" /><testcase classname="backend.tests.test_iteration214_batch1_features.TestRegressionSmoke" name="test_service_recovery_stats" time="0.109" /><testcase classname="backend.tests.test_iteration214_batch1_features.TestRegressionSmoke" name="test_service_recovery_post" time="2.231" /><testcase classname="backend.tests.test_iteration214_batch1_features.TestRegressionSmoke" name="test_room_qr_list" time="0.133" /></testsuite></testsuites>