<?xml version="1.0" encoding="utf-8"?><testsuites name="pytest tests"><testsuite name="pytest" errors="0" failures="0" skipped="0" tests="19" time="11.273" timestamp="2026-05-08T13:33:14.538703+00:00" hostname="agent-env-a9d7a5c1-de72-4617-a5b9-ed7dde4401f0"><testcase classname="backend.tests.test_iteration267_winloss_scoreboard.TestWinLossScoreboard" name="test_winloss_requires_auth" time="0.581" /><testcase classname="backend.tests.test_iteration267_winloss_scoreboard.TestWinLossScoreboard" name="test_winloss_requires_admin_or_manager_role" time="0.903" /><testcase classname="backend.tests.test_iteration267_winloss_scoreboard.TestWinLossScoreboard" name="test_submit_to_pms_captures_ai_rate_at_submit" time="0.651" /><testcase classname="backend.tests.test_iteration267_winloss_scoreboard.TestWinLossScoreboard" name="test_winloss_endpoint_returns_expected_structure" time="0.498" /><testcase classname="backend.tests.test_iteration267_winloss_scoreboard.TestWinLossScoreboard" name="test_winloss_comparisons_sorted_by_date_desc" time="0.477" /><testcase classname="backend.tests.test_iteration267_winloss_scoreboard.TestWinLossScoreboard" name="test_winloss_comparison_entry_fields" time="0.521" /><testcase classname="backend.tests.test_iteration267_winloss_scoreboard.TestWinLossScoreboard" name="test_create_test_data_for_verdict_logic" time="1.023" /><testcase classname="backend.tests.test_iteration267_winloss_scoreboard.TestWinLossScoreboard" name="test_winloss_verdict_values" time="0.452" /><testcase classname="backend.tests.test_iteration267_winloss_scoreboard.TestWinLossScoreboard" name="test_revenue_calculations" time="0.550" /><testcase classname="backend.tests.test_iteration267_winloss_scoreboard.TestWinLossScoreboard" name="test_delta_per_night_calculation" time="0.585" /><testcase classname="backend.tests.test_iteration267_winloss_scoreboard.TestWinLossScoreboard" name="test_summary_totals_match_comparisons" time="0.450" /><testcase classname="backend.tests.test_iteration267_winloss_scoreboard.TestWinLossScoreboard" name="test_win_rate_pct_calculation" time="0.574" /><testcase classname="backend.tests.test_iteration267_winloss_scoreboard.TestWinLossScoreboard" name="test_revenue_lift_calculation" time="0.483" /><testcase classname="backend.tests.test_iteration267_winloss_scoreboard.TestWinLossScoreboard" name="test_biggest_win_is_largest_positive_delta" time="0.500" /><testcase classname="backend.tests.test_iteration267_winloss_scoreboard.TestWinLossScoreboard" name="test_biggest_loss_is_largest_negative_delta" time="0.466" /><testcase classname="backend.tests.test_iteration267_winloss_scoreboard.TestWinLossScoreboard" name="test_lookback_days_parameter" time="0.661" /><testcase classname="backend.tests.test_iteration267_winloss_scoreboard.TestWinLossScoreboard" name="test_winloss_with_property_all" time="0.531" /><testcase classname="backend.tests.test_iteration267_winloss_scoreboard.TestWinLossScoreboard" name="test_winloss_skips_records_without_ai_rate" time="0.489" /><testcase classname="backend.tests.test_iteration267_winloss_scoreboard.TestWinLossIntegration" name="test_full_flow_submit_then_winloss" time="0.757" /></testsuite></testsuites>