<?xml version="1.0" encoding="utf-8"?><testsuites name="pytest tests"><testsuite name="pytest" errors="0" failures="0" skipped="0" tests="15" time="6.974" timestamp="2026-04-17T06:56:08.817270+00:00" hostname="agent-env-a9d7a5c1-de72-4617-a5b9-ed7dde4401f0"><testcase classname="backend.tests.test_iteration110_performance_report.TestPerformanceReportAPI" name="test_performance_endpoint_returns_200" time="0.537" /><testcase classname="backend.tests.test_iteration110_performance_report.TestPerformanceReportAPI" name="test_performance_kpis_structure" time="0.477" /><testcase classname="backend.tests.test_iteration110_performance_report.TestPerformanceReportAPI" name="test_performance_by_source_breakdown" time="0.496" /><testcase classname="backend.tests.test_iteration110_performance_report.TestPerformanceReportAPI" name="test_performance_daily_impact_array" time="0.474" /><testcase classname="backend.tests.test_iteration110_performance_report.TestPerformanceReportAPI" name="test_performance_monthly_impact_array" time="0.460" /><testcase classname="backend.tests.test_iteration110_performance_report.TestPerformanceReportAPI" name="test_performance_kpi_values_are_numeric" time="0.436" /><testcase classname="backend.tests.test_iteration110_performance_report.TestPerformanceReportAPI" name="test_performance_by_source_values_are_numeric" time="0.436" /><testcase classname="backend.tests.test_iteration110_performance_report.TestPerformanceReportAPI" name="test_performance_daily_impact_sorted_descending" time="0.438" /><testcase classname="backend.tests.test_iteration110_performance_report.TestPerformanceReportAPI" name="test_performance_monthly_impact_sorted_ascending" time="0.441" /><testcase classname="backend.tests.test_iteration110_performance_report.TestMarketRobotSubTabs" name="test_market_robot_config_endpoint" time="0.434" /><testcase classname="backend.tests.test_iteration110_performance_report.TestMarketRobotSubTabs" name="test_market_robot_supply_endpoint" time="0.457" /><testcase classname="backend.tests.test_iteration110_performance_report.TestMarketRobotSubTabs" name="test_market_robot_logs_endpoint" time="0.459" /><testcase classname="backend.tests.test_iteration110_performance_report.TestMarketRobotSubTabs" name="test_market_robot_adjustments_endpoint" time="0.468" /><testcase classname="backend.tests.test_iteration110_performance_report.TestMarketRobotSubTabs" name="test_market_robot_competitors_endpoint" time="0.445" /><testcase classname="backend.tests.test_iteration110_performance_report.TestMarketRobotSubTabs" name="test_market_robot_scanner_status_endpoint" time="0.428" /></testsuite></testsuites>