<?xml version="1.0" encoding="utf-8"?><testsuites name="pytest tests"><testsuite name="pytest" errors="0" failures="0" skipped="0" tests="19" time="9.402" timestamp="2026-05-15T06:14:57.401919+00:00" hostname="agent-env-a9d7a5c1-de72-4617-a5b9-ed7dde4401f0"><testcase classname="test_reports.pytest_tests.test_iteration298_event_city_filter.TestEventCityFilterBugFix" name="test_get_events_returns_city_field" time="0.733" /><testcase classname="test_reports.pytest_tests.test_iteration298_event_city_filter.TestEventCityFilterBugFix" name="test_get_events_filters_by_configured_city" time="0.119" /><testcase classname="test_reports.pytest_tests.test_iteration298_event_city_filter.TestCaseInsensitiveCityMatching" name="test_case_insensitive_city_match_zurich" time="0.104" /><testcase classname="test_reports.pytest_tests.test_iteration298_event_city_filter.TestCaseInsensitiveCityMatching" name="test_seed_event_with_different_case_and_whitespace" time="1.364" /><testcase classname="test_reports.pytest_tests.test_iteration298_event_city_filter.TestCleanupForeignEndpoint" name="test_cleanup_foreign_endpoint_exists" time="0.312" /><testcase classname="test_reports.pytest_tests.test_iteration298_event_city_filter.TestCleanupForeignEndpoint" name="test_cleanup_foreign_rbac_admin_allowed" time="0.118" /><testcase classname="test_reports.pytest_tests.test_iteration298_event_city_filter.TestCleanupForeignEndpoint" name="test_cleanup_foreign_rbac_receptionist_denied" time="0.716" /><testcase classname="test_reports.pytest_tests.test_iteration298_event_city_filter.TestCleanupForeignEndpoint" name="test_cleanup_foreign_unauthenticated_denied" time="0.196" /><testcase classname="test_reports.pytest_tests.test_iteration298_event_city_filter.TestScanIgnoresBodyCityOverride" name="test_scan_ignores_city_override" time="0.276" /><testcase classname="test_reports.pytest_tests.test_iteration298_event_city_filter.TestScanIgnoresBodyCityOverride" name="test_scan_response_includes_foreign_city_cleared" time="0.133" /><testcase classname="test_reports.pytest_tests.test_iteration298_event_city_filter.TestMarketRobotSupplyOverlay" name="test_supply_endpoint_filters_events_by_city" time="2.514" /><testcase classname="test_reports.pytest_tests.test_iteration298_event_city_filter.TestMarketRobotSupplyOverlay" name="test_demand_dashboard_filters_events_by_city" time="0.878" /><testcase classname="test_reports.pytest_tests.test_iteration298_event_city_filter.TestRegressionSmartAssign" name="test_smart_assign_still_works" time="0.110" /><testcase classname="test_reports.pytest_tests.test_iteration298_event_city_filter.TestRegressionAIConcierge" name="test_ai_concierge_still_works" time="1.302" /><testcase classname="test_reports.pytest_tests.test_iteration298_event_city_filter.TestRegressionJourneyRules" name="test_journey_rules_list_still_works" time="0.123" /><testcase classname="test_reports.pytest_tests.test_iteration298_event_city_filter.TestRegressionJourneyRules" name="test_journey_engine_run_once_still_works" time="0.173" /><testcase classname="test_reports.pytest_tests.test_iteration298_event_city_filter.TestRegressionAnomalyAlerts" name="test_anomalies_endpoint_still_works" time="0.121" /><testcase classname="test_reports.pytest_tests.test_iteration298_event_city_filter.TestFrontendDataTestIds" name="test_event_current_city_testid_in_code" time="0.003" /><testcase classname="test_reports.pytest_tests.test_iteration298_event_city_filter.TestFrontendDataTestIds" name="test_event_cleanup_foreign_testid_in_code" time="0.003" /></testsuite></testsuites>