<?xml version="1.0" encoding="utf-8"?><testsuites name="pytest tests"><testsuite name="pytest" errors="0" failures="2" skipped="0" tests="8" time="4.080" timestamp="2026-07-03T19:09:37.446214+00:00" hostname="agent-env-a9d7a5c1-de72-4617-a5b9-ed7dde4401f0"><testcase classname="backend.tests.test_spaces_monetization.TestSpacesMonetization" name="test_01_seed_spaces_success" time="0.836"><failure message="AssertionError: Seed failed: 400 - {&quot;detail&quot;:&quot;Zaten 6 space var — silin veya devre dışı bırakın önce.&quot;}&#10;assert 400 == 200&#10; +  where 400 = &lt;Response [400]&gt;.status_code">backend/tests/test_spaces_monetization.py:47: in test_01_seed_spaces_success
    assert resp.status_code == 200, f"Seed failed: {resp.status_code} - {resp.text}"
E   AssertionError: Seed failed: 400 - {"detail":"Zaten 6 space var — silin veya devre dışı bırakın önce."}
E   assert 400 == 200
E    +  where 400 = &lt;Response [400]&gt;.status_code</failure></testcase><testcase classname="backend.tests.test_spaces_monetization.TestSpacesMonetization" name="test_02_list_spaces_verify_details" time="0.405" /><testcase classname="backend.tests.test_spaces_monetization.TestSpacesMonetization" name="test_03_create_booking_verify_pricing" time="0.492" /><testcase classname="backend.tests.test_spaces_monetization.TestSpacesMonetization" name="test_04_revenue_kpis" time="0.390" /><testcase classname="backend.tests.test_spaces_monetization.TestSpacesMonetization" name="test_05_seed_idempotent_guard" time="0.449" /><testcase classname="backend.tests.test_spaces_monetization.TestSpacesMonetization" name="test_06_unauthorized_access" time="0.479"><failure message="AssertionError: Expected 401 for unauthenticated request, got 200&#10;assert 200 == 401&#10; +  where 200 = &lt;Response [200]&gt;.status_code">backend/tests/test_spaces_monetization.py:190: in test_06_unauthorized_access
    assert resp.status_code == 401, f"Expected 401 for unauthenticated request, got {resp.status_code}"
E   AssertionError: Expected 401 for unauthenticated request, got 200
E   assert 200 == 401
E    +  where 200 = &lt;Response [200]&gt;.status_code</failure></testcase><testcase classname="backend.tests.test_spaces_monetization.TestSpacesMonetization" name="test_07_booking_validation" time="0.462" /><testcase classname="backend.tests.test_spaces_monetization.TestSpacesMonetization" name="test_08_nonexistent_space_booking" time="0.460" /></testsuite></testsuites>