<?xml version="1.0" encoding="utf-8"?><testsuites name="pytest tests"><testsuite name="pytest" errors="0" failures="0" skipped="0" tests="24" time="3.703" timestamp="2026-05-09T13:20:35.086625+00:00" hostname="agent-env-a9d7a5c1-de72-4617-a5b9-ed7dde4401f0"><testcase classname="backend.tests.test_iteration271_bordro_pdf.TestPayrollPreviewEndpoint" name="test_preview_returns_200_with_data" time="0.580" /><testcase classname="backend.tests.test_iteration271_bordro_pdf.TestPayrollPreviewEndpoint" name="test_preview_rows_have_tr_deduction_fields" time="0.107" /><testcase classname="backend.tests.test_iteration271_bordro_pdf.TestPayrollPreviewEndpoint" name="test_preview_deduction_math_correct" time="0.136" /><testcase classname="backend.tests.test_iteration271_bordro_pdf.TestPayrollPreviewEndpoint" name="test_preview_totals_sum_correctly" time="0.128" /><testcase classname="backend.tests.test_iteration271_bordro_pdf.TestPayrollPreviewEndpoint" name="test_preview_custom_rates_override" time="0.142" /><testcase classname="backend.tests.test_iteration271_bordro_pdf.TestPayrollPreviewEndpoint" name="test_preview_requires_auth" time="0.141" /><testcase classname="backend.tests.test_iteration271_bordro_pdf.TestPayrollPDFEndpoint" name="test_pdf_returns_200_with_valid_data" time="0.174" /><testcase classname="backend.tests.test_iteration271_bordro_pdf.TestPayrollPDFEndpoint" name="test_pdf_content_type_is_pdf" time="0.110" /><testcase classname="backend.tests.test_iteration271_bordro_pdf.TestPayrollPDFEndpoint" name="test_pdf_starts_with_magic_header" time="0.161" /><testcase classname="backend.tests.test_iteration271_bordro_pdf.TestPayrollPDFEndpoint" name="test_pdf_has_content_disposition_attachment" time="0.160" /><testcase classname="backend.tests.test_iteration271_bordro_pdf.TestPayrollPDFEndpoint" name="test_pdf_returns_404_when_no_shifts" time="0.110" /><testcase classname="backend.tests.test_iteration271_bordro_pdf.TestPayrollPDFEndpoint" name="test_pdf_requires_auth" time="0.104" /><testcase classname="backend.tests.test_iteration271_bordro_pdf.TestPayrollPDFEndpoint" name="test_pdf_has_reasonable_size" time="0.119" /><testcase classname="backend.tests.test_iteration271_bordro_pdf.TestPayrollCSVRegression" name="test_csv_export_still_works" time="0.110" /><testcase classname="backend.tests.test_iteration271_bordro_pdf.TestPayrollCSVRegression" name="test_csv_content_type_is_csv" time="0.163" /><testcase classname="backend.tests.test_iteration271_bordro_pdf.TestPayrollCSVRegression" name="test_csv_has_content_disposition" time="0.106" /><testcase classname="backend.tests.test_iteration271_bordro_pdf.TestPayrollCSVRegression" name="test_csv_requires_auth" time="0.114" /><testcase classname="backend.tests.test_iteration271_bordro_pdf.TestTRPayrollDeductionMath" name="test_sgk_rate_14_percent" time="0.150" /><testcase classname="backend.tests.test_iteration271_bordro_pdf.TestTRPayrollDeductionMath" name="test_issizlik_rate_1_percent" time="0.107" /><testcase classname="backend.tests.test_iteration271_bordro_pdf.TestTRPayrollDeductionMath" name="test_gelir_vergisi_rate_15_percent_of_taxbase" time="0.106" /><testcase classname="backend.tests.test_iteration271_bordro_pdf.TestTRPayrollDeductionMath" name="test_damga_vergisi_rate_0759_percent" time="0.108" /><testcase classname="backend.tests.test_iteration271_bordro_pdf.TestPayrollDataIntegrity" name="test_preview_returns_employee_info" time="0.105" /><testcase classname="backend.tests.test_iteration271_bordro_pdf.TestPayrollDataIntegrity" name="test_preview_returns_shift_count_and_hours" time="0.112" /><testcase classname="backend.tests.test_iteration271_bordro_pdf.TestPayrollDataIntegrity" name="test_totals_include_shift_count" time="0.234" /></testsuite></testsuites>