<?xml version="1.0" encoding="utf-8"?><testsuites name="pytest tests"><testsuite name="pytest" errors="0" failures="1" skipped="0" tests="24" time="7.721" timestamp="2026-04-18T09:37:24.116539+00:00" hostname="agent-env-a9d7a5c1-de72-4617-a5b9-ed7dde4401f0"><testcase classname="backend.tests.test_iteration134_staff_contracts.TestContractsAuth" name="test_list_contracts_requires_auth" time="0.249" /><testcase classname="backend.tests.test_iteration134_staff_contracts.TestContractsAuth" name="test_stats_requires_auth" time="0.134" /><testcase classname="backend.tests.test_iteration134_staff_contracts.TestContractsAuth" name="test_create_requires_admin" time="0.555" /><testcase classname="backend.tests.test_iteration134_staff_contracts.TestContractsCRUD" name="test_create_contract_validates_type" time="0.405" /><testcase classname="backend.tests.test_iteration134_staff_contracts.TestContractsCRUD" name="test_create_contract_all_valid_types" time="0.558" /><testcase classname="backend.tests.test_iteration134_staff_contracts.TestContractsCRUD" name="test_create_contract_returns_draft_status" time="0.099" /><testcase classname="backend.tests.test_iteration134_staff_contracts.TestContractsCRUD" name="test_list_contracts_returns_computed_fields" time="0.134" /><testcase classname="backend.tests.test_iteration134_staff_contracts.TestContractsCRUD" name="test_list_contracts_filter_by_status" time="0.151" /><testcase classname="backend.tests.test_iteration134_staff_contracts.TestContractsCRUD" name="test_list_contracts_search" time="0.141" /><testcase classname="backend.tests.test_iteration134_staff_contracts.TestContractsCRUD" name="test_update_contract" time="0.225" /><testcase classname="backend.tests.test_iteration134_staff_contracts.TestContractsCRUD" name="test_delete_draft_contract" time="0.240" /><testcase classname="backend.tests.test_iteration134_staff_contracts.TestContractsStats" name="test_stats_returns_all_fields" time="0.412" /><testcase classname="backend.tests.test_iteration134_staff_contracts.TestContractsStats" name="test_stats_monthly_cost_formula" time="0.240" /><testcase classname="backend.tests.test_iteration134_staff_contracts.TestContractSigningFlow" name="test_send_for_signature" time="0.475" /><testcase classname="backend.tests.test_iteration134_staff_contracts.TestContractSigningFlow" name="test_send_updates_status_to_sent" time="0.186" /><testcase classname="backend.tests.test_iteration134_staff_contracts.TestContractSigningFlow" name="test_public_get_sign_no_auth" time="0.259" /><testcase classname="backend.tests.test_iteration134_staff_contracts.TestContractSigningFlow" name="test_public_sign_contract" time="0.245" /><testcase classname="backend.tests.test_iteration134_staff_contracts.TestContractSigningFlow" name="test_sign_validates_required_fields" time="0.544" /><testcase classname="backend.tests.test_iteration134_staff_contracts.TestContractSigningFlow" name="test_cannot_sign_twice" time="0.357" /><testcase classname="backend.tests.test_iteration134_staff_contracts.TestContractEditRestrictions" name="test_cannot_edit_signed_contract" time="0.609" /><testcase classname="backend.tests.test_iteration134_staff_contracts.TestContractEditRestrictions" name="test_cannot_delete_signed_contract" time="0.285" /><testcase classname="backend.tests.test_iteration134_staff_contracts.TestContractTermination" name="test_terminate_contract" time="0.621" /><testcase classname="backend.tests.test_iteration134_staff_contracts.TestRegressionArrivalsMarketplace" name="test_arrivals_endpoint_still_works" time="0.391" /><testcase classname="backend.tests.test_iteration134_staff_contracts.TestRegressionArrivalsMarketplace" name="test_marketplace_endpoint_still_works" time="0.065"><failure message="assert False&#10; +  where False = isinstance({'categories': [{'color': '#3B82F6', 'count': 15, 'icon': 'globe', 'id': 'ota', ...}, {'color': '#10B981', 'count': 10, 'icon': 'credit-card', 'id': 'payments', ...}, {'color': '#06B6D4', 'count': 6, 'icon': 'route', 'id': 'channel', ...}, {'color': '#F59E0B', 'count': 8, 'icon': 'line-chart', 'id': 'revenue', ...}, {'color': '#EC4899', 'count': 10, 'icon': 'message', 'id': 'messaging', ...}, {'color': '#8B5CF6', 'count': 8, 'icon': 'sparkle', 'id': 'ai', ...}, ...], 'featured': [{'cat': 'ota', 'configured_at': None, 'desc': &quot;World's largest OTA — sync inventory, rates, bookings.&quot;, 'domain': 'booking.com', ...}, {'cat': 'ota', 'configured_at': None, 'desc': 'Global home-sharing platform with instant booking.', 'domain': 'airbnb.com', ...}, {'cat': 'ota', 'configured_at': None, 'desc': 'Expedia, Hotels.com, Travelocity, Orbitz — one connection.', 'domain': 'expedia.com', ...}, {'cat': 'ota', 'configured_at': None, 'desc': 'Free Booking Links + Google Hotel Ads.', 'domain': 'google.com', ...}, {'cat': 'payments', 'configured_at': None, 'desc': 'Cards, Apple Pay, Google Pay, 3DS — industry leader.', 'domain': 'stripe.com', ...}, {'cat': 'messaging', 'configured_at': None, 'desc': 'Guest messaging via WhatsApp Business API.', 'domain': 'whatsapp.com', ...}, ...], 'integrations': [{'cat': 'ota', 'configured_at': None, 'desc': &quot;World's largest OTA — sync inventory, rates, bookings.&quot;, 'domain': 'booking.com', ...}, {'cat': 'ota', 'configured_at': None, 'desc': 'Global home-sharing platform with instant booking.', 'domain': 'airbnb.com', ...}, {'cat': 'ota', 'configured_at': None, 'desc': 'Expedia, Hotels.com, Travelocity, Orbitz — one connection.', 'domain': 'expedia.com', ...}, {'cat': 'ota', 'configured_at': None, 'desc': 'Part of Expedia Group — leverage rewards traveller base.', 'domain': 'hotels.com', ...}, {'cat': 'ota', 'configured_at': None, 'desc': 'Leading OTA in Asia-Pacific with 2.5M+ properties.', 'domain': 'agoda.com', ...}, {'cat': 'ota', 'configured_at': None, 'desc': 'Vacation Rentals By Owner — whole-home rentals.', 'domain': 'vrbo.com', ...}, ...], 'total_available': 124, ...}, list)">backend/tests/test_iteration134_staff_contracts.py:607: in test_marketplace_endpoint_still_works
    assert isinstance(data, list)
E   assert False
E    +  where False = isinstance({'categories': [{'color': '#3B82F6', 'count': 15, 'icon': 'globe', 'id': 'ota', ...}, {'color': '#10B981', 'count': 10, 'icon': 'credit-card', 'id': 'payments', ...}, {'color': '#06B6D4', 'count': 6, 'icon': 'route', 'id': 'channel', ...}, {'color': '#F59E0B', 'count': 8, 'icon': 'line-chart', 'id': 'revenue', ...}, {'color': '#EC4899', 'count': 10, 'icon': 'message', 'id': 'messaging', ...}, {'color': '#8B5CF6', 'count': 8, 'icon': 'sparkle', 'id': 'ai', ...}, ...], 'featured': [{'cat': 'ota', 'configured_at': None, 'desc': "World's largest OTA — sync inventory, rates, bookings.", 'domain': 'booking.com', ...}, {'cat': 'ota', 'configured_at': None, 'desc': 'Global home-sharing platform with instant booking.', 'domain': 'airbnb.com', ...}, {'cat': 'ota', 'configured_at': None, 'desc': 'Expedia, Hotels.com, Travelocity, Orbitz — one connection.', 'domain': 'expedia.com', ...}, {'cat': 'ota', 'configured_at': None, 'desc': 'Free Booking Links + Google Hotel Ads.', 'domain': 'google.com', ...}, {'cat': 'payments', 'configured_at': None, 'desc': 'Cards, Apple Pay, Google Pay, 3DS — industry leader.', 'domain': 'stripe.com', ...}, {'cat': 'messaging', 'configured_at': None, 'desc': 'Guest messaging via WhatsApp Business API.', 'domain': 'whatsapp.com', ...}, ...], 'integrations': [{'cat': 'ota', 'configured_at': None, 'desc': "World's largest OTA — sync inventory, rates, bookings.", 'domain': 'booking.com', ...}, {'cat': 'ota', 'configured_at': None, 'desc': 'Global home-sharing platform with instant booking.', 'domain': 'airbnb.com', ...}, {'cat': 'ota', 'configured_at': None, 'desc': 'Expedia, Hotels.com, Travelocity, Orbitz — one connection.', 'domain': 'expedia.com', ...}, {'cat': 'ota', 'configured_at': None, 'desc': 'Part of Expedia Group — leverage rewards traveller base.', 'domain': 'hotels.com', ...}, {'cat': 'ota', 'configured_at': None, 'desc': 'Leading OTA in Asia-Pacific with 2.5M+ properties.', 'domain': 'agoda.com', ...}, {'cat': 'ota', 'configured_at': None, 'desc': 'Vacation Rentals By Owner — whole-home rentals.', 'domain': 'vrbo.com', ...}, ...], 'total_available': 124, ...}, list)</failure></testcase></testsuite></testsuites>