<?xml version="1.0" encoding="utf-8"?><testsuites name="pytest tests"><testsuite name="pytest" errors="0" failures="0" skipped="0" tests="17" time="3.567" timestamp="2026-04-10T21:06:05.719031+00:00" hostname="agent-env-a9d7a5c1-de72-4617-a5b9-ed7dde4401f0"><testcase classname="backend.tests.test_unread_badge.TestUnreadCountEndpoint" name="test_unread_count_without_api_key_returns_401" time="0.188" /><testcase classname="backend.tests.test_unread_badge.TestUnreadCountEndpoint" name="test_unread_count_with_invalid_api_key_returns_401" time="0.127" /><testcase classname="backend.tests.test_unread_badge.TestUnreadCountEndpoint" name="test_unread_count_with_non_rhk_prefix_returns_401" time="0.120" /><testcase classname="backend.tests.test_unread_badge.TestUnreadCountEndpoint" name="test_unread_count_with_valid_api_key_returns_200" time="0.117" /><testcase classname="backend.tests.test_unread_badge.TestUnreadCountEndpoint" name="test_unread_count_with_property_id_filter" time="0.125" /><testcase classname="backend.tests.test_unread_badge.TestMarkReadEndpoint" name="test_mark_read_without_api_key_returns_401" time="0.127" /><testcase classname="backend.tests.test_unread_badge.TestMarkReadEndpoint" name="test_mark_read_with_invalid_review_id_returns_404" time="0.118" /><testcase classname="backend.tests.test_unread_badge.TestMarkReadEndpoint" name="test_mark_read_with_valid_review_id_returns_200" time="0.278" /><testcase classname="backend.tests.test_unread_badge.TestMarkReadEndpoint" name="test_mark_read_decrements_unread_count" time="0.531" /><testcase classname="backend.tests.test_unread_badge.TestMarkAllReadEndpoint" name="test_mark_all_read_without_api_key_returns_401" time="0.127" /><testcase classname="backend.tests.test_unread_badge.TestMarkAllReadEndpoint" name="test_mark_all_read_with_valid_api_key_returns_200" time="0.121" /><testcase classname="backend.tests.test_unread_badge.TestMarkAllReadEndpoint" name="test_mark_all_read_sets_unread_count_to_zero" time="0.241" /><testcase classname="backend.tests.test_unread_badge.TestMarkAllReadEndpoint" name="test_mark_all_read_with_property_id_filter" time="0.140" /><testcase classname="backend.tests.test_unread_badge.TestReviewsIncludeIsReadField" name="test_widget_reviews_include_is_read_field" time="0.108" /><testcase classname="backend.tests.test_unread_badge.TestMainAppStillWorks" name="test_login_still_works" time="0.359" /><testcase classname="backend.tests.test_unread_badge.TestMainAppStillWorks" name="test_reviews_endpoint_still_works" time="0.495" /><testcase classname="backend.tests.test_unread_badge.TestMainAppStillWorks" name="test_widget_stats_still_works" time="0.135" /></testsuite></testsuites>