<?xml version="1.0" encoding="utf-8"?><testsuites name="pytest tests"><testsuite name="pytest" errors="0" failures="0" skipped="0" tests="32" time="43.586" timestamp="2026-05-14T19:00:04.814700+00:00" hostname="agent-env-a9d7a5c1-de72-4617-a5b9-ed7dde4401f0"><testcase classname="backend.tests.test_iteration289_brand_voice.TestBrandVoiceProfile" name="test_get_profile_auto_seeds_default" time="1.337" /><testcase classname="backend.tests.test_iteration289_brand_voice.TestBrandVoiceProfile" name="test_get_profile_returns_same_on_second_call" time="0.321" /><testcase classname="backend.tests.test_iteration289_brand_voice.TestBrandVoiceProfile" name="test_upsert_profile_updates_fields" time="0.151" /><testcase classname="backend.tests.test_iteration289_brand_voice.TestBrandVoiceProfile" name="test_upsert_profile_rejects_empty_update" time="0.144" /><testcase classname="backend.tests.test_iteration289_brand_voice.TestBrandVoiceProfile" name="test_upsert_profile_partial_update" time="0.404" /><testcase classname="backend.tests.test_iteration289_brand_voice.TestBrandVoicePurposes" name="test_get_purposes_returns_11_items" time="0.115" /><testcase classname="backend.tests.test_iteration289_brand_voice.TestBrandVoicePurposes" name="test_purposes_have_required_fields" time="0.109" /><testcase classname="backend.tests.test_iteration289_brand_voice.TestBrandVoicePurposes" name="test_purposes_requires_auth" time="0.118" /><testcase classname="backend.tests.test_iteration289_brand_voice.TestBrandVoiceGenerate" name="test_generate_with_valid_purpose" time="4.069" /><testcase classname="backend.tests.test_iteration289_brand_voice.TestBrandVoiceGenerate" name="test_generate_rejects_invalid_purpose" time="0.128" /><testcase classname="backend.tests.test_iteration289_brand_voice.TestBrandVoiceGenerate" name="test_generate_rejects_missing_property_id" time="0.122" /><testcase classname="backend.tests.test_iteration289_brand_voice.TestBrandVoiceGenerate" name="test_generate_stores_in_history" time="1.898" /><testcase classname="backend.tests.test_iteration289_brand_voice.TestBrandVoiceGenerate" name="test_generate_all_purposes" time="26.158" /><testcase classname="backend.tests.test_iteration289_brand_voice.TestBrandVoicePreview" name="test_preview_generates_without_saving" time="2.053" /><testcase classname="backend.tests.test_iteration289_brand_voice.TestBrandVoicePreview" name="test_preview_rejects_invalid_purpose" time="0.114" /><testcase classname="backend.tests.test_iteration289_brand_voice.TestBrandVoicePreview" name="test_preview_uses_inline_profile" time="2.081" /><testcase classname="backend.tests.test_iteration289_brand_voice.TestBrandVoiceHistory" name="test_get_history_returns_items" time="0.200" /><testcase classname="backend.tests.test_iteration289_brand_voice.TestBrandVoiceHistory" name="test_history_filter_by_purpose" time="1.934" /><testcase classname="backend.tests.test_iteration289_brand_voice.TestBrandVoiceHistory" name="test_history_limit_parameter" time="0.144" /><testcase classname="backend.tests.test_iteration289_brand_voice.TestBrandVoiceHistory" name="test_history_sorted_by_generated_at_desc" time="0.116" /><testcase classname="backend.tests.test_iteration289_brand_voice.TestBrandVoiceAuth" name="test_profile_requires_auth" time="0.147" /><testcase classname="backend.tests.test_iteration289_brand_voice.TestBrandVoiceAuth" name="test_generate_requires_auth" time="0.124" /><testcase classname="backend.tests.test_iteration289_brand_voice.TestBrandVoiceAuth" name="test_preview_requires_auth" time="0.172" /><testcase classname="backend.tests.test_iteration289_brand_voice.TestBrandVoiceAuth" name="test_history_requires_auth" time="0.128" /><testcase classname="backend.tests.test_iteration289_brand_voice.TestRegressionIter284to288" name="test_iter284_agencies_endpoint" time="0.154" /><testcase classname="backend.tests.test_iteration289_brand_voice.TestRegressionIter284to288" name="test_iter284_web_concierge_sessions" time="0.144" /><testcase classname="backend.tests.test_iteration289_brand_voice.TestRegressionIter284to288" name="test_iter285_open_pricing_matrix" time="0.152" /><testcase classname="backend.tests.test_iteration289_brand_voice.TestRegressionIter284to288" name="test_iter285_beach_pos_sunbeds" time="0.144" /><testcase classname="backend.tests.test_iteration289_brand_voice.TestRegressionIter284to288" name="test_iter286_agents_list" time="0.112" /><testcase classname="backend.tests.test_iteration289_brand_voice.TestRegressionIter284to288" name="test_iter287_dev_portal_info" time="0.142" /><testcase classname="backend.tests.test_iteration289_brand_voice.TestRegressionIter284to288" name="test_iter287_wholesaler_providers" time="0.150" /><testcase classname="backend.tests.test_iteration289_brand_voice.TestRegressionIter284to288" name="test_iter288_marketing_videos_sizes" time="0.172" /></testsuite></testsuites>