<?xml version="1.0" encoding="utf-8"?><testsuites name="pytest tests"><testsuite name="pytest" errors="0" failures="0" skipped="0" tests="22" time="2.101" timestamp="2026-05-14T06:51:52.583067+00:00" hostname="agent-env-a9d7a5c1-de72-4617-a5b9-ed7dde4401f0"><testcase classname="backend.tests.test_iteration278_mice_pdf.TestOwnerPortalPDF" name="test_create_owner_for_pdf_test" time="0.533" /><testcase classname="backend.tests.test_iteration278_mice_pdf.TestOwnerPortalPDF" name="test_get_statement_pdf_returns_pdf" time="0.077" /><testcase classname="backend.tests.test_iteration278_mice_pdf.TestOwnerPortalPDF" name="test_statement_pdf_with_invalid_owner_returns_404" time="0.050" /><testcase classname="backend.tests.test_iteration278_mice_pdf.TestMeetingsSalesList" name="test_list_meetings_empty" time="0.051" /><testcase classname="backend.tests.test_iteration278_mice_pdf.TestMeetingsSalesList" name="test_list_meetings_with_stage_filter" time="0.049" /><testcase classname="backend.tests.test_iteration278_mice_pdf.TestMeetingsSalesCreate" name="test_create_meeting_rfp" time="0.048" /><testcase classname="backend.tests.test_iteration278_mice_pdf.TestMeetingsSalesCreate" name="test_create_meeting_invalid_event_type" time="0.086" /><testcase classname="backend.tests.test_iteration278_mice_pdf.TestMeetingsSalesDetail" name="test_get_meeting_detail" time="0.050" /><testcase classname="backend.tests.test_iteration278_mice_pdf.TestMeetingsSalesDetail" name="test_get_meeting_not_found" time="0.049" /><testcase classname="backend.tests.test_iteration278_mice_pdf.TestMeetingsSalesStageTransition" name="test_move_stage_to_confirmed" time="0.101" /><testcase classname="backend.tests.test_iteration278_mice_pdf.TestMeetingsSalesStageTransition" name="test_move_stage_to_lost_with_reason" time="0.186" /><testcase classname="backend.tests.test_iteration278_mice_pdf.TestMeetingsSalesStageTransition" name="test_move_stage_invalid_returns_400" time="0.061" /><testcase classname="backend.tests.test_iteration278_mice_pdf.TestMeetingsSalesLineItems" name="test_add_line_item" time="0.050" /><testcase classname="backend.tests.test_iteration278_mice_pdf.TestMeetingsSalesLineItems" name="test_add_fnb_item" time="0.052" /><testcase classname="backend.tests.test_iteration278_mice_pdf.TestMeetingsSalesLineItems" name="test_add_av_tech_item" time="0.051" /><testcase classname="backend.tests.test_iteration278_mice_pdf.TestMeetingsSalesLineItems" name="test_add_item_invalid_kind_returns_400" time="0.053" /><testcase classname="backend.tests.test_iteration278_mice_pdf.TestMeetingsSalesLineItems" name="test_delete_line_item" time="0.056" /><testcase classname="backend.tests.test_iteration278_mice_pdf.TestMeetingsSalesPipeline" name="test_get_pipeline" time="0.055" /><testcase classname="backend.tests.test_iteration278_mice_pdf.TestMeetingsSalesAnalytics" name="test_get_analytics" time="0.049" /><testcase classname="backend.tests.test_iteration278_mice_pdf.TestMeetingsSalesRouteOrdering" name="test_pipeline_not_matched_as_meeting_id" time="0.052" /><testcase classname="backend.tests.test_iteration278_mice_pdf.TestMeetingsSalesRouteOrdering" name="test_analytics_not_matched_as_meeting_id" time="0.051" /><testcase classname="backend.tests.test_iteration278_mice_pdf.TestCleanup" name="test_cleanup_test_meetings" time="0.182" /></testsuite></testsuites>