<?xml version="1.0" encoding="utf-8"?><testsuites name="pytest tests"><testsuite name="pytest" errors="0" failures="0" skipped="2" tests="14" time="2.452" timestamp="2026-04-28T18:02:31.379159+00:00" hostname="agent-env-a9d7a5c1-de72-4617-a5b9-ed7dde4401f0"><testcase classname="backend.tests.test_loyalty_tier.TestLoyaltyTierConfig" name="test_get_config_auto_seeds_default_tiers" time="0.492" /><testcase classname="backend.tests.test_loyalty_tier.TestLoyaltyTierConfig" name="test_post_config_validates_non_empty_tiers" time="0.082" /><testcase classname="backend.tests.test_loyalty_tier.TestLoyaltyTierConfig" name="test_post_config_validates_unique_tier_keys" time="0.087" /><testcase classname="backend.tests.test_loyalty_tier.TestLoyaltyTierConfig" name="test_post_config_saves_valid_config" time="0.267" /><testcase classname="backend.tests.test_loyalty_tier.TestLoyaltyTierEvaluation" name="test_evaluate_single_guest" time="0.072"><skipped type="pytest.skip" message="No guest profiles available for testing">/app/backend/tests/test_loyalty_tier.py:124: No guest profiles available for testing</skipped></testcase><testcase classname="backend.tests.test_loyalty_tier.TestLoyaltyTierEvaluation" name="test_evaluate_batch" time="0.189" /><testcase classname="backend.tests.test_loyalty_tier.TestLoyaltyTierManualOverride" name="test_manual_override_valid_tier" time="0.197" /><testcase classname="backend.tests.test_loyalty_tier.TestLoyaltyTierManualOverride" name="test_manual_override_invalid_tier_returns_400" time="0.143" /><testcase classname="backend.tests.test_loyalty_tier.TestLoyaltyTierManualOverride" name="test_auto_eval_skips_manual_override" time="0.238" /><testcase classname="backend.tests.test_loyalty_tier.TestLoyaltyTierManualOverride" name="test_revoke_manual_override" time="0.266" /><testcase classname="backend.tests.test_loyalty_tier.TestLoyaltyTierGuestAndDashboard" name="test_get_guest_tier_info" time="0.071"><skipped type="pytest.skip" message="No guest profiles available">/app/backend/tests/test_loyalty_tier.py:254: No guest profiles available</skipped></testcase><testcase classname="backend.tests.test_loyalty_tier.TestLoyaltyTierGuestAndDashboard" name="test_dashboard_returns_stats" time="0.076" /><testcase classname="backend.tests.test_loyalty_tier.TestRegressionPricingExplainHkTurnover" name="test_pricing_explain_endpoint" time="0.066" /><testcase classname="backend.tests.test_loyalty_tier.TestRegressionPricingExplainHkTurnover" name="test_hk_turnover_dashboard" time="0.093" /></testsuite></testsuites>