<?xml version="1.0" encoding="utf-8"?><testsuites name="pytest tests"><testsuite name="pytest" errors="0" failures="0" skipped="2" tests="17" time="11.690" timestamp="2026-04-25T15:07:18.719511+00:00" hostname="agent-env-a9d7a5c1-de72-4617-a5b9-ed7dde4401f0"><testcase classname="backend.tests.test_iteration172_rm_lab.TestRMLabBackend" name="test_01_forecast_snapshot_creates_rows" time="1.219" /><testcase classname="backend.tests.test_iteration172_rm_lab.TestRMLabBackend" name="test_02_forecast_snapshot_clamps_days" time="0.836" /><testcase classname="backend.tests.test_iteration172_rm_lab.TestRMLabBackend" name="test_03_forecast_accuracy_returns_well_shaped_response" time="0.061" /><testcase classname="backend.tests.test_iteration172_rm_lab.TestRMLabBackend" name="test_04_forecast_accuracy_empty_is_valid" time="0.061" /><testcase classname="backend.tests.test_iteration172_rm_lab.TestRMLabBackend" name="test_05_marketing_automation_run_returns_queued_counts" time="0.058" /><testcase classname="backend.tests.test_iteration172_rm_lab.TestRMLabBackend" name="test_06_marketing_automation_run_is_idempotent" time="0.142" /><testcase classname="backend.tests.test_iteration172_rm_lab.TestRMLabBackend" name="test_07_marketing_queue_returns_well_shaped_response" time="0.076" /><testcase classname="backend.tests.test_iteration172_rm_lab.TestRMLabBackend" name="test_08_marketing_queue_filter_by_status" time="0.058" /><testcase classname="backend.tests.test_iteration172_rm_lab.TestRMLabBackend" name="test_09_marketing_sent_returns_404_for_unknown_id" time="0.059" /><testcase classname="backend.tests.test_iteration172_rm_lab.TestRMLabBackend" name="test_10_marketing_skip_returns_ok" time="0.058" /><testcase classname="backend.tests.test_iteration172_rm_lab.TestRMLabBackend" name="test_11_seed_birthday_guest_and_test_queue" time="0.183" /><testcase classname="backend.tests.test_iteration172_rm_lab.TestRMLabBackend" name="test_12_mark_queue_item_sent" time="0.057"><skipped type="pytest.skip" message="No pending queue items to test sent">/app/backend/tests/test_iteration172_rm_lab.py:304: No pending queue items to test sent</skipped></testcase><testcase classname="backend.tests.test_iteration172_rm_lab.TestRMLabBackend" name="test_13_mark_queue_item_skipped" time="0.057"><skipped type="pytest.skip" message="No pending queue items to test skip">/app/backend/tests/test_iteration172_rm_lab.py:348: No pending queue items to test skip</skipped></testcase><testcase classname="backend.tests.test_iteration172_rm_lab.TestRMLabBackend" name="test_14_regression_pace_reports" time="0.152" /><testcase classname="backend.tests.test_iteration172_rm_lab.TestRMLabBackend" name="test_15_regression_ai_pricing_v2" time="8.288" /><testcase classname="backend.tests.test_iteration172_rm_lab.TestRMLabBackend" name="test_16_regression_parity_heatmap" time="0.102" /><testcase classname="backend.tests.test_iteration172_rm_lab.TestRMLabBackend" name="test_17_regression_morning_brief" time="0.114" /></testsuite></testsuites>