<?xml version="1.0" encoding="utf-8"?><testsuites name="pytest tests"><testsuite name="pytest" errors="0" failures="0" skipped="0" tests="14" time="5.989" timestamp="2026-04-19T22:27:06.038403+00:00" hostname="agent-env-a9d7a5c1-de72-4617-a5b9-ed7dde4401f0"><testcase classname="backend.tests.test_iteration155_payment_mix.TestPaymentMixAPI" name="test_payment_mix_returns_200_for_admin" time="0.647" /><testcase classname="backend.tests.test_iteration155_payment_mix.TestPaymentMixAPI" name="test_payment_mix_response_structure" time="0.436" /><testcase classname="backend.tests.test_iteration155_payment_mix.TestPaymentMixAPI" name="test_payment_mix_four_method_buckets" time="0.437" /><testcase classname="backend.tests.test_iteration155_payment_mix.TestPaymentMixAPI" name="test_payment_mix_method_labels" time="0.403" /><testcase classname="backend.tests.test_iteration155_payment_mix.TestPaymentMixAPI" name="test_payment_mix_percent_sum" time="0.395" /><testcase classname="backend.tests.test_iteration155_payment_mix.TestPaymentMixAPI" name="test_payment_mix_channel_percent_sum" time="0.456" /><testcase classname="backend.tests.test_iteration155_payment_mix.TestPaymentMixAPI" name="test_payment_mix_channels_sorted_desc" time="0.597" /><testcase classname="backend.tests.test_iteration155_payment_mix.TestPaymentMixAPI" name="test_payment_mix_daily_structure" time="0.399" /><testcase classname="backend.tests.test_iteration155_payment_mix.TestPaymentMixAPI" name="test_payment_mix_property_all" time="0.403" /><testcase classname="backend.tests.test_iteration155_payment_mix.TestPaymentMixAPI" name="test_payment_mix_direct_ota_split" time="0.409" /><testcase classname="backend.tests.test_iteration155_payment_mix.TestPaymentMixAuth" name="test_payment_mix_requires_auth" time="0.106" /><testcase classname="backend.tests.test_iteration155_payment_mix.TestPaymentMixAuth" name="test_payment_mix_receptionist_denied" time="0.407" /><testcase classname="backend.tests.test_iteration155_payment_mix.TestPaymentMixEdgeCases" name="test_payment_mix_empty_period" time="0.415" /><testcase classname="backend.tests.test_iteration155_payment_mix.TestPaymentMixEdgeCases" name="test_payment_mix_default_dates" time="0.379" /></testsuite></testsuites>