<?xml version="1.0" encoding="utf-8"?><testsuites name="pytest tests"><testsuite name="pytest" errors="0" failures="0" skipped="0" tests="21" time="6.035" timestamp="2026-04-17T19:56:21.231816+00:00" hostname="agent-env-a9d7a5c1-de72-4617-a5b9-ed7dde4401f0"><testcase classname="backend.tests.test_iteration127_operations.TestAuth" name="test_admin_login" time="0.411" /><testcase classname="backend.tests.test_iteration127_operations.TestShiftScheduler" name="test_get_shifts_returns_structure" time="0.478" /><testcase classname="backend.tests.test_iteration127_operations.TestShiftScheduler" name="test_assign_shift_with_morning_preset" time="0.277" /><testcase classname="backend.tests.test_iteration127_operations.TestShiftScheduler" name="test_assign_shift_with_afternoon_preset" time="0.280" /><testcase classname="backend.tests.test_iteration127_operations.TestShiftScheduler" name="test_bulk_publish_shifts" time="0.195" /><testcase classname="backend.tests.test_iteration127_operations.TestShiftScheduler" name="test_bulk_approve_shifts" time="0.117" /><testcase classname="backend.tests.test_iteration127_operations.TestShiftScheduler" name="test_clear_week_shifts" time="0.124" /><testcase classname="backend.tests.test_iteration127_operations.TestShiftScheduler" name="test_shifts_unauthorized" time="0.138" /><testcase classname="backend.tests.test_iteration127_operations.TestReceptionReport" name="test_reception_report_returns_kpis" time="0.462" /><testcase classname="backend.tests.test_iteration127_operations.TestReceptionReport" name="test_reception_report_unauthorized" time="0.112" /><testcase classname="backend.tests.test_iteration127_operations.TestPassOverDuties" name="test_list_pass_overs_returns_structure" time="0.538" /><testcase classname="backend.tests.test_iteration127_operations.TestPassOverDuties" name="test_list_pass_overs_with_status_filter" time="0.120" /><testcase classname="backend.tests.test_iteration127_operations.TestPassOverDuties" name="test_list_pass_overs_with_priority_filter" time="0.155" /><testcase classname="backend.tests.test_iteration127_operations.TestPassOverDuties" name="test_create_pass_over_success" time="0.266" /><testcase classname="backend.tests.test_iteration127_operations.TestPassOverDuties" name="test_create_pass_over_missing_title_returns_400" time="0.139" /><testcase classname="backend.tests.test_iteration127_operations.TestPassOverDuties" name="test_acknowledge_pass_over" time="0.389" /><testcase classname="backend.tests.test_iteration127_operations.TestPassOverDuties" name="test_archive_pass_over" time="0.490" /><testcase classname="backend.tests.test_iteration127_operations.TestPassOverDuties" name="test_delete_pass_over" time="0.361" /><testcase classname="backend.tests.test_iteration127_operations.TestPassOverDuties" name="test_delete_unknown_id_returns_404" time="0.156" /><testcase classname="backend.tests.test_iteration127_operations.TestPassOverDuties" name="test_pass_over_unauthorized" time="0.115" /><testcase classname="backend.tests.test_iteration127_operations.TestCleanup" name="test_cleanup_test_pass_overs" time="0.597" /></testsuite></testsuites>