<?xml version="1.0" encoding="utf-8"?><testsuites name="pytest tests"><testsuite name="pytest" errors="0" failures="0" skipped="0" tests="20" time="5.611" timestamp="2026-04-15T13:35:20.346480+00:00" hostname="agent-env-a9d7a5c1-de72-4617-a5b9-ed7dde4401f0"><testcase classname="backend.tests.test_iteration75_kiosk_welcome_info.TestKioskLookup" name="test_kiosk_lookup_with_valid_query" time="0.241" /><testcase classname="backend.tests.test_iteration75_kiosk_welcome_info.TestKioskLookup" name="test_kiosk_lookup_short_query" time="0.111" /><testcase classname="backend.tests.test_iteration75_kiosk_welcome_info.TestKioskLookup" name="test_kiosk_lookup_empty_query" time="0.126" /><testcase classname="backend.tests.test_iteration75_kiosk_welcome_info.TestKioskLookup" name="test_kiosk_lookup_no_results" time="0.186" /><testcase classname="backend.tests.test_iteration75_kiosk_welcome_info.TestKioskLookup" name="test_kiosk_lookup_by_booking_ref" time="0.173" /><testcase classname="backend.tests.test_iteration75_kiosk_welcome_info.TestKioskLookup" name="test_kiosk_lookup_is_public" time="0.172" /><testcase classname="backend.tests.test_iteration75_kiosk_welcome_info.TestKioskRegister" name="test_kiosk_register_creates_registration" time="0.165" /><testcase classname="backend.tests.test_iteration75_kiosk_welcome_info.TestKioskRegister" name="test_kiosk_register_returns_existing_token" time="0.169" /><testcase classname="backend.tests.test_iteration75_kiosk_welcome_info.TestKioskRegister" name="test_kiosk_register_missing_booking_id" time="0.117" /><testcase classname="backend.tests.test_iteration75_kiosk_welcome_info.TestKioskRegister" name="test_kiosk_register_invalid_booking_id" time="0.106" /><testcase classname="backend.tests.test_iteration75_kiosk_welcome_info.TestKioskRegister" name="test_kiosk_register_is_public" time="0.120" /><testcase classname="backend.tests.test_iteration75_kiosk_welcome_info.TestWelcomeInfo" name="test_get_welcome_info_returns_defaults" time="0.392" /><testcase classname="backend.tests.test_iteration75_kiosk_welcome_info.TestWelcomeInfo" name="test_update_welcome_info" time="0.451" /><testcase classname="backend.tests.test_iteration75_kiosk_welcome_info.TestWelcomeInfo" name="test_welcome_info_requires_auth" time="0.547" /><testcase classname="backend.tests.test_iteration75_kiosk_welcome_info.TestWelcomeInfo" name="test_welcome_info_empty_lists" time="0.443" /><testcase classname="backend.tests.test_iteration75_kiosk_welcome_info.TestSatisfactionSMSWhatsApp" name="test_send_satisfaction_check_endpoint" time="0.382" /><testcase classname="backend.tests.test_iteration75_kiosk_welcome_info.TestSatisfactionSMSWhatsApp" name="test_list_satisfaction_checks" time="0.397" /><testcase classname="backend.tests.test_iteration75_kiosk_welcome_info.TestGuestJourneyTabs" name="test_registrations_list" time="0.398" /><testcase classname="backend.tests.test_iteration75_kiosk_welcome_info.TestGuestJourneyTabs" name="test_satisfaction_checks_list" time="0.388" /><testcase classname="backend.tests.test_iteration75_kiosk_welcome_info.TestGuestJourneyTabs" name="test_welcome_info_get" time="0.424" /></testsuite></testsuites>