<?xml version="1.0" encoding="utf-8"?><testsuites name="pytest tests"><testsuite name="pytest" errors="0" failures="0" skipped="0" tests="14" time="13.371" timestamp="2026-04-11T11:03:24.175091+00:00" hostname="agent-env-a9d7a5c1-de72-4617-a5b9-ed7dde4401f0"><testcase classname="backend.tests.test_iteration33_ai_concierge_spaces.TestSpacesAPI" name="test_get_spaces_for_property" time="0.125" /><testcase classname="backend.tests.test_iteration33_ai_concierge_spaces.TestSpacesAPI" name="test_get_spaces_nonexistent_property" time="0.144" /><testcase classname="backend.tests.test_iteration33_ai_concierge_spaces.TestSpacesAPI" name="test_book_space_success" time="0.233" /><testcase classname="backend.tests.test_iteration33_ai_concierge_spaces.TestSpacesAPI" name="test_book_space_invalid_time" time="0.211" /><testcase classname="backend.tests.test_iteration33_ai_concierge_spaces.TestSpacesAPI" name="test_book_space_not_found" time="0.141" /><testcase classname="backend.tests.test_iteration33_ai_concierge_spaces.TestSpacesAPI" name="test_book_conference_room_pricing" time="0.233" /><testcase classname="backend.tests.test_iteration33_ai_concierge_spaces.TestAIConciergeAPI" name="test_concierge_chat_basic" time="1.775" /><testcase classname="backend.tests.test_iteration33_ai_concierge_spaces.TestAIConciergeAPI" name="test_concierge_chat_session_tracking" time="5.041" /><testcase classname="backend.tests.test_iteration33_ai_concierge_spaces.TestAIConciergeAPI" name="test_concierge_chat_about_spaces" time="2.795" /><testcase classname="backend.tests.test_iteration33_ai_concierge_spaces.TestAIConciergeAPI" name="test_concierge_chat_about_facilities" time="2.075" /><testcase classname="backend.tests.test_iteration33_ai_concierge_spaces.TestExistingBookingEngineFlows" name="test_get_property" time="0.126" /><testcase classname="backend.tests.test_iteration33_ai_concierge_spaces.TestExistingBookingEngineFlows" name="test_get_rooms" time="0.119" /><testcase classname="backend.tests.test_iteration33_ai_concierge_spaces.TestExistingBookingEngineFlows" name="test_get_reviews" time="0.109" /><testcase classname="backend.tests.test_iteration33_ai_concierge_spaces.TestSpaceTemplates" name="test_get_space_templates" time="0.148" /></testsuite></testsuites>