<?xml version="1.0" encoding="utf-8"?><testsuites name="pytest tests"><testsuite name="pytest" errors="0" failures="0" skipped="0" tests="21" time="2.087" timestamp="2026-04-11T12:51:41.915942+00:00" hostname="agent-env-a9d7a5c1-de72-4617-a5b9-ed7dde4401f0"><testcase classname="backend.tests.test_iteration36_automation_engine.TestAutomationRulesAPI" name="test_get_rules_returns_6_defaults" time="0.553" /><testcase classname="backend.tests.test_iteration36_automation_engine.TestAutomationRulesAPI" name="test_get_rules_idempotent" time="0.089" /><testcase classname="backend.tests.test_iteration36_automation_engine.TestAutomationRulesAPI" name="test_create_new_rule" time="0.046" /><testcase classname="backend.tests.test_iteration36_automation_engine.TestAutomationRulesAPI" name="test_toggle_rule" time="0.134" /><testcase classname="backend.tests.test_iteration36_automation_engine.TestAutomationRulesAPI" name="test_update_rule" time="0.044" /><testcase classname="backend.tests.test_iteration36_automation_engine.TestAutomationRulesAPI" name="test_delete_rule" time="0.043" /><testcase classname="backend.tests.test_iteration36_automation_engine.TestAutomationRunAPI" name="test_run_automation_no_bookings" time="0.053" /><testcase classname="backend.tests.test_iteration36_automation_engine.TestAutomationRunAPI" name="test_run_automation_returns_per_rule_stats" time="0.047" /><testcase classname="backend.tests.test_iteration36_automation_engine.TestAutomationLogsAPI" name="test_get_logs" time="0.049" /><testcase classname="backend.tests.test_iteration36_automation_engine.TestAutomationLogsAPI" name="test_get_logs_with_limit" time="0.043" /><testcase classname="backend.tests.test_iteration36_automation_engine.TestAutomationStatsAPI" name="test_get_stats" time="0.047" /><testcase classname="backend.tests.test_iteration36_automation_engine.TestAutomationPreviewAPI" name="test_preview_template" time="0.046" /><testcase classname="backend.tests.test_iteration36_automation_engine.TestAutomationPreviewAPI" name="test_preview_with_links" time="0.045" /><testcase classname="backend.tests.test_iteration36_automation_engine.TestAutomationRuleDefaults" name="test_pre_arrival_rule_config" time="0.043" /><testcase classname="backend.tests.test_iteration36_automation_engine.TestAutomationRuleDefaults" name="test_day_of_arrival_rule_config" time="0.044" /><testcase classname="backend.tests.test_iteration36_automation_engine.TestAutomationRuleDefaults" name="test_post_checkout_rules" time="0.044" /><testcase classname="backend.tests.test_iteration36_automation_engine.TestAutomationRuleDefaults" name="test_cart_abandonment_rule" time="0.048" /><testcase classname="backend.tests.test_iteration36_automation_engine.TestAutomationAuth" name="test_rules_requires_auth" time="0.142" /><testcase classname="backend.tests.test_iteration36_automation_engine.TestAutomationAuth" name="test_run_requires_auth" time="0.180" /><testcase classname="backend.tests.test_iteration36_automation_engine.TestAutomationAuth" name="test_stats_requires_auth" time="0.127" /><testcase classname="backend.tests.test_iteration36_automation_engine.TestAutomationAuth" name="test_logs_requires_auth" time="0.113" /></testsuite></testsuites>