<?xml version="1.0" encoding="utf-8"?><testsuites name="pytest tests"><testsuite name="pytest" errors="0" failures="0" skipped="0" tests="11" time="2.323" timestamp="2026-04-16T08:43:00.717199+00:00" hostname="agent-env-a9d7a5c1-de72-4617-a5b9-ed7dde4401f0"><testcase classname="backend.tests.test_iteration90_booking_widget.TestBookingWidgetInfo" name="test_get_hotel_info_success" time="0.218" /><testcase classname="backend.tests.test_iteration90_booking_widget.TestBookingWidgetInfo" name="test_hotel_info_room_structure" time="0.139" /><testcase classname="backend.tests.test_iteration90_booking_widget.TestBookingWidgetInfo" name="test_hotel_info_nonexistent_property" time="0.133" /><testcase classname="backend.tests.test_iteration90_booking_widget.TestBookingWidgetAvailability" name="test_check_availability_success" time="0.204" /><testcase classname="backend.tests.test_iteration90_booking_widget.TestBookingWidgetAvailability" name="test_availability_room_pricing" time="0.133" /><testcase classname="backend.tests.test_iteration90_booking_widget.TestBookingWidgetAvailability" name="test_availability_missing_fields" time="0.278" /><testcase classname="backend.tests.test_iteration90_booking_widget.TestBookingWidgetBook" name="test_create_booking_success" time="0.142" /><testcase classname="backend.tests.test_iteration90_booking_widget.TestBookingWidgetBook" name="test_create_booking_missing_required_fields" time="0.260" /><testcase classname="backend.tests.test_iteration90_booking_widget.TestBookingWidgetBook" name="test_create_booking_nights_calculation" time="0.166" /><testcase classname="backend.tests.test_iteration90_booking_widget.TestBookingWidgetBook" name="test_create_booking_with_special_requests" time="0.137" /><testcase classname="backend.tests.test_iteration90_booking_widget.TestBookingWidgetIntegration" name="test_full_booking_flow" time="0.422" /></testsuite></testsuites>