<?xml version="1.0" encoding="utf-8"?><testsuites name="pytest tests"><testsuite name="pytest" errors="0" failures="0" skipped="0" tests="9" time="7.899" timestamp="2026-04-17T09:45:08.099603+00:00" hostname="agent-env-a9d7a5c1-de72-4617-a5b9-ed7dde4401f0"><testcase classname="backend.tests.test_iteration114_occupancy_pickup_bookings.TestOccupancyPickupEndpoint" name="test_occupancy_pickup_24h_window" time="1.151" /><testcase classname="backend.tests.test_iteration114_occupancy_pickup_bookings.TestOccupancyPickupEndpoint" name="test_occupancy_pickup_3d_window" time="1.077" /><testcase classname="backend.tests.test_iteration114_occupancy_pickup_bookings.TestOccupancyPickupEndpoint" name="test_occupancy_pickup_7d_window" time="1.163" /><testcase classname="backend.tests.test_iteration114_occupancy_pickup_bookings.TestOccupancyPickupEndpoint" name="test_pickup_windows_return_different_values" time="2.691" /><testcase classname="backend.tests.test_iteration114_occupancy_pickup_bookings.TestRecentBookingsEndpoint" name="test_recent_bookings_7_days" time="0.465" /><testcase classname="backend.tests.test_iteration114_occupancy_pickup_bookings.TestRecentBookingsEndpoint" name="test_recent_bookings_summary" time="0.501" /><testcase classname="backend.tests.test_iteration114_occupancy_pickup_bookings.TestRecentBookingsEndpoint" name="test_recent_bookings_data_types" time="0.532" /><testcase classname="backend.tests.test_iteration114_occupancy_pickup_bookings.TestEndpointAuthentication" name="test_occupancy_pickup_requires_auth" time="0.113" /><testcase classname="backend.tests.test_iteration114_occupancy_pickup_bookings.TestEndpointAuthentication" name="test_recent_bookings_requires_auth" time="0.107" /></testsuite></testsuites>