<?xml version="1.0" encoding="utf-8"?><testsuites name="pytest tests"><testsuite name="pytest" errors="0" failures="0" skipped="0" tests="20" time="2.681" timestamp="2026-04-27T17:35:17.355898+00:00" hostname="agent-env-a9d7a5c1-de72-4617-a5b9-ed7dde4401f0"><testcase classname="backend.tests.test_iteration225_batch12_13.TestBatch12TodayHubAPIs" name="test_morning_brief_endpoint" time="0.549" /><testcase classname="backend.tests.test_iteration225_batch12_13.TestBatch12TodayHubAPIs" name="test_tier1_dashboard_endpoint" time="0.071" /><testcase classname="backend.tests.test_iteration225_batch12_13.TestBatch13KBSEndpoints" name="test_kbs_export_endpoint" time="0.086" /><testcase classname="backend.tests.test_iteration225_batch12_13.TestBatch13KBSEndpoints" name="test_kbs_history_endpoint" time="0.068" /><testcase classname="backend.tests.test_iteration225_batch12_13.TestBatch13KBSEndpoints" name="test_kbs_export_download" time="0.178" /><testcase classname="backend.tests.test_iteration225_batch12_13.TestBatch13KBSEndpoints" name="test_kbs_mark_sent" time="0.187" /><testcase classname="backend.tests.test_iteration225_batch12_13.TestBatch13KBSEndpoints" name="test_kbs_export_not_found" time="0.076" /><testcase classname="backend.tests.test_iteration225_batch12_13.TestBatch13EFaturaEndpoints" name="test_efatura_list_endpoint" time="0.060" /><testcase classname="backend.tests.test_iteration225_batch12_13.TestBatch13EFaturaEndpoints" name="test_efatura_build_requires_booking" time="0.060" /><testcase classname="backend.tests.test_iteration225_batch12_13.TestBatch13EFaturaEndpoints" name="test_efatura_build_with_valid_booking" time="0.144" /><testcase classname="backend.tests.test_iteration225_batch12_13.TestBatch13EFaturaEndpoints" name="test_efatura_build_efatura_type" time="0.143" /><testcase classname="backend.tests.test_iteration225_batch12_13.TestBatch13EFaturaEndpoints" name="test_efatura_mark_submitted" time="0.184" /><testcase classname="backend.tests.test_iteration225_batch12_13.TestBatch13EFaturaEndpoints" name="test_efatura_mark_submitted_not_found" time="0.058" /><testcase classname="backend.tests.test_iteration225_batch12_13.TestBatch13XMLValidation" name="test_xml_currency_match" time="0.127" /><testcase classname="backend.tests.test_iteration225_batch12_13.TestBatch13XMLValidation" name="test_xml_legal_monetary_total_calculated" time="0.128" /><testcase classname="backend.tests.test_iteration225_batch12_13.TestSmokeRegression" name="test_login_works" time="0.000" /><testcase classname="backend.tests.test_iteration225_batch12_13.TestSmokeRegression" name="test_tier1_dashboard_still_works" time="0.104" /><testcase classname="backend.tests.test_iteration225_batch12_13.TestSmokeRegression" name="test_morning_brief_still_works" time="0.098" /><testcase classname="backend.tests.test_iteration225_batch12_13.TestAuthRequired" name="test_kbs_export_requires_auth" time="0.161" /><testcase classname="backend.tests.test_iteration225_batch12_13.TestAuthRequired" name="test_efatura_build_requires_auth" time="0.118" /></testsuite></testsuites>