<?xml version="1.0" encoding="utf-8"?><testsuites name="pytest tests"><testsuite name="pytest" errors="0" failures="0" skipped="0" tests="15" time="54.783" timestamp="2026-05-15T21:23:38.921754+00:00" hostname="agent-env-a9d7a5c1-de72-4617-a5b9-ed7dde4401f0"><testcase classname="backend.tests.test_iteration302_fleet_validate_geo.TestFleetValidateGeoAuth" name="test_unauthenticated_returns_401" time="0.718" /><testcase classname="backend.tests.test_iteration302_fleet_validate_geo.TestFleetValidateGeoAuth" name="test_receptionist_returns_403" time="0.483" /><testcase classname="backend.tests.test_iteration302_fleet_validate_geo.TestFleetValidateGeoAuth" name="test_admin_returns_200" time="2.690" /><testcase classname="backend.tests.test_iteration302_fleet_validate_geo.TestFleetValidateGeoDryRun" name="test_dry_run_returns_report_structure" time="2.790" /><testcase classname="backend.tests.test_iteration302_fleet_validate_geo.TestFleetValidateGeoDryRun" name="test_dry_run_result_entry_structure" time="1.667" /><testcase classname="backend.tests.test_iteration302_fleet_validate_geo.TestFleetValidateGeoDryRun" name="test_dry_run_camden_suites_ok_status" time="2.678" /><testcase classname="backend.tests.test_iteration302_fleet_validate_geo.TestFleetValidateGeoPropertyFilter" name="test_property_ids_filter_single" time="2.626" /><testcase classname="backend.tests.test_iteration302_fleet_validate_geo.TestFleetValidateGeoPropertyFilter" name="test_property_ids_filter_multiple" time="4.844" /><testcase classname="backend.tests.test_iteration302_fleet_validate_geo.TestFleetValidateGeoEdgeCases" name="test_property_without_coordinates_skipped" time="6.510" /><testcase classname="backend.tests.test_iteration302_fleet_validate_geo.TestFleetValidateGeoFixMode" name="test_fix_mode_repairs_corrupted_property" time="11.259" /><testcase classname="backend.tests.test_iteration302_fleet_validate_geo.TestReverseGeocodeHelper" name="test_reverse_geocode_london_coords" time="0.147" /><testcase classname="backend.tests.test_iteration302_fleet_validate_geo.TestReverseGeocodeHelper" name="test_reverse_geocode_boston_coords" time="0.066" /><testcase classname="backend.tests.test_iteration302_fleet_validate_geo.TestRegressionExistingEndpoints" name="test_auto_geocode_endpoint_still_works" time="1.280" /><testcase classname="backend.tests.test_iteration302_fleet_validate_geo.TestRegressionExistingEndpoints" name="test_competitors_discover_endpoint_still_works" time="15.239" /><testcase classname="backend.tests.test_iteration302_fleet_validate_geo.TestRegressionExistingEndpoints" name="test_fleet_reset_neighbors_still_works" time="1.678" /></testsuite></testsuites>