<?xml version="1.0" encoding="utf-8"?><testsuites name="pytest tests"><testsuite name="pytest" errors="0" failures="0" skipped="0" tests="12" time="6.391" timestamp="2026-04-25T18:34:46.246106+00:00" hostname="agent-env-a9d7a5c1-de72-4617-a5b9-ed7dde4401f0"><testcase classname="backend.tests.test_iteration176_group_requests.TestGroupBookingRequests" name="test_01_submit_group_request_public" time="1.371" /><testcase classname="backend.tests.test_iteration176_group_requests.TestGroupBookingRequests" name="test_02_list_group_requests_admin" time="0.410" /><testcase classname="backend.tests.test_iteration176_group_requests.TestGroupBookingRequests" name="test_03_list_requires_auth" time="0.480" /><testcase classname="backend.tests.test_iteration176_group_requests.TestGroupBookingRequests" name="test_04_update_status_to_quoted" time="0.391" /><testcase classname="backend.tests.test_iteration176_group_requests.TestGroupBookingRequests" name="test_05_update_status_to_confirmed" time="0.424" /><testcase classname="backend.tests.test_iteration176_group_requests.TestGroupBookingRequests" name="test_06_update_status_to_cancelled" time="0.441" /><testcase classname="backend.tests.test_iteration176_group_requests.TestGroupBookingRequests" name="test_07_update_requires_auth" time="0.443" /><testcase classname="backend.tests.test_iteration176_group_requests.TestGroupBookingRequests" name="test_08_verify_request_persisted" time="0.412" /><testcase classname="backend.tests.test_iteration176_group_requests.TestRegressionSmoke" name="test_admin_login_works" time="0.662" /><testcase classname="backend.tests.test_iteration176_group_requests.TestRegressionSmoke" name="test_concierge_sessions_endpoint" time="0.444" /><testcase classname="backend.tests.test_iteration176_group_requests.TestRegressionSmoke" name="test_rm_lab_endpoint" time="0.420" /><testcase classname="backend.tests.test_iteration176_group_requests.TestRegressionSmoke" name="test_group_bookings_master_folio_different" time="0.398" /></testsuite></testsuites>