<?xml version="1.0" encoding="utf-8"?><testsuites name="pytest tests"><testsuite name="pytest" errors="0" failures="0" skipped="0" tests="32" time="7.392" timestamp="2026-04-10T20:44:02.109431+00:00" hostname="agent-env-a9d7a5c1-de72-4617-a5b9-ed7dde4401f0"><testcase classname="backend.tests.test_integration_guide_delivery_log.TestAuth" name="test_login_success" time="0.366" /><testcase classname="backend.tests.test_integration_guide_delivery_log.TestIntegrationGuide" name="test_integration_guide_returns_200" time="0.481" /><testcase classname="backend.tests.test_integration_guide_delivery_log.TestIntegrationGuide" name="test_integration_guide_has_title" time="0.118" /><testcase classname="backend.tests.test_integration_guide_delivery_log.TestIntegrationGuide" name="test_integration_guide_has_base_url" time="0.119" /><testcase classname="backend.tests.test_integration_guide_delivery_log.TestIntegrationGuide" name="test_integration_guide_has_5_steps" time="0.113" /><testcase classname="backend.tests.test_integration_guide_delivery_log.TestIntegrationGuide" name="test_integration_guide_has_api_endpoints" time="0.133" /><testcase classname="backend.tests.test_integration_guide_delivery_log.TestIntegrationGuide" name="test_integration_guide_has_webhook_payload_example" time="0.134" /><testcase classname="backend.tests.test_integration_guide_delivery_log.TestIntegrationGuide" name="test_integration_guide_has_webhook_headers" time="0.217" /><testcase classname="backend.tests.test_integration_guide_delivery_log.TestWebhookDeliveryLog" name="test_webhook_test_creates_delivery_log" time="1.610" /><testcase classname="backend.tests.test_integration_guide_delivery_log.TestWebhookDeliveryLog" name="test_delivery_log_returns_list" time="0.108" /><testcase classname="backend.tests.test_integration_guide_delivery_log.TestWebhookDeliveryLog" name="test_delivery_log_entry_structure" time="0.110" /><testcase classname="backend.tests.test_integration_guide_delivery_log.TestWebhookDeliveryLog" name="test_delivery_log_shows_event_type" time="0.104" /><testcase classname="backend.tests.test_integration_guide_delivery_log.TestWebhookDeliveryLog" name="test_delivery_log_shows_http_status" time="0.115" /><testcase classname="backend.tests.test_integration_guide_delivery_log.TestWebhookDeliveryLog" name="test_delivery_log_shows_response_time" time="0.113" /><testcase classname="backend.tests.test_integration_guide_delivery_log.TestWebhookDeliveryLog" name="test_delivery_log_shows_timestamp" time="0.143" /><testcase classname="backend.tests.test_integration_guide_delivery_log.TestWebhookDeliveryLog" name="test_delivery_log_nonexistent_webhook_returns_404" time="0.133" /><testcase classname="backend.tests.test_integration_guide_delivery_log.TestWebhookDeliveryLog" name="test_delivery_log_requires_auth" time="0.128" /><testcase classname="backend.tests.test_integration_guide_delivery_log.TestSidebarNavigation" name="test_reviews_endpoint_works" time="0.507" /><testcase classname="backend.tests.test_integration_guide_delivery_log.TestSidebarNavigation" name="test_analytics_endpoint_works" time="0.136" /><testcase classname="backend.tests.test_integration_guide_delivery_log.TestSidebarNavigation" name="test_templates_endpoint_works" time="0.142" /><testcase classname="backend.tests.test_integration_guide_delivery_log.TestSidebarNavigation" name="test_approvals_endpoint_works" time="0.140" /><testcase classname="backend.tests.test_integration_guide_delivery_log.TestSidebarNavigation" name="test_integrations_endpoint_works" time="0.139" /><testcase classname="backend.tests.test_integration_guide_delivery_log.TestSidebarNavigation" name="test_api_keys_endpoint_works" time="0.103" /><testcase classname="backend.tests.test_integration_guide_delivery_log.TestSidebarNavigation" name="test_webhooks_endpoint_works" time="0.118" /><testcase classname="backend.tests.test_integration_guide_delivery_log.TestSidebarNavigation" name="test_integration_guide_endpoint_works" time="0.111" /><testcase classname="backend.tests.test_integration_guide_delivery_log.TestSidebarNavigation" name="test_notifications_endpoint_works" time="0.119" /><testcase classname="backend.tests.test_integration_guide_delivery_log.TestSidebarNavigation" name="test_reports_endpoint_works" time="0.115" /><testcase classname="backend.tests.test_integration_guide_delivery_log.TestSidebarNavigation" name="test_branding_endpoint_works" time="0.114" /><testcase classname="backend.tests.test_integration_guide_delivery_log.TestSidebarNavigation" name="test_users_endpoint_works" time="0.122" /><testcase classname="backend.tests.test_integration_guide_delivery_log.TestExistingFeatures" name="test_reviews_stats_summary" time="0.444" /><testcase classname="backend.tests.test_integration_guide_delivery_log.TestExistingFeatures" name="test_api_key_crud" time="0.374" /><testcase classname="backend.tests.test_integration_guide_delivery_log.TestExistingFeatures" name="test_webhook_crud" time="0.351" /></testsuite></testsuites>