<?xml version="1.0" encoding="utf-8"?><testsuites name="pytest tests"><testsuite name="pytest" errors="0" failures="0" skipped="0" tests="14" time="9.748" timestamp="2026-04-17T09:30:17.993814+00:00" hostname="agent-env-a9d7a5c1-de72-4617-a5b9-ed7dde4401f0"><testcase classname="backend.tests.test_iteration113_demand_ranges.TestDemandDashboardRanges" name="test_range_1_day_today" time="0.485" /><testcase classname="backend.tests.test_iteration113_demand_ranges.TestDemandDashboardRanges" name="test_range_7_days" time="0.467" /><testcase classname="backend.tests.test_iteration113_demand_ranges.TestDemandDashboardRanges" name="test_range_15_days" time="0.519" /><testcase classname="backend.tests.test_iteration113_demand_ranges.TestDemandDashboardRanges" name="test_range_30_days" time="0.535" /><testcase classname="backend.tests.test_iteration113_demand_ranges.TestDemandDashboardRanges" name="test_range_60_days" time="0.650" /><testcase classname="backend.tests.test_iteration113_demand_ranges.TestDemandDashboardRanges" name="test_range_90_days" time="0.776" /><testcase classname="backend.tests.test_iteration113_demand_ranges.TestDemandDashboardRanges" name="test_range_180_days" time="1.123" /><testcase classname="backend.tests.test_iteration113_demand_ranges.TestDemandDashboardRanges" name="test_range_365_days" time="1.774" /><testcase classname="backend.tests.test_iteration113_demand_ranges.TestThreeColumnComparison" name="test_our_hotel_kpis" time="0.564" /><testcase classname="backend.tests.test_iteration113_demand_ranges.TestThreeColumnComparison" name="test_market_average_kpis" time="0.576" /><testcase classname="backend.tests.test_iteration113_demand_ranges.TestThreeColumnComparison" name="test_competitors_kpis" time="0.577" /><testcase classname="backend.tests.test_iteration113_demand_ranges.TestThreeColumnComparison" name="test_all_six_kpis_present" time="0.556" /><testcase classname="backend.tests.test_iteration113_demand_ranges.TestQuickStatsKPIs" name="test_quick_stats_kpis" time="0.583" /><testcase classname="backend.tests.test_iteration113_demand_ranges.TestDailyDataFields" name="test_daily_data_fields" time="0.460" /></testsuite></testsuites>