<?xml version="1.0" encoding="utf-8"?><testsuites name="pytest tests"><testsuite name="pytest" errors="0" failures="0" skipped="0" tests="16" time="8.049" timestamp="2026-04-19T19:57:15.376557+00:00" hostname="agent-env-a9d7a5c1-de72-4617-a5b9-ed7dde4401f0"><testcase classname="backend.tests.test_iteration152_multicurrency_lines.TestIteration152MultiCurrencyLines" name="test_fx_rates_returns_41_currencies" time="0.492" /><testcase classname="backend.tests.test_iteration152_multicurrency_lines.TestIteration152MultiCurrencyLines" name="test_fx_rates_includes_kwd_above_1" time="0.459" /><testcase classname="backend.tests.test_iteration152_multicurrency_lines.TestIteration152MultiCurrencyLines" name="test_fx_settings_available_codes_41_plus" time="0.386" /><testcase classname="backend.tests.test_iteration152_multicurrency_lines.TestIteration152MultiCurrencyLines" name="test_create_invoice_with_multicurrency_lines" time="0.559" /><testcase classname="backend.tests.test_iteration152_multicurrency_lines.TestIteration152MultiCurrencyLines" name="test_invoice_amount_ignored_when_lines_provided" time="0.581" /><testcase classname="backend.tests.test_iteration152_multicurrency_lines.TestIteration152MultiCurrencyLines" name="test_invoice_with_kwd_high_rate_conversion" time="0.587" /><testcase classname="backend.tests.test_iteration152_multicurrency_lines.TestIteration152MultiCurrencyLines" name="test_invoice_pdf_with_lines_returns_valid_pdf" time="0.677" /><testcase classname="backend.tests.test_iteration152_multicurrency_lines.TestIteration152MultiCurrencyLines" name="test_invoice_without_lines_still_works" time="0.569" /><testcase classname="backend.tests.test_iteration152_multicurrency_lines.TestIteration152MultiCurrencyLines" name="test_convert_endpoint_with_new_currencies" time="0.475" /><testcase classname="backend.tests.test_iteration152_multicurrency_lines.TestIteration152MultiCurrencyLines" name="test_convert_cross_currency_via_base" time="0.403" /><testcase classname="backend.tests.test_iteration152_multicurrency_lines.TestIteration152Regression" name="test_fx_settings_endpoint" time="0.468" /><testcase classname="backend.tests.test_iteration152_multicurrency_lines.TestIteration152Regression" name="test_fx_rates_endpoint" time="0.409" /><testcase classname="backend.tests.test_iteration152_multicurrency_lines.TestIteration152Regression" name="test_city_ledger_companies_crud" time="0.507" /><testcase classname="backend.tests.test_iteration152_multicurrency_lines.TestIteration152Regression" name="test_city_ledger_invoices_crud" time="0.586" /><testcase classname="backend.tests.test_iteration152_multicurrency_lines.TestIteration152Regression" name="test_ar_aging_endpoint" time="0.395" /><testcase classname="backend.tests.test_iteration152_multicurrency_lines.TestIteration152Regression" name="test_portfolio_summary_endpoint" time="0.390" /></testsuite></testsuites>