<?xml version="1.0" encoding="utf-8"?><testsuites name="pytest tests"><testsuite name="pytest" errors="0" failures="0" skipped="0" tests="26" time="40.297" timestamp="2026-05-15T06:53:06.295587+00:00" hostname="agent-env-a9d7a5c1-de72-4617-a5b9-ed7dde4401f0"><testcase classname="test_reports.pytest_tests.test_iteration299_city_migration.TestChangeCityValidation" name="test_change_city_missing_new_city_returns_400" time="0.575" /><testcase classname="test_reports.pytest_tests.test_iteration299_city_migration.TestChangeCityValidation" name="test_change_city_empty_new_city_returns_400" time="0.158" /><testcase classname="test_reports.pytest_tests.test_iteration299_city_migration.TestChangeCityValidation" name="test_change_city_whitespace_only_returns_400" time="0.128" /><testcase classname="test_reports.pytest_tests.test_iteration299_city_migration.TestChangeCitySameCityNoChange" name="test_change_city_same_city_returns_no_change" time="0.276" /><testcase classname="test_reports.pytest_tests.test_iteration299_city_migration.TestChangeCitySameCityNoChange" name="test_change_city_same_city_case_insensitive" time="0.255" /><testcase classname="test_reports.pytest_tests.test_iteration299_city_migration.TestChangeCityFullFlow" name="test_change_city_full_migration_flow" time="0.801" /><testcase classname="test_reports.pytest_tests.test_iteration299_city_migration.TestChangeCityFullFlow" name="test_change_city_with_auto_scan_triggered" time="0.273" /><testcase classname="test_reports.pytest_tests.test_iteration299_city_migration.TestMigrationsHistory" name="test_migrations_endpoint_exists" time="0.149" /><testcase classname="test_reports.pytest_tests.test_iteration299_city_migration.TestMigrationsHistory" name="test_migrations_returns_audit_log" time="35.785" /><testcase classname="test_reports.pytest_tests.test_iteration299_city_migration.TestChangeCityRBAC" name="test_change_city_admin_allowed" time="0.138" /><testcase classname="test_reports.pytest_tests.test_iteration299_city_migration.TestChangeCityRBAC" name="test_change_city_receptionist_denied" time="0.511" /><testcase classname="test_reports.pytest_tests.test_iteration299_city_migration.TestChangeCityRBAC" name="test_change_city_unauthenticated_denied" time="0.106" /><testcase classname="test_reports.pytest_tests.test_iteration299_city_migration.TestChangeCityRBAC" name="test_migrations_admin_allowed" time="0.120" /><testcase classname="test_reports.pytest_tests.test_iteration299_city_migration.TestChangeCityRBAC" name="test_migrations_receptionist_denied" time="0.131" /><testcase classname="test_reports.pytest_tests.test_iteration299_city_migration.TestChangeCityRBAC" name="test_migrations_unauthenticated_denied" time="0.122" /><testcase classname="test_reports.pytest_tests.test_iteration299_city_migration.TestRegressionExistingEndpoints" name="test_get_events_still_works" time="0.115" /><testcase classname="test_reports.pytest_tests.test_iteration299_city_migration.TestRegressionExistingEndpoints" name="test_cleanup_foreign_still_works" time="0.136" /><testcase classname="test_reports.pytest_tests.test_iteration299_city_migration.TestRegressionExistingEndpoints" name="test_add_event_still_works" time="0.163" /><testcase classname="test_reports.pytest_tests.test_iteration299_city_migration.TestRegressionExistingEndpoints" name="test_delete_event_still_works" time="0.220" /><testcase classname="test_reports.pytest_tests.test_iteration299_city_migration.TestFrontendDataTestIds" name="test_event_change_city_btn_testid" time="0.003" /><testcase classname="test_reports.pytest_tests.test_iteration299_city_migration.TestFrontendDataTestIds" name="test_event_migrate_modal_testid" time="0.002" /><testcase classname="test_reports.pytest_tests.test_iteration299_city_migration.TestFrontendDataTestIds" name="test_event_migrate_city_input_testid" time="0.002" /><testcase classname="test_reports.pytest_tests.test_iteration299_city_migration.TestFrontendDataTestIds" name="test_event_migrate_autoscan_testid" time="0.002" /><testcase classname="test_reports.pytest_tests.test_iteration299_city_migration.TestFrontendDataTestIds" name="test_event_migrate_clear_overrides_testid" time="0.002" /><testcase classname="test_reports.pytest_tests.test_iteration299_city_migration.TestFrontendDataTestIds" name="test_event_migrate_submit_testid" time="0.002" /><testcase classname="test_reports.pytest_tests.test_iteration299_city_migration.TestFrontendDataTestIds" name="test_event_migrate_cancel_testid" time="0.002" /></testsuite></testsuites>