<?xml version="1.0" encoding="utf-8"?><testsuites name="pytest tests"><testsuite name="pytest" errors="0" failures="0" skipped="0" tests="12" time="9.972" timestamp="2026-04-16T22:21:33.226807+00:00" hostname="agent-env-a9d7a5c1-de72-4617-a5b9-ed7dde4401f0"><testcase classname="backend.tests.test_iteration104_event_intelligence.TestEventIntelligenceIntegration" name="test_dynamic_pricing_calculate_returns_90_days" time="0.969" /><testcase classname="backend.tests.test_iteration104_event_intelligence.TestEventIntelligenceIntegration" name="test_dynamic_pricing_calculate_includes_event_data_source" time="0.781" /><testcase classname="backend.tests.test_iteration104_event_intelligence.TestEventIntelligenceIntegration" name="test_dynamic_pricing_calculate_includes_event_in_breakdown" time="0.778" /><testcase classname="backend.tests.test_iteration104_event_intelligence.TestEventIntelligenceIntegration" name="test_dynamic_pricing_calculate_price_columns" time="0.783" /><testcase classname="backend.tests.test_iteration104_event_intelligence.TestEventIntelligenceIntegration" name="test_dynamic_pricing_apply_returns_applied_count" time="0.892" /><testcase classname="backend.tests.test_iteration104_event_intelligence.TestEventIntelligenceIntegration" name="test_get_events_returns_list_and_counts" time="0.499" /><testcase classname="backend.tests.test_iteration104_event_intelligence.TestEventIntelligenceIntegration" name="test_get_events_event_structure" time="0.489" /><testcase classname="backend.tests.test_iteration104_event_intelligence.TestEventIntelligenceIntegration" name="test_add_manual_event_success" time="0.514" /><testcase classname="backend.tests.test_iteration104_event_intelligence.TestEventIntelligenceIntegration" name="test_add_manual_event_impact_calculation" time="0.903" /><testcase classname="backend.tests.test_iteration104_event_intelligence.TestEventIntelligenceIntegration" name="test_event_affects_dynamic_pricing" time="0.985" /><testcase classname="backend.tests.test_iteration104_event_intelligence.TestEventIntelligenceIntegration" name="test_summary_kpis_present" time="0.973" /><testcase classname="backend.tests.test_iteration104_event_intelligence.TestEventIntelligenceCleanup" name="test_cleanup_test_events" time="1.315" /></testsuite></testsuites>