<?xml version="1.0" encoding="utf-8"?><testsuites name="pytest tests"><testsuite name="pytest" errors="0" failures="0" skipped="3" tests="21" time="8.678" timestamp="2026-04-28T14:53:28.507072+00:00" hostname="agent-env-a9d7a5c1-de72-4617-a5b9-ed7dde4401f0"><testcase classname="backend.tests.test_iteration244_hk_turnover.TestHkTurnoverBoard" name="test_board_requires_auth" time="0.258" /><testcase classname="backend.tests.test_iteration244_hk_turnover.TestHkTurnoverBoard" name="test_board_returns_5_state_columns" time="0.465" /><testcase classname="backend.tests.test_iteration244_hk_turnover.TestHkTurnoverBoard" name="test_board_room_cards_have_required_fields" time="0.074" /><testcase classname="backend.tests.test_iteration244_hk_turnover.TestHkTurnoverDashboard" name="test_dashboard_requires_auth" time="0.122" /><testcase classname="backend.tests.test_iteration244_hk_turnover.TestHkTurnoverDashboard" name="test_dashboard_returns_kpis" time="0.075" /><testcase classname="backend.tests.test_iteration244_hk_turnover.TestStartCleaning" name="test_start_cleaning_requires_auth" time="0.151" /><testcase classname="backend.tests.test_iteration244_hk_turnover.TestStartCleaning" name="test_start_cleaning_from_vacant_dirty" time="0.214" /><testcase classname="backend.tests.test_iteration244_hk_turnover.TestStartCleaning" name="test_start_cleaning_invalid_state" time="0.177" /><testcase classname="backend.tests.test_iteration244_hk_turnover.TestSubmitPhotos" name="test_submit_photos_requires_auth" time="0.114" /><testcase classname="backend.tests.test_iteration244_hk_turnover.TestSubmitPhotos" name="test_submit_photos_requires_at_least_one" time="0.066"><skipped type="pytest.skip" message="No rooms in cleaning_in_progress state">/app/backend/tests/test_iteration244_hk_turnover.py:209: No rooms in cleaning_in_progress state</skipped></testcase><testcase classname="backend.tests.test_iteration244_hk_turnover.TestSubmitPhotos" name="test_submit_photos_max_three" time="0.056"><skipped type="pytest.skip" message="No rooms in cleaning_in_progress state">/app/backend/tests/test_iteration244_hk_turnover.py:227: No rooms in cleaning_in_progress state</skipped></testcase><testcase classname="backend.tests.test_iteration244_hk_turnover.TestSubmitPhotos" name="test_submit_photos_invalid_threshold" time="0.073"><skipped type="pytest.skip" message="No rooms in cleaning_in_progress state">/app/backend/tests/test_iteration244_hk_turnover.py:245: No rooms in cleaning_in_progress state</skipped></testcase><testcase classname="backend.tests.test_iteration244_hk_turnover.TestSubmitPhotos" name="test_submit_photos_invalid_state" time="0.115" /><testcase classname="backend.tests.test_iteration244_hk_turnover.TestManualReview" name="test_manual_review_requires_auth" time="0.128" /><testcase classname="backend.tests.test_iteration244_hk_turnover.TestManualReview" name="test_manual_review_invalid_decision" time="0.137" /><testcase classname="backend.tests.test_iteration244_hk_turnover.TestManualReview" name="test_manual_review_only_from_ai_inspection" time="0.154" /><testcase classname="backend.tests.test_iteration244_hk_turnover.TestSetState" name="test_set_state_requires_auth" time="0.120" /><testcase classname="backend.tests.test_iteration244_hk_turnover.TestSetState" name="test_set_state_invalid_state" time="0.126" /><testcase classname="backend.tests.test_iteration244_hk_turnover.TestSetState" name="test_set_state_admin_override" time="0.298" /><testcase classname="backend.tests.test_iteration244_hk_turnover.TestAIPhotoScoring" name="test_submit_photos_ai_scoring" time="5.360" /><testcase classname="backend.tests.test_iteration244_hk_turnover.TestCleanup" name="test_cleanup_rooms" time="0.285" /></testsuite></testsuites>