<?xml version="1.0" encoding="utf-8"?><testsuites name="pytest tests"><testsuite name="pytest" errors="0" failures="0" skipped="0" tests="53" time="3.939" timestamp="2026-04-20T08:55:21.336849+00:00" hostname="agent-env-a9d7a5c1-de72-4617-a5b9-ed7dde4401f0"><testcase classname="backend.tests.test_iteration161_channel_hub.TestChannelHubAuth" name="test_channel_configs_requires_auth" time="0.177" /><testcase classname="backend.tests.test_iteration161_channel_hub.TestChannelHubAuth" name="test_checklist_requires_auth" time="0.115" /><testcase classname="backend.tests.test_iteration161_channel_hub.TestChannelHubAuth" name="test_dashboard_requires_auth" time="0.108" /><testcase classname="backend.tests.test_iteration161_channel_hub.TestChannelHubAuth" name="test_publish_jobs_requires_auth" time="0.136" /><testcase classname="backend.tests.test_iteration161_channel_hub.TestChannelHubAuth" name="test_payload_profiles_requires_auth" time="0.145" /><testcase classname="backend.tests.test_iteration161_channel_hub.TestChannelHubAuth" name="test_price_overrides_requires_auth" time="0.106" /><testcase classname="backend.tests.test_iteration161_channel_hub.TestChannelHubAuth" name="test_channel_audit_requires_auth" time="0.140" /><testcase classname="backend.tests.test_iteration161_channel_hub.TestChannelHubAuth" name="test_benchmark_requires_auth" time="0.105" /><testcase classname="backend.tests.test_iteration161_channel_hub.TestChannelHubAuth" name="test_rate_variants_requires_auth" time="0.117" /><testcase classname="backend.tests.test_iteration161_channel_hub.TestChannelConfigsCRUD" name="test_create_config_missing_fields" time="0.373" /><testcase classname="backend.tests.test_iteration161_channel_hub.TestChannelConfigsCRUD" name="test_create_config_success" time="0.049" /><testcase classname="backend.tests.test_iteration161_channel_hub.TestChannelConfigsCRUD" name="test_list_configs" time="0.050" /><testcase classname="backend.tests.test_iteration161_channel_hub.TestChannelConfigsCRUD" name="test_update_config" time="0.052" /><testcase classname="backend.tests.test_iteration161_channel_hub.TestChannelConfigsCRUD" name="test_update_config_invalid_fields" time="0.049" /><testcase classname="backend.tests.test_iteration161_channel_hub.TestChannelConfigsCRUD" name="test_certify_config" time="0.050" /><testcase classname="backend.tests.test_iteration161_channel_hub.TestChannelConfigsCRUD" name="test_certify_nonexistent" time="0.055" /><testcase classname="backend.tests.test_iteration161_channel_hub.TestChannelConfigsCRUD" name="test_delete_config" time="0.049" /><testcase classname="backend.tests.test_iteration161_channel_hub.TestChannelConfigsCRUD" name="test_delete_nonexistent" time="0.048" /><testcase classname="backend.tests.test_iteration161_channel_hub.TestSetupChecklist" name="test_checklist_returns_8_steps" time="0.052" /><testcase classname="backend.tests.test_iteration161_channel_hub.TestSetupChecklist" name="test_checklist_step_structure" time="0.052" /><testcase classname="backend.tests.test_iteration161_channel_hub.TestHubDashboard" name="test_dashboard_returns_kpis" time="0.054" /><testcase classname="backend.tests.test_iteration161_channel_hub.TestSeedDemo" name="test_seed_demo_creates_data" time="0.055" /><testcase classname="backend.tests.test_iteration161_channel_hub.TestSeedDemo" name="test_seed_demo_idempotent" time="0.113" /><testcase classname="backend.tests.test_iteration161_channel_hub.TestPublishJobs" name="test_create_job_missing_channel" time="0.051" /><testcase classname="backend.tests.test_iteration161_channel_hub.TestPublishJobs" name="test_create_job_success" time="0.050" /><testcase classname="backend.tests.test_iteration161_channel_hub.TestPublishJobs" name="test_list_jobs" time="0.052" /><testcase classname="backend.tests.test_iteration161_channel_hub.TestPublishJobs" name="test_run_job" time="0.048" /><testcase classname="backend.tests.test_iteration161_channel_hub.TestPublishJobs" name="test_run_nonexistent_job" time="0.048" /><testcase classname="backend.tests.test_iteration161_channel_hub.TestPublishJobs" name="test_delete_job" time="0.049" /><testcase classname="backend.tests.test_iteration161_channel_hub.TestPayloadProfiles" name="test_discover_missing_channel" time="0.051" /><testcase classname="backend.tests.test_iteration161_channel_hub.TestPayloadProfiles" name="test_discover_booking_com" time="0.054" /><testcase classname="backend.tests.test_iteration161_channel_hub.TestPayloadProfiles" name="test_discover_airbnb" time="0.053" /><testcase classname="backend.tests.test_iteration161_channel_hub.TestPayloadProfiles" name="test_list_profiles" time="0.052" /><testcase classname="backend.tests.test_iteration161_channel_hub.TestPriceOverrides" name="test_create_override_missing_fields" time="0.050" /><testcase classname="backend.tests.test_iteration161_channel_hub.TestPriceOverrides" name="test_create_override_invalid_type" time="0.052" /><testcase classname="backend.tests.test_iteration161_channel_hub.TestPriceOverrides" name="test_create_override_success" time="0.049" /><testcase classname="backend.tests.test_iteration161_channel_hub.TestPriceOverrides" name="test_list_overrides" time="0.048" /><testcase classname="backend.tests.test_iteration161_channel_hub.TestPriceOverrides" name="test_delete_override" time="0.050" /><testcase classname="backend.tests.test_iteration161_channel_hub.TestChannelAudit" name="test_audit_returns_rows" time="0.053" /><testcase classname="backend.tests.test_iteration161_channel_hub.TestChannelAudit" name="test_audit_event_filter" time="0.050" /><testcase classname="backend.tests.test_iteration161_channel_hub.TestChannelAudit" name="test_audit_search" time="0.055" /><testcase classname="backend.tests.test_iteration161_channel_hub.TestBenchmark" name="test_benchmark_get" time="0.055" /><testcase classname="backend.tests.test_iteration161_channel_hub.TestBenchmark" name="test_benchmark_calculate" time="0.051" /><testcase classname="backend.tests.test_iteration161_channel_hub.TestBenchmark" name="test_benchmark_after_calculate" time="0.061" /><testcase classname="backend.tests.test_iteration161_channel_hub.TestRateVariants" name="test_list_variants" time="0.053" /><testcase classname="backend.tests.test_iteration161_channel_hub.TestRateVariants" name="test_create_variant_missing_fields" time="0.050" /><testcase classname="backend.tests.test_iteration161_channel_hub.TestRateVariants" name="test_create_variant_success" time="0.056" /><testcase classname="backend.tests.test_iteration161_channel_hub.TestRateVariants" name="test_auto_generate_variants" time="0.050" /><testcase classname="backend.tests.test_iteration161_channel_hub.TestRateVariants" name="test_delete_variant" time="0.052" /><testcase classname="backend.tests.test_iteration161_channel_hub.TestAuditTrailWritten" name="test_audit_has_config_create" time="0.051" /><testcase classname="backend.tests.test_iteration161_channel_hub.TestAuditTrailWritten" name="test_audit_has_demo_seed" time="0.055" /><testcase classname="backend.tests.test_iteration161_channel_hub.TestAuditTrailWritten" name="test_audit_has_benchmark_snapshot" time="0.052" /><testcase classname="backend.tests.test_iteration161_channel_hub.TestCleanup" name="test_cleanup_test_configs" time="0.048" /></testsuite></testsuites>