<?xml version="1.0" encoding="utf-8"?><testsuites name="pytest tests"><testsuite name="pytest" errors="0" failures="1" skipped="0" tests="19" time="5.851" timestamp="2026-04-12T08:06:26.802764+00:00" hostname="agent-env-a9d7a5c1-de72-4617-a5b9-ed7dde4401f0"><testcase classname="backend.tests.test_iteration55_pos_system.TestPOSAuth" name="test_pos_outlets_requires_auth" time="0.213" /><testcase classname="backend.tests.test_iteration55_pos_system.TestPOSAuth" name="test_pos_menu_requires_auth" time="0.101" /><testcase classname="backend.tests.test_iteration55_pos_system.TestPOSOutlets" name="test_get_outlets_auto_seeds_6" time="0.414" /><testcase classname="backend.tests.test_iteration55_pos_system.TestPOSOutlets" name="test_create_outlet" time="0.055" /><testcase classname="backend.tests.test_iteration55_pos_system.TestPOSMenu" name="test_get_menu_auto_seeds_37_items" time="0.380" /><testcase classname="backend.tests.test_iteration55_pos_system.TestPOSMenu" name="test_create_menu_item" time="0.046" /><testcase classname="backend.tests.test_iteration55_pos_system.TestPOSOrders" name="test_create_order_calculates_totals" time="0.435" /><testcase classname="backend.tests.test_iteration55_pos_system.TestPOSOrders" name="test_list_orders_by_date" time="0.055" /><testcase classname="backend.tests.test_iteration55_pos_system.TestPOSPayments" name="test_pay_order_card" time="0.473" /><testcase classname="backend.tests.test_iteration55_pos_system.TestPOSPayments" name="test_pay_order_creates_income_entry" time="0.195" /><testcase classname="backend.tests.test_iteration55_pos_system.TestPOSPayments" name="test_pay_order_room_charge_creates_folio" time="0.208" /><testcase classname="backend.tests.test_iteration55_pos_system.TestPOSSplitBill" name="test_split_bill_equal" time="0.476" /><testcase classname="backend.tests.test_iteration55_pos_system.TestPOSKitchen" name="test_get_kitchen_orders" time="0.489" /><testcase classname="backend.tests.test_iteration55_pos_system.TestPOSKitchen" name="test_update_kitchen_status" time="0.197" /><testcase classname="backend.tests.test_iteration55_pos_system.TestPOSTables" name="test_get_tables_with_active_orders" time="0.464" /><testcase classname="backend.tests.test_iteration55_pos_system.TestPOSShifts" name="test_open_shift" time="0.430" /><testcase classname="backend.tests.test_iteration55_pos_system.TestPOSShifts" name="test_close_shift_with_totals" time="0.142" /><testcase classname="backend.tests.test_iteration55_pos_system.TestPOSReports" name="test_get_daily_reports" time="0.385" /><testcase classname="backend.tests.test_iteration55_pos_system.TestPOSStockDeduction" name="test_order_with_stock_linked_item" time="0.546"><failure message="AssertionError: Expected 48, got -2&#10;assert -2 == 48">backend/tests/test_iteration55_pos_system.py:796: in test_order_with_stock_linked_item
    assert updated_product["quantity"] == expected_qty, f"Expected {expected_qty}, got {updated_product['quantity']}"
E   AssertionError: Expected 48, got -2
E   assert -2 == 48</failure></testcase></testsuite></testsuites>