<?xml version="1.0" encoding="utf-8"?><testsuites name="pytest tests"><testsuite name="pytest" errors="0" failures="0" skipped="0" tests="29" time="7.752" timestamp="2026-04-11T18:30:14.354750+00:00" hostname="agent-env-a9d7a5c1-de72-4617-a5b9-ed7dde4401f0"><testcase classname="backend.tests.test_iteration46_stock_accounting.TestAuth" name="test_admin_login" time="0.422" /><testcase classname="backend.tests.test_iteration46_stock_accounting.TestStockProducts" name="test_create_product" time="0.486" /><testcase classname="backend.tests.test_iteration46_stock_accounting.TestStockProducts" name="test_list_products" time="0.109" /><testcase classname="backend.tests.test_iteration46_stock_accounting.TestStockProducts" name="test_list_products_with_search" time="0.064" /><testcase classname="backend.tests.test_iteration46_stock_accounting.TestStockProducts" name="test_update_product" time="0.054" /><testcase classname="backend.tests.test_iteration46_stock_accounting.TestStockProducts" name="test_delete_product" time="0.144" /><testcase classname="backend.tests.test_iteration46_stock_accounting.TestStockRecipes" name="test_create_recipe" time="0.498" /><testcase classname="backend.tests.test_iteration46_stock_accounting.TestStockRecipes" name="test_list_recipes" time="0.103" /><testcase classname="backend.tests.test_iteration46_stock_accounting.TestStockMovements" name="test_record_purchase_movement" time="0.496" /><testcase classname="backend.tests.test_iteration46_stock_accounting.TestStockMovements" name="test_record_usage_movement" time="0.053" /><testcase classname="backend.tests.test_iteration46_stock_accounting.TestStockMovements" name="test_list_movements" time="0.098" /><testcase classname="backend.tests.test_iteration46_stock_accounting.TestStockOutlets" name="test_list_outlets_auto_seeds" time="0.381" /><testcase classname="backend.tests.test_iteration46_stock_accounting.TestStockVariance" name="test_run_variance_check" time="0.389" /><testcase classname="backend.tests.test_iteration46_stock_accounting.TestStockVariance" name="test_list_variances" time="0.047" /><testcase classname="backend.tests.test_iteration46_stock_accounting.TestStockAllInclusiveCost" name="test_all_inclusive_cost" time="0.404" /><testcase classname="backend.tests.test_iteration46_stock_accounting.TestStockStats" name="test_stock_stats" time="0.390" /><testcase classname="backend.tests.test_iteration46_stock_accounting.TestAccountingIncome" name="test_create_income" time="0.448" /><testcase classname="backend.tests.test_iteration46_stock_accounting.TestAccountingIncome" name="test_list_income" time="0.152" /><testcase classname="backend.tests.test_iteration46_stock_accounting.TestAccountingExpenses" name="test_create_expense" time="0.423" /><testcase classname="backend.tests.test_iteration46_stock_accounting.TestAccountingExpenses" name="test_list_expenses" time="0.139" /><testcase classname="backend.tests.test_iteration46_stock_accounting.TestAccountingPnL" name="test_pnl_statement" time="0.406" /><testcase classname="backend.tests.test_iteration46_stock_accounting.TestAccountingBudgets" name="test_create_budget" time="0.404" /><testcase classname="backend.tests.test_iteration46_stock_accounting.TestAccountingBudgets" name="test_budget_vs_actual" time="0.103" /><testcase classname="backend.tests.test_iteration46_stock_accounting.TestAccountingStats" name="test_accounting_stats" time="0.479" /><testcase classname="backend.tests.test_iteration46_stock_accounting.TestAccountingSyncRevenue" name="test_sync_booking_revenue" time="0.401" /><testcase classname="backend.tests.test_iteration46_stock_accounting.TestRegressionDashboard" name="test_dashboard_overview" time="0.406" /><testcase classname="backend.tests.test_iteration46_stock_accounting.TestRegressionDashboard" name="test_reviews_list" time="0.057" /><testcase classname="backend.tests.test_iteration46_stock_accounting.TestRegressionDashboard" name="test_bookings_list" time="0.055" /><testcase classname="backend.tests.test_iteration46_stock_accounting.TestRegressionDashboard" name="test_properties_list" time="0.050" /></testsuite></testsuites>