<?xml version="1.0" encoding="utf-8"?><testsuites name="pytest tests"><testsuite name="pytest" errors="0" failures="0" skipped="0" tests="32" time="42.315" timestamp="2026-04-15T19:19:11.537978+00:00" hostname="agent-env-a9d7a5c1-de72-4617-a5b9-ed7dde4401f0"><testcase classname="backend.tests.test_iteration81_reports_booking_widget.TestAuth" name="test_login_success" time="0.351" /><testcase classname="backend.tests.test_iteration81_reports_booking_widget.TestReportsCentre" name="test_report_summary_month" time="0.457" /><testcase classname="backend.tests.test_iteration81_reports_booking_widget.TestReportsCentre" name="test_report_summary_week" time="0.135" /><testcase classname="backend.tests.test_iteration81_reports_booking_widget.TestReportsCentre" name="test_report_summary_quarter" time="0.128" /><testcase classname="backend.tests.test_iteration81_reports_booking_widget.TestReportsCentre" name="test_report_summary_year" time="0.173" /><testcase classname="backend.tests.test_iteration81_reports_booking_widget.TestReportsCentre" name="test_report_summary_all_properties" time="0.138" /><testcase classname="backend.tests.test_iteration81_reports_booking_widget.TestReportsCentre" name="test_export_bookings_csv" time="0.210" /><testcase classname="backend.tests.test_iteration81_reports_booking_widget.TestReportsCentre" name="test_export_maintenance_csv" time="0.122" /><testcase classname="backend.tests.test_iteration81_reports_booking_widget.TestReportsCentre" name="test_export_registrations_csv" time="0.134" /><testcase classname="backend.tests.test_iteration81_reports_booking_widget.TestReportsCentre" name="test_export_pos_csv" time="0.124" /><testcase classname="backend.tests.test_iteration81_reports_booking_widget.TestReportsCentre" name="test_export_satisfaction_csv" time="0.114" /><testcase classname="backend.tests.test_iteration81_reports_booking_widget.TestReportsCentre" name="test_export_invalid_type_returns_400" time="0.189" /><testcase classname="backend.tests.test_iteration81_reports_booking_widget.TestReportsCentre" name="test_report_requires_auth" time="0.145" /><testcase classname="backend.tests.test_iteration81_reports_booking_widget.TestBookingWidget" name="test_widget_info_public" time="0.112" /><testcase classname="backend.tests.test_iteration81_reports_booking_widget.TestBookingWidget" name="test_widget_info_no_auth_required" time="0.146" /><testcase classname="backend.tests.test_iteration81_reports_booking_widget.TestBookingWidget" name="test_check_availability" time="0.125" /><testcase classname="backend.tests.test_iteration81_reports_booking_widget.TestBookingWidget" name="test_check_availability_missing_fields" time="0.134" /><testcase classname="backend.tests.test_iteration81_reports_booking_widget.TestBookingWidget" name="test_check_availability_no_auth_required" time="0.113" /><testcase classname="backend.tests.test_iteration81_reports_booking_widget.TestBookingWidget" name="test_create_widget_booking" time="0.124" /><testcase classname="backend.tests.test_iteration81_reports_booking_widget.TestBookingWidget" name="test_create_booking_missing_required_fields" time="0.120" /><testcase classname="backend.tests.test_iteration81_reports_booking_widget.TestBookingWidget" name="test_create_booking_no_auth_required" time="0.142" /><testcase classname="backend.tests.test_iteration81_reports_booking_widget.TestBookingWidget" name="test_get_widget_config" time="0.499" /><testcase classname="backend.tests.test_iteration81_reports_booking_widget.TestBookingWidget" name="test_update_widget_config" time="0.130" /><testcase classname="backend.tests.test_iteration81_reports_booking_widget.TestBookingWidget" name="test_widget_config_requires_auth" time="0.115" /><testcase classname="backend.tests.test_iteration81_reports_booking_widget.TestHousekeepingMaintenanceIntegration" name="test_report_maintenance_from_housekeeping" time="0.494" /><testcase classname="backend.tests.test_iteration81_reports_booking_widget.TestHousekeepingMaintenanceIntegration" name="test_report_maintenance_default_priority" time="0.108" /><testcase classname="backend.tests.test_iteration81_reports_booking_widget.TestHousekeepingMaintenanceIntegration" name="test_report_maintenance_critical_priority" time="0.126" /><testcase classname="backend.tests.test_iteration81_reports_booking_widget.TestHousekeepingMaintenanceIntegration" name="test_report_maintenance_assigns_department" time="0.261" /><testcase classname="backend.tests.test_iteration81_reports_booking_widget.TestHousekeepingMaintenanceIntegration" name="test_report_maintenance_requires_auth" time="0.119" /><testcase classname="backend.tests.test_iteration81_reports_booking_widget.TestHousekeepingMaintenanceIntegration" name="test_upload_maintenance_photo" time="36.250" /><testcase classname="backend.tests.test_iteration81_reports_booking_widget.TestCleanup" name="test_cleanup_test_bookings" time="0.524" /><testcase classname="backend.tests.test_iteration81_reports_booking_widget.TestCleanup" name="test_cleanup_test_maintenance" time="0.126" /></testsuite></testsuites>