<?xml version="1.0" encoding="utf-8"?><testsuites name="pytest tests"><testsuite name="pytest" errors="0" failures="0" skipped="0" tests="15" time="7.517" timestamp="2026-04-11T11:34:58.083076+00:00" hostname="agent-env-a9d7a5c1-de72-4617-a5b9-ed7dde4401f0"><testcase classname="backend.tests.test_iteration34_messaging_hub.TestMessagingSeed" name="test_seed_conversations" time="0.487" /><testcase classname="backend.tests.test_iteration34_messaging_hub.TestConversations" name="test_list_conversations" time="0.449" /><testcase classname="backend.tests.test_iteration34_messaging_hub.TestConversations" name="test_list_conversations_filter_status" time="0.143" /><testcase classname="backend.tests.test_iteration34_messaging_hub.TestConversations" name="test_list_conversations_filter_channel" time="0.109" /><testcase classname="backend.tests.test_iteration34_messaging_hub.TestConversations" name="test_conversation_stats" time="0.109" /><testcase classname="backend.tests.test_iteration34_messaging_hub.TestMessages" name="test_list_messages" time="0.553" /><testcase classname="backend.tests.test_iteration34_messaging_hub.TestMessages" name="test_send_message" time="0.248" /><testcase classname="backend.tests.test_iteration34_messaging_hub.TestAISuggest" name="test_ai_suggest_reply" time="2.890" /><testcase classname="backend.tests.test_iteration34_messaging_hub.TestQuickReplies" name="test_list_quick_replies" time="0.459" /><testcase classname="backend.tests.test_iteration34_messaging_hub.TestQuickReplies" name="test_use_quick_reply" time="0.205" /><testcase classname="backend.tests.test_iteration34_messaging_hub.TestConversationActions" name="test_assign_conversation" time="0.542" /><testcase classname="backend.tests.test_iteration34_messaging_hub.TestConversationActions" name="test_resolve_conversation" time="0.218" /><testcase classname="backend.tests.test_iteration34_messaging_hub.TestSpaceBookingsAdmin" name="test_space_booking_stats" time="0.453" /><testcase classname="backend.tests.test_iteration34_messaging_hub.TestSpaceBookingsAdmin" name="test_list_admin_bookings" time="0.104" /><testcase classname="backend.tests.test_iteration34_messaging_hub.TestConciergeAnalytics" name="test_concierge_analytics" time="0.447" /></testsuite></testsuites>