<?xml version="1.0" encoding="utf-8"?><testsuites name="pytest tests"><testsuite name="pytest" errors="0" failures="0" skipped="0" tests="7" time="3.701" timestamp="2026-04-16T20:56:28.065177+00:00" hostname="agent-env-a9d7a5c1-de72-4617-a5b9-ed7dde4401f0"><testcase classname="backend.tests.test_market_robot.TestMarketRobotConfig" name="test_get_config_default" time="0.530" /><testcase classname="backend.tests.test_market_robot.TestMarketRobotConfig" name="test_update_config" time="0.110" /><testcase classname="backend.tests.test_market_robot.TestMarketRobotScan" name="test_run_scan" time="1.361" /><testcase classname="backend.tests.test_market_robot.TestMarketRobotSupply" name="test_get_supply_data" time="0.056" /><testcase classname="backend.tests.test_market_robot.TestMarketRobotLogs" name="test_get_logs" time="0.097" /><testcase classname="backend.tests.test_market_robot.TestMarketRobotAdjustments" name="test_get_adjustments" time="0.061" /><testcase classname="backend.tests.test_market_robot.TestMarketRobotIntegration" name="test_full_workflow" time="1.417" /></testsuite></testsuites>