<?xml version="1.0" encoding="utf-8"?><testsuites name="pytest tests"><testsuite name="pytest" errors="0" failures="0" skipped="0" tests="14" time="80.139" timestamp="2026-04-17T16:03:59.295460+00:00" hostname="agent-env-a9d7a5c1-de72-4617-a5b9-ed7dde4401f0"><testcase classname="backend.tests.test_iteration122_batch_autorespond_channel_sync.TestBatchAutoRespond" name="test_batch_auto_respond_professional_tone" time="5.417" /><testcase classname="backend.tests.test_iteration122_batch_autorespond_channel_sync.TestBatchAutoRespond" name="test_batch_auto_respond_friendly_tone" time="3.840" /><testcase classname="backend.tests.test_iteration122_batch_autorespond_channel_sync.TestBatchAutoRespond" name="test_batch_auto_respond_apologetic_tone" time="2.561" /><testcase classname="backend.tests.test_iteration122_batch_autorespond_channel_sync.TestBatchAutoRespond" name="test_batch_auto_respond_with_property_filter" time="2.702" /><testcase classname="backend.tests.test_iteration122_batch_autorespond_channel_sync.TestBatchAutoRespond" name="test_batch_auto_respond_limit_enforcement" time="57.500" /><testcase classname="backend.tests.test_iteration122_batch_autorespond_channel_sync.TestBatchAutoRespond" name="test_batch_auto_respond_requires_auth" time="0.596" /><testcase classname="backend.tests.test_iteration122_batch_autorespond_channel_sync.TestBatchAutoRespond" name="test_batch_auto_respond_updates_response_status" time="2.815" /><testcase classname="backend.tests.test_iteration122_batch_autorespond_channel_sync.TestChannelManagerSyncAvailability" name="test_sync_availability_no_connected_channels" time="0.736" /><testcase classname="backend.tests.test_iteration122_batch_autorespond_channel_sync.TestChannelManagerSyncAvailability" name="test_sync_availability_with_connected_channel" time="0.613" /><testcase classname="backend.tests.test_iteration122_batch_autorespond_channel_sync.TestChannelManagerSyncAvailability" name="test_sync_availability_custom_days" time="0.715" /><testcase classname="backend.tests.test_iteration122_batch_autorespond_channel_sync.TestChannelManagerSyncAvailability" name="test_sync_availability_requires_auth" time="0.485" /><testcase classname="backend.tests.test_iteration122_batch_autorespond_channel_sync.TestChannelManagerSyncAvailability" name="test_sync_availability_creates_push_log" time="0.726" /><testcase classname="backend.tests.test_iteration122_batch_autorespond_channel_sync.TestChannelManagerSyncAvailability" name="test_sync_availability_returns_room_type_breakdown" time="0.605" /><testcase classname="backend.tests.test_iteration122_batch_autorespond_channel_sync.TestReviewStatsAfterBatchRespond" name="test_response_rate_increases_after_batch" time="0.725" /></testsuite></testsuites>