<?xml version="1.0" encoding="utf-8"?><testsuites name="pytest tests"><testsuite name="pytest" errors="0" failures="0" skipped="0" tests="33" time="5.924" timestamp="2026-04-27T16:54:11.494146+00:00" hostname="agent-env-a9d7a5c1-de72-4617-a5b9-ed7dde4401f0"><testcase classname="backend.tests.test_iteration224_tier1_dashboard.TestTier1DashboardAPI" name="test_dashboard_returns_200_with_auth" time="0.539" /><testcase classname="backend.tests.test_iteration224_tier1_dashboard.TestTier1DashboardAPI" name="test_dashboard_requires_auth" time="0.113" /><testcase classname="backend.tests.test_iteration224_tier1_dashboard.TestTier1DashboardAPI" name="test_dashboard_response_structure" time="0.147" /><testcase classname="backend.tests.test_iteration224_tier1_dashboard.TestTier1DashboardAPI" name="test_dashboard_has_exactly_20_kpi_groups" time="0.124" /><testcase classname="backend.tests.test_iteration224_tier1_dashboard.TestTier1DashboardAPI" name="test_preauth_kpi_structure" time="0.164" /><testcase classname="backend.tests.test_iteration224_tier1_dashboard.TestTier1DashboardAPI" name="test_chargeback_kpi_structure" time="0.119" /><testcase classname="backend.tests.test_iteration224_tier1_dashboard.TestTier1DashboardAPI" name="test_web_push_kpi_structure" time="0.125" /><testcase classname="backend.tests.test_iteration224_tier1_dashboard.TestTier1DashboardAPI" name="test_pms_crs_kpi_structure" time="0.146" /><testcase classname="backend.tests.test_iteration224_tier1_dashboard.TestTier1DashboardAPI" name="test_public_api_kpi_structure" time="0.134" /><testcase classname="backend.tests.test_iteration224_tier1_dashboard.TestTier1DashboardAPI" name="test_mid_stay_kpi_structure" time="0.147" /><testcase classname="backend.tests.test_iteration224_tier1_dashboard.TestTier1DashboardAPI" name="test_ab_test_kpi_structure" time="0.131" /><testcase classname="backend.tests.test_iteration224_tier1_dashboard.TestTier1DashboardAPI" name="test_pre_arrival_kpi_structure" time="0.135" /><testcase classname="backend.tests.test_iteration224_tier1_dashboard.TestTier1DashboardAPI" name="test_sr_voucher_kpi_structure" time="0.151" /><testcase classname="backend.tests.test_iteration224_tier1_dashboard.TestTier1DashboardAPI" name="test_folio_split_kpi_structure" time="0.124" /><testcase classname="backend.tests.test_iteration224_tier1_dashboard.TestTier1DashboardAPI" name="test_loyalty_kpi_structure" time="0.135" /><testcase classname="backend.tests.test_iteration224_tier1_dashboard.TestTier1DashboardAPI" name="test_late_checkout_kpi_structure" time="0.129" /><testcase classname="backend.tests.test_iteration224_tier1_dashboard.TestTier1DashboardAPI" name="test_ota_forecast_kpi_structure" time="0.177" /><testcase classname="backend.tests.test_iteration224_tier1_dashboard.TestTier1DashboardAPI" name="test_low_stock_kpi_structure" time="0.134" /><testcase classname="backend.tests.test_iteration224_tier1_dashboard.TestTier1DashboardAPI" name="test_rebook_kpi_structure" time="0.124" /><testcase classname="backend.tests.test_iteration224_tier1_dashboard.TestTier1DashboardAPI" name="test_stay_ext_kpi_structure" time="0.162" /><testcase classname="backend.tests.test_iteration224_tier1_dashboard.TestTier1DashboardAPI" name="test_long_stay_kpi_structure" time="0.135" /><testcase classname="backend.tests.test_iteration224_tier1_dashboard.TestTier1DashboardAPI" name="test_cancel_insurance_kpi_structure" time="0.142" /><testcase classname="backend.tests.test_iteration224_tier1_dashboard.TestTier1DashboardAPI" name="test_group_rooming_kpi_structure" time="0.156" /><testcase classname="backend.tests.test_iteration224_tier1_dashboard.TestTier1DashboardAPI" name="test_ci_slots_kpi_structure" time="0.159" /><testcase classname="backend.tests.test_iteration224_tier1_dashboard.TestTier1DashboardAPI" name="test_highlights_auto_generated" time="0.137" /><testcase classname="backend.tests.test_iteration224_tier1_dashboard.TestTier1DashboardAPI" name="test_days_parameter_works" time="0.260" /><testcase classname="backend.tests.test_iteration224_tier1_dashboard.TestTier1DashboardAPI" name="test_different_property_id" time="0.132" /><testcase classname="backend.tests.test_iteration224_tier1_dashboard.TestTier1DashboardAPI" name="test_empty_property_returns_zeros" time="0.126" /><testcase classname="backend.tests.test_iteration224_tier1_dashboard.TestTier1DashboardRBAC" name="test_manager_can_access" time="0.461" /><testcase classname="backend.tests.test_iteration224_tier1_dashboard.TestTier1DashboardRBAC" name="test_receptionist_cannot_access" time="0.541" /><testcase classname="backend.tests.test_iteration224_tier1_dashboard.TestTier1DashboardDataIntegrity" name="test_chargeback_win_rate_calculation" time="0.148" /><testcase classname="backend.tests.test_iteration224_tier1_dashboard.TestTier1DashboardDataIntegrity" name="test_sr_voucher_redeem_rate_calculation" time="0.125" /><testcase classname="backend.tests.test_iteration224_tier1_dashboard.TestTier1DashboardDataIntegrity" name="test_cancel_insurance_net_pl_calculation" time="0.116" /></testsuite></testsuites>