<?xml version="1.0" encoding="utf-8"?><testsuites name="pytest tests"><testsuite name="pytest" errors="0" failures="2" skipped="15" tests="17" time="180.818" timestamp="2026-04-25T19:02:26.919544+00:00" hostname="agent-env-a9d7a5c1-de72-4617-a5b9-ed7dde4401f0"><testcase classname="backend.tests.test_iteration209_esg_ai_quote.TestESGConfig" name="test_get_config_returns_defaults" time="60.210"><skipped type="pytest.skip" message="Authentication failed">/app/backend/tests/test_iteration209_esg_ai_quote.py:49: Authentication failed</skipped></testcase><testcase classname="backend.tests.test_iteration209_esg_ai_quote.TestESGConfig" name="test_save_config_upserts" time="0.000"><skipped type="pytest.skip" message="Authentication failed">/app/backend/tests/test_iteration209_esg_ai_quote.py:74: Authentication failed</skipped></testcase><testcase classname="backend.tests.test_iteration209_esg_ai_quote.TestESGConfig" name="test_config_requires_auth" time="60.199"><failure message="AssertionError: Expected 401/403, got 502&#10;assert 502 in [401, 403]&#10; +  where 502 = &lt;Response [502]&gt;.status_code">backend/tests/test_iteration209_esg_ai_quote.py:111: in test_config_requires_auth
    assert response.status_code in [401, 403], f"Expected 401/403, got {response.status_code}"
E   AssertionError: Expected 401/403, got 502
E   assert 502 in [401, 403]
E    +  where 502 = &lt;Response [502]&gt;.status_code</failure></testcase><testcase classname="backend.tests.test_iteration209_esg_ai_quote.TestESGReadings" name="test_add_reading_success" time="0.000"><skipped type="pytest.skip" message="Authentication failed">/app/backend/tests/test_iteration209_esg_ai_quote.py:125: Authentication failed</skipped></testcase><testcase classname="backend.tests.test_iteration209_esg_ai_quote.TestESGReadings" name="test_add_reading_idempotent" time="0.000"><skipped type="pytest.skip" message="Authentication failed">/app/backend/tests/test_iteration209_esg_ai_quote.py:148: Authentication failed</skipped></testcase><testcase classname="backend.tests.test_iteration209_esg_ai_quote.TestESGReadings" name="test_add_reading_invalid_month" time="0.000"><skipped type="pytest.skip" message="Authentication failed">/app/backend/tests/test_iteration209_esg_ai_quote.py:172: Authentication failed</skipped></testcase><testcase classname="backend.tests.test_iteration209_esg_ai_quote.TestESGReadings" name="test_delete_reading_success" time="0.000"><skipped type="pytest.skip" message="Authentication failed">/app/backend/tests/test_iteration209_esg_ai_quote.py:179: Authentication failed</skipped></testcase><testcase classname="backend.tests.test_iteration209_esg_ai_quote.TestESGReadings" name="test_delete_reading_not_found" time="0.000"><skipped type="pytest.skip" message="Authentication failed">/app/backend/tests/test_iteration209_esg_ai_quote.py:192: Authentication failed</skipped></testcase><testcase classname="backend.tests.test_iteration209_esg_ai_quote.TestESGDashboard" name="test_dashboard_returns_all_fields" time="0.000"><skipped type="pytest.skip" message="Authentication failed">/app/backend/tests/test_iteration209_esg_ai_quote.py:206: Authentication failed</skipped></testcase><testcase classname="backend.tests.test_iteration209_esg_ai_quote.TestESGDashboard" name="test_dashboard_trend_has_computed_fields" time="0.000"><skipped type="pytest.skip" message="Authentication failed">/app/backend/tests/test_iteration209_esg_ai_quote.py:237: Authentication failed</skipped></testcase><testcase classname="backend.tests.test_iteration209_esg_ai_quote.TestESGDashboard" name="test_dashboard_months_param" time="0.000"><skipped type="pytest.skip" message="Authentication failed">/app/backend/tests/test_iteration209_esg_ai_quote.py:265: Authentication failed</skipped></testcase><testcase classname="backend.tests.test_iteration209_esg_ai_quote.TestAIAutoQuote" name="test_ai_quote_returns_quote" time="0.000"><skipped type="pytest.skip" message="Authentication failed">/app/backend/tests/test_iteration209_esg_ai_quote.py:303: Authentication failed</skipped></testcase><testcase classname="backend.tests.test_iteration209_esg_ai_quote.TestAIAutoQuote" name="test_ai_quote_not_found" time="0.000"><skipped type="pytest.skip" message="Authentication failed">/app/backend/tests/test_iteration209_esg_ai_quote.py:333: Authentication failed</skipped></testcase><testcase classname="backend.tests.test_iteration209_esg_ai_quote.TestAIAutoQuote" name="test_ai_quote_requires_auth" time="0.000"><skipped type="pytest.skip" message="Authentication failed">/app/backend/tests/test_iteration209_esg_ai_quote.py:340: Authentication failed</skipped></testcase><testcase classname="backend.tests.test_iteration209_esg_ai_quote.TestRegression" name="test_login_works" time="60.263"><failure message="assert 502 == 200&#10; +  where 502 = &lt;Response [502]&gt;.status_code">backend/tests/test_iteration209_esg_ai_quote.py:374: in test_login_works
    assert response.status_code == 200
E   assert 502 == 200
E    +  where 502 = &lt;Response [502]&gt;.status_code</failure></testcase><testcase classname="backend.tests.test_iteration209_esg_ai_quote.TestRegression" name="test_group_requests_list" time="0.000"><skipped type="pytest.skip" message="Authentication failed">/app/backend/tests/test_iteration209_esg_ai_quote.py:377: Authentication failed</skipped></testcase><testcase classname="backend.tests.test_iteration209_esg_ai_quote.TestRegression" name="test_concierge_inbox" time="0.000"><skipped type="pytest.skip" message="Authentication failed">/app/backend/tests/test_iteration209_esg_ai_quote.py:384: Authentication failed</skipped></testcase></testsuite></testsuites>