<?xml version="1.0" encoding="utf-8"?><testsuites name="pytest tests"><testsuite name="pytest" errors="0" failures="0" skipped="0" tests="11" time="5.158" timestamp="2026-04-17T06:06:39.807452+00:00" hostname="agent-env-a9d7a5c1-de72-4617-a5b9-ed7dde4401f0"><testcase classname="backend.tests.test_iteration108_unified_pricing.TestUnifiedPriceSuggestions" name="test_historical_pricing_returns_unified_suggestions" time="0.562" /><testcase classname="backend.tests.test_iteration108_unified_pricing.TestUnifiedPriceSuggestions" name="test_historical_pricing_all_months_have_suggestions" time="0.396" /><testcase classname="backend.tests.test_iteration108_unified_pricing.TestUnifiedPriceSuggestions" name="test_historical_pricing_market_signal_values" time="0.392" /><testcase classname="backend.tests.test_iteration108_unified_pricing.TestUnifiedPriceSuggestions" name="test_historical_pricing_competitor_signal_values" time="0.431" /><testcase classname="backend.tests.test_iteration108_unified_pricing.TestDynamicPricingHistoricalFloors" name="test_dynamic_pricing_calculate_returns_historical_floors" time="0.490" /><testcase classname="backend.tests.test_iteration108_unified_pricing.TestDynamicPricingHistoricalFloors" name="test_dynamic_pricing_calculate_breakdown_structure" time="0.412" /><testcase classname="backend.tests.test_iteration108_unified_pricing.TestDynamicPricingHistoricalFloors" name="test_dynamic_pricing_summary_stats" time="0.531" /><testcase classname="backend.tests.test_iteration108_unified_pricing.TestDynamicPricingHistoricalFloors" name="test_dynamic_pricing_apply_uses_historical_floors" time="0.436" /><testcase classname="backend.tests.test_iteration108_unified_pricing.TestDynamicPricingHistoricalFloors" name="test_dynamic_pricing_price_has_all_market_data" time="0.483" /><testcase classname="backend.tests.test_iteration108_unified_pricing.TestApplyPriceFloors" name="test_apply_floors_from_historical_analysis" time="0.375" /><testcase classname="backend.tests.test_iteration108_unified_pricing.TestApplyPriceFloors" name="test_floors_reflected_in_dynamic_pricing" time="0.545" /></testsuite></testsuites>