<?xml version="1.0" encoding="utf-8"?><testsuites name="pytest tests"><testsuite name="pytest" errors="0" failures="0" skipped="0" tests="32" time="11.723" timestamp="2026-05-14T22:32:50.915700+00:00" hostname="agent-env-a9d7a5c1-de72-4617-a5b9-ed7dde4401f0"><testcase classname="backend.tests.test_iteration294_rms_pro_suite.TestRevPAG" name="test_revpag_default_30_days" time="0.564" /><testcase classname="backend.tests.test_iteration294_rms_pro_suite.TestRevPAG" name="test_revpag_custom_days" time="0.110" /><testcase classname="backend.tests.test_iteration294_rms_pro_suite.TestRevPAG" name="test_revpag_min_days_clamped" time="0.129" /><testcase classname="backend.tests.test_iteration294_rms_pro_suite.TestQualityScore" name="test_quality_score_basic" time="0.118" /><testcase classname="backend.tests.test_iteration294_rms_pro_suite.TestQualityScore" name="test_quality_score_nonexistent_property" time="0.134" /><testcase classname="backend.tests.test_iteration294_rms_pro_suite.TestForecastAccuracy" name="test_forecast_accuracy_default" time="0.136" /><testcase classname="backend.tests.test_iteration294_rms_pro_suite.TestForecastAccuracy" name="test_forecast_accuracy_custom_days" time="0.117" /><testcase classname="backend.tests.test_iteration294_rms_pro_suite.TestGroupPricingOptimizer" name="test_group_pricing_quote_negotiate" time="0.190" /><testcase classname="backend.tests.test_iteration294_rms_pro_suite.TestGroupPricingOptimizer" name="test_group_pricing_quote_accept" time="0.129" /><testcase classname="backend.tests.test_iteration294_rms_pro_suite.TestGroupPricingOptimizer" name="test_group_pricing_quote_decline" time="0.155" /><testcase classname="backend.tests.test_iteration294_rms_pro_suite.TestGroupPricingOptimizer" name="test_group_pricing_quote_missing_fields" time="0.140" /><testcase classname="backend.tests.test_iteration294_rms_pro_suite.TestGroupPricingOptimizer" name="test_group_pricing_quote_invalid_dates" time="0.136" /><testcase classname="backend.tests.test_iteration294_rms_pro_suite.TestAutopilotConfig" name="test_autopilot_get_config" time="0.133" /><testcase classname="backend.tests.test_iteration294_rms_pro_suite.TestAutopilotConfig" name="test_autopilot_set_config_enable" time="0.118" /><testcase classname="backend.tests.test_iteration294_rms_pro_suite.TestAutopilotConfig" name="test_autopilot_set_config_disable" time="0.107" /><testcase classname="backend.tests.test_iteration294_rms_pro_suite.TestAutopilotConfig" name="test_autopilot_config_idempotent" time="0.229" /><testcase classname="backend.tests.test_iteration294_rms_pro_suite.TestAutopilotConfig" name="test_autopilot_config_clamps_values" time="0.117" /><testcase classname="backend.tests.test_iteration294_rms_pro_suite.TestAutopilotHistory" name="test_autopilot_history_default" time="0.140" /><testcase classname="backend.tests.test_iteration294_rms_pro_suite.TestAutopilotHistory" name="test_autopilot_history_with_limit" time="0.127" /><testcase classname="backend.tests.test_iteration294_rms_pro_suite.TestRBACReceptionist403" name="test_rbac_revpag_403" time="0.523" /><testcase classname="backend.tests.test_iteration294_rms_pro_suite.TestRBACReceptionist403" name="test_rbac_quality_score_403" time="0.139" /><testcase classname="backend.tests.test_iteration294_rms_pro_suite.TestRBACReceptionist403" name="test_rbac_forecast_accuracy_403" time="0.110" /><testcase classname="backend.tests.test_iteration294_rms_pro_suite.TestRBACReceptionist403" name="test_rbac_group_pricing_403" time="0.122" /><testcase classname="backend.tests.test_iteration294_rms_pro_suite.TestRBACReceptionist403" name="test_rbac_autopilot_config_get_403" time="0.129" /><testcase classname="backend.tests.test_iteration294_rms_pro_suite.TestRBACReceptionist403" name="test_rbac_autopilot_config_post_403" time="0.146" /><testcase classname="backend.tests.test_iteration294_rms_pro_suite.TestRBACReceptionist403" name="test_rbac_autopilot_history_403" time="0.112" /><testcase classname="backend.tests.test_iteration294_rms_pro_suite.TestExistingEndpointRegression" name="test_competitor_pulse_still_works" time="0.162" /><testcase classname="backend.tests.test_iteration294_rms_pro_suite.TestExistingEndpointRegression" name="test_fleet_pulse_still_works" time="0.211" /><testcase classname="backend.tests.test_iteration294_rms_pro_suite.TestExistingEndpointRegression" name="test_close_gap_still_works" time="0.118" /><testcase classname="backend.tests.test_iteration294_rms_pro_suite.TestExistingEndpointRegression" name="test_ai_fleet_optimize_still_works" time="6.502" /><testcase classname="backend.tests.test_iteration294_rms_pro_suite.TestExistingEndpointRegression" name="test_gap_history_still_works" time="0.130" /><testcase classname="backend.tests.test_iteration294_rms_pro_suite.TestExistingEndpointRegression" name="test_gap_history_performance_404_for_nonexistent" time="0.147" /></testsuite></testsuites>