<?xml version="1.0" encoding="utf-8"?><testsuites name="pytest tests"><testsuite name="pytest" errors="0" failures="0" skipped="0" tests="21" time="5.782" timestamp="2026-04-29T08:25:29.337134+00:00" hostname="agent-env-a9d7a5c1-de72-4617-a5b9-ed7dde4401f0"><testcase classname="tests.test_site_feasibility.TestFeasibilityCreate" name="test_create_study_returns_all_computed_fields" time="0.618" /><testcase classname="tests.test_site_feasibility.TestFeasibilityCreate" name="test_create_study_pasha_numbers" time="0.149" /><testcase classname="tests.test_site_feasibility.TestFeasibilityCreate" name="test_create_study_sensitivity_default_11_items" time="0.102" /><testcase classname="tests.test_site_feasibility.TestFeasibilityList" name="test_list_studies" time="0.107" /><testcase classname="tests.test_site_feasibility.TestFeasibilityGet" name="test_get_study" time="0.073" /><testcase classname="tests.test_site_feasibility.TestFeasibilityGet" name="test_get_study_not_found" time="0.047" /><testcase classname="tests.test_site_feasibility.TestFeasibilityHurdle" name="test_hurdle_endpoint" time="0.050" /><testcase classname="tests.test_site_feasibility.TestFeasibilitySensitivity" name="test_sensitivity_default_span" time="0.055" /><testcase classname="tests.test_site_feasibility.TestFeasibilitySensitivity" name="test_sensitivity_custom_span" time="0.057" /><testcase classname="tests.test_site_feasibility.TestFeasibilityRampUp" name="test_ramp_up_endpoint" time="0.053" /><testcase classname="tests.test_site_feasibility.TestFeasibilityOtaRisk" name="test_ota_risk_endpoint" time="0.051" /><testcase classname="tests.test_site_feasibility.TestFeasibilityAdrCurve" name="test_adr_curve_endpoint" time="0.071" /><testcase classname="tests.test_site_feasibility.TestFeasibilityScrape" name="test_scrape_endpoint" time="0.050" /><testcase classname="tests.test_site_feasibility.TestFeasibilityVerdict" name="test_verdict_endpoint" time="3.352" /><testcase classname="tests.test_site_feasibility.TestFeasibilityPdf" name="test_pdf_endpoint" time="0.069" /><testcase classname="tests.test_site_feasibility.TestFeasibilityDashboard" name="test_dashboard_endpoint" time="0.060" /><testcase classname="tests.test_site_feasibility.TestFeasibilityUpdate" name="test_update_study_recomputes" time="0.162" /><testcase classname="tests.test_site_feasibility.TestFeasibilityDelete" name="test_delete_study" time="0.177" /><testcase classname="tests.test_site_feasibility.TestFeasibilityDelete" name="test_delete_not_found" time="0.052" /><testcase classname="tests.test_site_feasibility.TestFeasibilityAuth" name="test_unauthenticated_create_fails" time="0.128" /><testcase classname="tests.test_site_feasibility.TestFeasibilityAuth" name="test_unauthenticated_list_fails" time="0.181" /></testsuite></testsuites>