<?xml version="1.0" encoding="utf-8"?><testsuites name="pytest tests"><testsuite name="pytest" errors="0" failures="0" skipped="0" tests="47" time="104.495" timestamp="2026-04-15T19:50:23.967494+00:00" hostname="agent-env-a9d7a5c1-de72-4617-a5b9-ed7dde4401f0"><testcase classname="backend.tests.test_iteration82_operations_hub.TestReceptionDashboard" name="test_reception_dashboard_get" time="0.486" /><testcase classname="backend.tests.test_iteration82_operations_hub.TestReceptionDashboard" name="test_reception_dashboard_with_date_filter" time="0.120" /><testcase classname="backend.tests.test_iteration82_operations_hub.TestReceptionDashboard" name="test_reception_dashboard_all_properties" time="0.146" /><testcase classname="backend.tests.test_iteration82_operations_hub.TestReceptionDashboard" name="test_reception_dashboard_requires_auth" time="0.135" /><testcase classname="backend.tests.test_iteration82_operations_hub.TestRoutineTemplates" name="test_create_routine_template" time="0.633" /><testcase classname="backend.tests.test_iteration82_operations_hub.TestRoutineTemplates" name="test_list_routine_templates" time="0.330" /><testcase classname="backend.tests.test_iteration82_operations_hub.TestRoutineTemplates" name="test_update_routine_template" time="0.348" /><testcase classname="backend.tests.test_iteration82_operations_hub.TestRoutineTemplates" name="test_delete_routine_template" time="0.369" /><testcase classname="backend.tests.test_iteration82_operations_hub.TestRoutineTemplates" name="test_start_routine_from_template" time="0.345" /><testcase classname="backend.tests.test_iteration82_operations_hub.TestRoutineHistory" name="test_list_routine_history" time="0.796" /><testcase classname="backend.tests.test_iteration82_operations_hub.TestRoutineHistory" name="test_routine_history_filter_by_status" time="0.457" /><testcase classname="backend.tests.test_iteration82_operations_hub.TestRoutineHistory" name="test_routine_history_stats" time="0.120" /><testcase classname="backend.tests.test_iteration82_operations_hub.TestRoutineHistory" name="test_complete_task_in_routine" time="0.518" /><testcase classname="backend.tests.test_iteration82_operations_hub.TestPassOverDuties" name="test_create_handover_note" time="0.650" /><testcase classname="backend.tests.test_iteration82_operations_hub.TestPassOverDuties" name="test_list_handover_notes" time="0.338" /><testcase classname="backend.tests.test_iteration82_operations_hub.TestPassOverDuties" name="test_filter_handover_by_type" time="0.331" /><testcase classname="backend.tests.test_iteration82_operations_hub.TestPassOverDuties" name="test_filter_handover_by_priority" time="0.377" /><testcase classname="backend.tests.test_iteration82_operations_hub.TestPassOverDuties" name="test_resolve_handover_note" time="0.396" /><testcase classname="backend.tests.test_iteration82_operations_hub.TestPassOverDuties" name="test_delete_handover_note" time="0.261" /><testcase classname="backend.tests.test_iteration82_operations_hub.TestLaundryManagement" name="test_create_laundry_dispatch" time="0.500" /><testcase classname="backend.tests.test_iteration82_operations_hub.TestLaundryManagement" name="test_list_laundry_items" time="0.231" /><testcase classname="backend.tests.test_iteration82_operations_hub.TestLaundryManagement" name="test_filter_laundry_by_status" time="0.334" /><testcase classname="backend.tests.test_iteration82_operations_hub.TestLaundryManagement" name="test_update_laundry_status_to_in_progress" time="0.213" /><testcase classname="backend.tests.test_iteration82_operations_hub.TestLaundryManagement" name="test_update_laundry_status_to_returned" time="0.228" /><testcase classname="backend.tests.test_iteration82_operations_hub.TestLaundryManagement" name="test_laundry_stats" time="0.126" /><testcase classname="backend.tests.test_iteration82_operations_hub.TestComplianceChecks" name="test_create_compliance_check" time="0.587" /><testcase classname="backend.tests.test_iteration82_operations_hub.TestComplianceChecks" name="test_list_compliance_checks" time="0.382" /><testcase classname="backend.tests.test_iteration82_operations_hub.TestComplianceChecks" name="test_filter_compliance_by_type" time="0.339" /><testcase classname="backend.tests.test_iteration82_operations_hub.TestComplianceChecks" name="test_complete_compliance_check" time="0.364" /><testcase classname="backend.tests.test_iteration82_operations_hub.TestComplianceChecks" name="test_delete_compliance_check" time="0.232" /><testcase classname="backend.tests.test_iteration82_operations_hub.TestShiftSchedulerStaff" name="test_create_staff_member" time="0.587" /><testcase classname="backend.tests.test_iteration82_operations_hub.TestShiftSchedulerStaff" name="test_list_staff" time="0.443" /><testcase classname="backend.tests.test_iteration82_operations_hub.TestShiftSchedulerStaff" name="test_filter_staff_by_role" time="0.341" /><testcase classname="backend.tests.test_iteration82_operations_hub.TestShiftSchedulerStaff" name="test_update_staff" time="0.338" /><testcase classname="backend.tests.test_iteration82_operations_hub.TestShiftSchedulerStaff" name="test_delete_staff" time="0.271" /><testcase classname="backend.tests.test_iteration82_operations_hub.TestShiftSchedulerEntries" name="test_create_shift_entry" time="0.921" /><testcase classname="backend.tests.test_iteration82_operations_hub.TestShiftSchedulerEntries" name="test_list_shift_entries" time="0.587" /><testcase classname="backend.tests.test_iteration82_operations_hub.TestShiftSchedulerEntries" name="test_filter_shifts_by_week" time="0.573" /><testcase classname="backend.tests.test_iteration82_operations_hub.TestShiftSchedulerEntries" name="test_update_shift_entry" time="0.641" /><testcase classname="backend.tests.test_iteration82_operations_hub.TestShiftSchedulerEntries" name="test_delete_shift_entry" time="0.466" /><testcase classname="backend.tests.test_iteration82_operations_hub.TestShiftBulkActions" name="test_publish_all_shifts" time="47.745" /><testcase classname="backend.tests.test_iteration82_operations_hub.TestShiftBulkActions" name="test_mark_completed_shifts" time="1.223" /><testcase classname="backend.tests.test_iteration82_operations_hub.TestShiftBulkActions" name="test_approve_completed_shifts" time="1.352" /><testcase classname="backend.tests.test_iteration82_operations_hub.TestShiftBulkActions" name="test_clear_week_shifts" time="0.635" /><testcase classname="backend.tests.test_iteration82_operations_hub.TestShiftBulkActions" name="test_copy_week_shifts" time="36.952" /><testcase classname="backend.tests.test_iteration82_operations_hub.TestPayrollSummary" name="test_payroll_summary" time="0.457" /><testcase classname="backend.tests.test_iteration82_operations_hub.TestPayrollSummary" name="test_payroll_summary_with_week_filter" time="0.113" /></testsuite></testsuites>