<?xml version="1.0" encoding="utf-8"?><testsuites name="pytest tests"><testsuite name="pytest" errors="0" failures="0" skipped="0" tests="26" time="42.116" timestamp="2026-04-12T08:50:52.554131+00:00" hostname="agent-env-a9d7a5c1-de72-4617-a5b9-ed7dde4401f0"><testcase classname="backend.tests.test_iteration58_payment_gateway.TestPaymentGatewayAuth" name="test_payment_dashboard_requires_auth" time="0.233" /><testcase classname="backend.tests.test_iteration58_payment_gateway.TestPaymentGatewayAuth" name="test_payment_transactions_requires_auth" time="0.097" /><testcase classname="backend.tests.test_iteration58_payment_gateway.TestPaymentGatewayAuth" name="test_payment_settings_requires_auth" time="0.100" /><testcase classname="backend.tests.test_iteration58_payment_gateway.TestPaymentDashboard" name="test_payment_dashboard_default_period" time="0.403" /><testcase classname="backend.tests.test_iteration58_payment_gateway.TestPaymentDashboard" name="test_payment_dashboard_7d_period" time="0.409" /><testcase classname="backend.tests.test_iteration58_payment_gateway.TestPaymentDashboard" name="test_payment_dashboard_90d_period" time="0.398" /><testcase classname="backend.tests.test_iteration58_payment_gateway.TestPaymentTransactions" name="test_list_transactions_no_filter" time="0.374" /><testcase classname="backend.tests.test_iteration58_payment_gateway.TestPaymentTransactions" name="test_list_transactions_filter_by_status" time="0.403" /><testcase classname="backend.tests.test_iteration58_payment_gateway.TestPaymentTransactions" name="test_list_transactions_filter_by_type" time="0.393" /><testcase classname="backend.tests.test_iteration58_payment_gateway.TestPaymentTransactions" name="test_list_transactions_filter_by_type_pos" time="0.426" /><testcase classname="backend.tests.test_iteration58_payment_gateway.TestPaymentSettings" name="test_get_payment_settings_auto_create" time="0.432" /><testcase classname="backend.tests.test_iteration58_payment_gateway.TestPaymentSettings" name="test_update_payment_settings" time="0.496" /><testcase classname="backend.tests.test_iteration58_payment_gateway.TestPaymentSettings" name="test_update_payment_settings_tipping" time="0.418" /><testcase classname="backend.tests.test_iteration58_payment_gateway.TestBookingCheckout" name="test_booking_checkout_missing_booking" time="0.398" /><testcase classname="backend.tests.test_iteration58_payment_gateway.TestPOSCheckout" name="test_pos_checkout_missing_order" time="0.374" /><testcase classname="backend.tests.test_iteration58_payment_gateway.TestPaymentStatus" name="test_payment_status_invalid_session" time="0.412" /><testcase classname="backend.tests.test_iteration58_payment_gateway.TestStripeWebhook" name="test_webhook_endpoint_exists" time="0.101" /><testcase classname="backend.tests.test_iteration58_payment_gateway.TestKioskEndpoints" name="test_kiosk_order_no_auth_required" time="0.104" /><testcase classname="backend.tests.test_iteration58_payment_gateway.TestKioskEndpoints" name="test_kiosk_order_empty_items_rejected" time="0.097" /><testcase classname="backend.tests.test_iteration58_payment_gateway.TestKioskEndpoints" name="test_kiosk_start_session" time="0.111" /><testcase classname="backend.tests.test_iteration58_payment_gateway.TestAIUpsell" name="test_ai_upsell_requires_auth" time="0.427" /><testcase classname="backend.tests.test_iteration58_payment_gateway.TestAIUpsell" name="test_ai_upsell_with_cart" time="3.156" /><testcase classname="backend.tests.test_iteration58_payment_gateway.TestExistingPOSFeatures" name="test_pos_outlets_list" time="19.749" /><testcase classname="backend.tests.test_iteration58_payment_gateway.TestExistingPOSFeatures" name="test_pos_orders_list" time="11.641" /><testcase classname="backend.tests.test_iteration58_payment_gateway.TestExistingAccountingFeatures" name="test_income_entries_list" time="0.469" /><testcase classname="backend.tests.test_iteration58_payment_gateway.TestExistingAccountingFeatures" name="test_expense_entries_list" time="0.386" /></testsuite></testsuites>