<?xml version="1.0" encoding="utf-8"?><testsuites name="pytest tests"><testsuite name="pytest" errors="0" failures="0" skipped="0" tests="15" time="8.691" timestamp="2026-04-11T06:17:14.322830+00:00" hostname="agent-env-a9d7a5c1-de72-4617-a5b9-ed7dde4401f0"><testcase classname="backend.tests.test_stripe_payments.TestStripePaymentIntegration" name="test_create_checkout_success" time="1.126" /><testcase classname="backend.tests.test_stripe_payments.TestStripePaymentIntegration" name="test_create_checkout_missing_booking_id" time="0.388" /><testcase classname="backend.tests.test_stripe_payments.TestStripePaymentIntegration" name="test_create_checkout_invalid_booking" time="0.397" /><testcase classname="backend.tests.test_stripe_payments.TestStripePaymentIntegration" name="test_create_checkout_already_paid" time="0.969" /><testcase classname="backend.tests.test_stripe_payments.TestStripePaymentIntegration" name="test_payment_status_endpoint" time="1.412" /><testcase classname="backend.tests.test_stripe_payments.TestStripePaymentIntegration" name="test_payment_status_invalid_session" time="0.636" /><testcase classname="backend.tests.test_stripe_payments.TestStripePaymentIntegration" name="test_payment_transaction_created" time="0.929" /><testcase classname="backend.tests.test_stripe_payments.TestStripePaymentIntegration" name="test_webhook_endpoint_exists" time="0.395" /><testcase classname="backend.tests.test_stripe_payments.TestStripePaymentIntegration" name="test_booking_reference_format" time="0.462" /><testcase classname="backend.tests.test_stripe_payments.TestStripePaymentIntegration" name="test_admin_bookings_show_payment_status" time="0.522" /><testcase classname="backend.tests.test_stripe_payments.TestPayAtHotelFlow" name="test_pay_at_hotel_creates_booking_immediately" time="0.165" /><testcase classname="backend.tests.test_stripe_payments.TestRoomTypesAPI" name="test_get_room_types" time="0.379" /><testcase classname="backend.tests.test_stripe_payments.TestRoomTypesAPI" name="test_room_types_filter_by_property" time="0.381" /><testcase classname="backend.tests.test_stripe_payments.TestLoginFlow" name="test_admin_login" time="0.333" /><testcase classname="backend.tests.test_stripe_payments.TestLoginFlow" name="test_invalid_login" time="0.107" /></testsuite></testsuites>