<?xml version="1.0" encoding="utf-8"?><testsuites name="pytest tests"><testsuite name="pytest" errors="0" failures="0" skipped="0" tests="16" time="10.283" timestamp="2026-04-15T20:07:11.829323+00:00" hostname="agent-env-a9d7a5c1-de72-4617-a5b9-ed7dde4401f0"><testcase classname="backend.tests.test_iteration83_notifications.TestNotificationCentre" name="test_list_notifications_returns_structure" time="0.536" /><testcase classname="backend.tests.test_iteration83_notifications.TestNotificationCentre" name="test_list_notifications_with_limit" time="0.502" /><testcase classname="backend.tests.test_iteration83_notifications.TestNotificationCentre" name="test_list_notifications_unread_only" time="0.481" /><testcase classname="backend.tests.test_iteration83_notifications.TestNotificationCentre" name="test_list_notifications_requires_auth" time="0.520" /><testcase classname="backend.tests.test_iteration83_notifications.TestNotificationCentre" name="test_create_notification" time="0.598" /><testcase classname="backend.tests.test_iteration83_notifications.TestNotificationCentre" name="test_create_notification_with_all_fields" time="0.574" /><testcase classname="backend.tests.test_iteration83_notifications.TestNotificationCentre" name="test_create_notification_requires_admin_or_manager" time="0.515" /><testcase classname="backend.tests.test_iteration83_notifications.TestNotificationCentre" name="test_mark_notification_as_read" time="0.690" /><testcase classname="backend.tests.test_iteration83_notifications.TestNotificationCentre" name="test_mark_all_notifications_as_read" time="0.914" /><testcase classname="backend.tests.test_iteration83_notifications.TestNotificationCentre" name="test_generate_check_endpoint" time="0.463" /><testcase classname="backend.tests.test_iteration83_notifications.TestNotificationCentre" name="test_generate_check_requires_admin_or_manager" time="0.668" /><testcase classname="backend.tests.test_iteration83_notifications.TestNotificationCentre" name="test_delete_notification" time="0.619" /><testcase classname="backend.tests.test_iteration83_notifications.TestNotificationCentre" name="test_delete_notification_requires_admin_or_manager" time="0.506" /><testcase classname="backend.tests.test_iteration83_notifications.TestNotificationCentre" name="test_notification_categories" time="0.991" /><testcase classname="backend.tests.test_iteration83_notifications.TestNotificationCentre" name="test_notification_priorities" time="0.663" /><testcase classname="backend.tests.test_iteration83_notifications.TestNotificationCentre" name="test_notification_types" time="0.941" /></testsuite></testsuites>