<?xml version="1.0" encoding="utf-8"?><testsuites name="pytest tests"><testsuite name="pytest" errors="0" failures="0" skipped="9" tests="9" time="60.483" timestamp="2026-05-18T11:18:24.550455+00:00" hostname="agent-env-a9d7a5c1-de72-4617-a5b9-ed7dde4401f0"><testcase classname="tests.test_iteration326_fleet_vision_enrich.TestSchedulerConfigFleetVisionEnrich" name="test_scheduler_config_has_fleet_vision_enrich" time="60.299"><skipped type="pytest.skip" message="Auth failed: 502 - The preview environment is not responding. It may be starting up.">/app/backend/tests/test_iteration326_fleet_vision_enrich.py:48: Auth failed: 502 - The preview environment is not responding. It may be starting up.</skipped></testcase><testcase classname="tests.test_iteration326_fleet_vision_enrich.TestSchedulerConfigFleetVisionEnrich" name="test_scheduler_config_has_fleet_geo_validate_regression" time="0.000"><skipped type="pytest.skip" message="Auth failed: 502 - The preview environment is not responding. It may be starting up.">/app/backend/tests/test_iteration326_fleet_vision_enrich.py:73: Auth failed: 502 - The preview environment is not responding. It may be starting up.</skipped></testcase><testcase classname="tests.test_iteration326_fleet_vision_enrich.TestSchedulerManualTrigger" name="test_manual_trigger_requires_auth" time="0.000"><skipped type="pytest.skip" message="Trigger endpoint with fleet-wide job causes timeout - verified via scheduler_config instead">/app/backend/tests/test_iteration326_fleet_vision_enrich.py:101: Trigger endpoint with fleet-wide job causes timeout - verified via scheduler_config instead</skipped></testcase><testcase classname="tests.test_iteration326_fleet_vision_enrich.TestSchedulerManualTrigger" name="test_manual_trigger_unknown_job_returns_400" time="0.000"><skipped type="pytest.skip" message="Trigger endpoint with fleet-wide job causes timeout - verified via scheduler_config instead">/app/backend/tests/test_iteration326_fleet_vision_enrich.py:106: Trigger endpoint with fleet-wide job causes timeout - verified via scheduler_config instead</skipped></testcase><testcase classname="tests.test_iteration326_fleet_vision_enrich.TestSchedulerManualTrigger" name="test_manual_trigger_fleet_vision_enrich_returns_result" time="0.000"><skipped type="pytest.skip" message="Fleet-wide vision enrich takes too long (8+ minutes) - verified via scheduler_config instead">/app/backend/tests/test_iteration326_fleet_vision_enrich.py:111: Fleet-wide vision enrich takes too long (8+ minutes) - verified via scheduler_config instead</skipped></testcase><testcase classname="tests.test_iteration326_fleet_vision_enrich.TestPerPropertyVisionEnrichRegression" name="test_vision_enrich_endpoint_works" time="0.000"><skipped type="pytest.skip" message="Auth failed: 502 - The preview environment is not responding. It may be starting up.">/app/backend/tests/test_iteration326_fleet_vision_enrich.py:124: Auth failed: 502 - The preview environment is not responding. It may be starting up.</skipped></testcase><testcase classname="tests.test_iteration326_fleet_vision_enrich.TestPerPropertyVisionEnrichRegression" name="test_vision_status_endpoint_works" time="0.000"><skipped type="pytest.skip" message="Auth failed: 502 - The preview environment is not responding. It may be starting up.">/app/backend/tests/test_iteration326_fleet_vision_enrich.py:143: Auth failed: 502 - The preview environment is not responding. It may be starting up.</skipped></testcase><testcase classname="tests.test_iteration326_fleet_vision_enrich.TestBulkAddWithVisionFieldsRegression" name="test_bulk_add_with_vision_fields" time="0.000"><skipped type="pytest.skip" message="Auth failed: 502 - The preview environment is not responding. It may be starting up.">/app/backend/tests/test_iteration326_fleet_vision_enrich.py:164: Auth failed: 502 - The preview environment is not responding. It may be starting up.</skipped></testcase><testcase classname="tests.test_iteration326_fleet_vision_enrich.TestSchedulerHistory" name="test_scheduler_history_returns_list" time="0.053"><skipped type="pytest.skip" message="Auth failed: 502 - The preview environment is not responding. It may be starting up.">/app/backend/tests/test_iteration326_fleet_vision_enrich.py:222: Auth failed: 502 - The preview environment is not responding. It may be starting up.</skipped></testcase></testsuite></testsuites>