<?xml version="1.0" encoding="utf-8"?><testsuites name="pytest tests"><testsuite name="pytest" errors="0" failures="0" skipped="0" tests="31" time="19.029" timestamp="2026-05-14T17:21:40.923334+00:00" hostname="agent-env-a9d7a5c1-de72-4617-a5b9-ed7dde4401f0"><testcase classname="backend.tests.test_iteration288_marketing_videos.TestMarketingVideosBackend" name="test_sizes_endpoint_returns_config" time="1.564" /><testcase classname="backend.tests.test_iteration288_marketing_videos.TestMarketingVideosBackend" name="test_sizes_requires_auth" time="0.519" /><testcase classname="backend.tests.test_iteration288_marketing_videos.TestMarketingVideosBackend" name="test_generate_creates_queued_job" time="0.403" /><testcase classname="backend.tests.test_iteration288_marketing_videos.TestMarketingVideosBackend" name="test_generate_rejects_empty_prompt" time="0.497" /><testcase classname="backend.tests.test_iteration288_marketing_videos.TestMarketingVideosBackend" name="test_generate_rejects_whitespace_prompt" time="0.496" /><testcase classname="backend.tests.test_iteration288_marketing_videos.TestMarketingVideosBackend" name="test_generate_rejects_invalid_size" time="0.471" /><testcase classname="backend.tests.test_iteration288_marketing_videos.TestMarketingVideosBackend" name="test_generate_rejects_invalid_duration" time="0.414" /><testcase classname="backend.tests.test_iteration288_marketing_videos.TestMarketingVideosBackend" name="test_generate_rejects_invalid_model" time="0.513" /><testcase classname="backend.tests.test_iteration288_marketing_videos.TestMarketingVideosBackend" name="test_generate_uses_defaults" time="0.563" /><testcase classname="backend.tests.test_iteration288_marketing_videos.TestMarketingVideosBackend" name="test_list_jobs_returns_items" time="0.545" /><testcase classname="backend.tests.test_iteration288_marketing_videos.TestMarketingVideosBackend" name="test_list_jobs_filter_by_status" time="0.607" /><testcase classname="backend.tests.test_iteration288_marketing_videos.TestMarketingVideosBackend" name="test_list_jobs_filter_by_source_type" time="0.480" /><testcase classname="backend.tests.test_iteration288_marketing_videos.TestMarketingVideosBackend" name="test_get_single_job" time="0.544" /><testcase classname="backend.tests.test_iteration288_marketing_videos.TestMarketingVideosBackend" name="test_get_nonexistent_job_returns_404" time="0.484" /><testcase classname="backend.tests.test_iteration288_marketing_videos.TestMarketingVideosBackend" name="test_from_event_creates_job_with_auto_prompt" time="0.636" /><testcase classname="backend.tests.test_iteration288_marketing_videos.TestMarketingVideosBackend" name="test_from_event_with_prompt_override" time="0.681" /><testcase classname="backend.tests.test_iteration288_marketing_videos.TestMarketingVideosBackend" name="test_from_event_nonexistent_returns_404" time="0.466" /><testcase classname="backend.tests.test_iteration288_marketing_videos.TestMarketingVideosBackend" name="test_from_event_rejects_invalid_size" time="0.518" /><testcase classname="backend.tests.test_iteration288_marketing_videos.TestMarketingVideosJobStatus" name="test_job_transitions_to_rendering" time="2.493" /><testcase classname="backend.tests.test_iteration288_marketing_videos.TestRegressionPriorModules" name="test_agencies_endpoint" time="0.563" /><testcase classname="backend.tests.test_iteration288_marketing_videos.TestRegressionPriorModules" name="test_web_concierge_sessions" time="0.457" /><testcase classname="backend.tests.test_iteration288_marketing_videos.TestRegressionPriorModules" name="test_review_agent_queue" time="0.533" /><testcase classname="backend.tests.test_iteration288_marketing_videos.TestRegressionPriorModules" name="test_open_pricing_segments" time="0.507" /><testcase classname="backend.tests.test_iteration288_marketing_videos.TestRegressionPriorModules" name="test_beach_pos_sunbeds" time="0.473" /><testcase classname="backend.tests.test_iteration288_marketing_videos.TestRegressionPriorModules" name="test_public_events_list" time="0.488" /><testcase classname="backend.tests.test_iteration288_marketing_videos.TestRegressionPriorModules" name="test_agents_list" time="0.498" /><testcase classname="backend.tests.test_iteration288_marketing_videos.TestRegressionPriorModules" name="test_vacation_rental_summary" time="0.449" /><testcase classname="backend.tests.test_iteration288_marketing_videos.TestRegressionPriorModules" name="test_dev_portal_info" time="0.515" /><testcase classname="backend.tests.test_iteration288_marketing_videos.TestRegressionPriorModules" name="test_wholesaler_providers" time="0.521" /><testcase classname="backend.tests.test_iteration288_marketing_videos.TestRegressionPriorModules" name="test_lead_funnel_leads" time="0.546" /><testcase classname="backend.tests.test_iteration288_marketing_videos.TestRegressionPriorModules" name="test_lighthouse_adapter_status" time="0.453" /></testsuite></testsuites>