<?xml version="1.0" encoding="utf-8"?><testsuites name="pytest tests"><testsuite name="pytest" errors="0" failures="0" skipped="0" tests="8" time="4.404" timestamp="2026-04-29T07:44:05.685024+00:00" hostname="agent-env-a9d7a5c1-de72-4617-a5b9-ed7dde4401f0"><testcase classname="backend.tests.test_help_endpoints.TestHelpEndpoints" name="test_help_manual_returns_200_with_content" time="1.248" /><testcase classname="backend.tests.test_help_endpoints.TestHelpEndpoints" name="test_help_index_returns_sections_array" time="0.430" /><testcase classname="backend.tests.test_help_endpoints.TestHelpEndpoints" name="test_help_video_script_returns_content" time="0.444" /><testcase classname="backend.tests.test_help_endpoints.TestHelpEndpoints" name="test_help_endpoints_reject_unauthenticated" time="0.527" /><testcase classname="backend.tests.test_help_endpoints.TestRegressionPanels" name="test_pricing_explain_endpoint" time="0.445" /><testcase classname="backend.tests.test_help_endpoints.TestRegressionPanels" name="test_hk_turnover_endpoint" time="0.403" /><testcase classname="backend.tests.test_help_endpoints.TestRegressionPanels" name="test_banquet_orders_endpoint" time="0.403" /><testcase classname="backend.tests.test_help_endpoints.TestRegressionPanels" name="test_loyalty_tier_endpoint" time="0.422" /></testsuite></testsuites>