<?xml version="1.0" encoding="utf-8"?><testsuites name="pytest tests"><testsuite name="pytest" errors="0" failures="0" skipped="0" tests="10" time="6.473" timestamp="2026-04-17T10:06:38.653863+00:00" hostname="agent-env-a9d7a5c1-de72-4617-a5b9-ed7dde4401f0"><testcase classname="backend.tests.test_iteration115_hds_event_intelligence.TestHDSEventIntelligence" name="test_01_login_admin" time="0.847" /><testcase classname="backend.tests.test_iteration115_hds_event_intelligence.TestHDSEventIntelligence" name="test_02_add_local_event_minimal_impact" time="0.476" /><testcase classname="backend.tests.test_iteration115_hds_event_intelligence.TestHDSEventIntelligence" name="test_03_add_international_event_critical_impact" time="0.484" /><testcase classname="backend.tests.test_iteration115_hds_event_intelligence.TestHDSEventIntelligence" name="test_04_get_events_returns_hds_counts" time="0.421" /><testcase classname="backend.tests.test_iteration115_hds_event_intelligence.TestHDSEventIntelligence" name="test_05_events_store_hds_fields" time="0.520" /><testcase classname="backend.tests.test_iteration115_hds_event_intelligence.TestHDSEventIntelligence" name="test_06_dynamic_pricing_shows_hds_breakdown" time="0.568" /><testcase classname="backend.tests.test_iteration115_hds_event_intelligence.TestHDSEventIntelligence" name="test_07_hds_impact_level_mapping" time="1.532" /><testcase classname="backend.tests.test_iteration115_hds_event_intelligence.TestHDSEventIntelligence" name="test_08_legacy_impact_backward_compat" time="0.460" /><testcase classname="backend.tests.test_iteration115_hds_event_intelligence.TestHDSEventIntelligence" name="test_09_auth_required_for_events" time="0.569" /><testcase classname="backend.tests.test_iteration115_hds_event_intelligence.TestHDSEventIntelligence" name="test_10_price_boost_by_hds_level" time="0.492" /></testsuite></testsuites>