<?xml version="1.0" encoding="utf-8"?><testsuites name="pytest tests"><testsuite name="pytest" errors="0" failures="0" skipped="0" tests="19" time="11.898" timestamp="2026-04-10T19:36:36.197467+00:00" hostname="agent-env-a9d7a5c1-de72-4617-a5b9-ed7dde4401f0"><testcase classname="backend.tests.test_auth_approval.TestAuthLogin" name="test_login_success_returns_token_and_user" time="0.484" /><testcase classname="backend.tests.test_auth_approval.TestAuthLogin" name="test_login_wrong_password_returns_401" time="0.388" /><testcase classname="backend.tests.test_auth_approval.TestAuthLogin" name="test_login_nonexistent_user_returns_401" time="0.136" /><testcase classname="backend.tests.test_auth_approval.TestAuthMe" name="test_get_me_with_valid_token" time="0.558" /><testcase classname="backend.tests.test_auth_approval.TestAuthMe" name="test_get_me_without_token_returns_401" time="0.102" /><testcase classname="backend.tests.test_auth_approval.TestAuthLogout" name="test_logout_clears_cookies" time="0.398" /><testcase classname="backend.tests.test_auth_approval.TestRoles" name="test_get_roles_returns_roles_and_departments" time="0.110" /><testcase classname="backend.tests.test_auth_approval.TestUserManagement" name="test_get_users_returns_user_list" time="0.594" /><testcase classname="backend.tests.test_auth_approval.TestUserManagement" name="test_get_users_without_auth_returns_401" time="0.195" /><testcase classname="backend.tests.test_auth_approval.TestUserManagement" name="test_register_and_delete_user" time="0.902" /><testcase classname="backend.tests.test_auth_approval.TestApprovalWorkflow" name="test_submit_for_approval_changes_status" time="1.064" /><testcase classname="backend.tests.test_auth_approval.TestApprovalWorkflow" name="test_approve_response_publishes" time="0.610" /><testcase classname="backend.tests.test_auth_approval.TestApprovalWorkflow" name="test_reject_response" time="0.921" /><testcase classname="backend.tests.test_auth_approval.TestApprovalWorkflow" name="test_get_pending_approvals" time="0.518" /><testcase classname="backend.tests.test_auth_approval.TestApprovalWorkflow" name="test_get_pending_approvals_without_auth_returns_401" time="0.132" /><testcase classname="backend.tests.test_auth_approval.TestRegressionAfterAuth" name="test_reviews_endpoint_works" time="0.109" /><testcase classname="backend.tests.test_auth_approval.TestRegressionAfterAuth" name="test_stats_endpoint_works" time="0.112" /><testcase classname="backend.tests.test_auth_approval.TestRegressionAfterAuth" name="test_analytics_endpoint_works" time="0.116" /><testcase classname="backend.tests.test_auth_approval.TestRegressionAfterAuth" name="test_ai_generation_works" time="4.343" /></testsuite></testsuites>