<?xml version="1.0" encoding="utf-8"?><testsuites name="pytest tests"><testsuite name="pytest" errors="0" failures="0" skipped="0" tests="15" time="5.280" timestamp="2026-04-19T19:23:28.812168+00:00" hostname="agent-env-a9d7a5c1-de72-4617-a5b9-ed7dde4401f0"><testcase classname="backend.tests.test_iteration151_currency_fx.TestCurrencyFxSettings" name="test_get_settings_returns_base_currency_and_codes" time="0.560" /><testcase classname="backend.tests.test_iteration151_currency_fx.TestCurrencyFxSettings" name="test_put_settings_updates_base_currency_and_rounding" time="0.371" /><testcase classname="backend.tests.test_iteration151_currency_fx.TestCurrencyFxRates" name="test_get_rates_returns_seeded_currencies" time="0.480" /><testcase classname="backend.tests.test_iteration151_currency_fx.TestCurrencyFxRates" name="test_post_rates_upserts_by_code_and_date" time="0.478" /><testcase classname="backend.tests.test_iteration151_currency_fx.TestCurrencyFxRates" name="test_delete_rates_works_for_non_base_currency" time="0.378" /><testcase classname="backend.tests.test_iteration151_currency_fx.TestCurrencyFxRates" name="test_delete_base_currency_returns_400" time="0.149" /><testcase classname="backend.tests.test_iteration151_currency_fx.TestCurrencyFxConvert" name="test_convert_eur_to_gbp" time="0.446" /><testcase classname="backend.tests.test_iteration151_currency_fx.TestCurrencyFxConvert" name="test_convert_same_currency_returns_amount" time="0.117" /><testcase classname="backend.tests.test_iteration151_currency_fx.TestCurrencyFxConvert" name="test_convert_usd_to_eur" time="0.118" /><testcase classname="backend.tests.test_iteration151_currency_fx.TestCurrencyFxArAging" name="test_ar_aging_returns_structure" time="0.452" /><testcase classname="backend.tests.test_iteration151_currency_fx.TestCurrencyFxArAging" name="test_ar_aging_converts_non_gbp_invoices" time="0.687" /><testcase classname="backend.tests.test_iteration151_currency_fx.TestCurrencyFxPortfolioSummary" name="test_portfolio_summary_returns_structure" time="0.480" /><testcase classname="backend.tests.test_iteration151_currency_fx.TestCurrencyFxUnauthorized" name="test_settings_requires_auth" time="0.125" /><testcase classname="backend.tests.test_iteration151_currency_fx.TestCurrencyFxUnauthorized" name="test_rates_requires_auth" time="0.181" /><testcase classname="backend.tests.test_iteration151_currency_fx.TestCurrencyFxUnauthorized" name="test_convert_requires_auth" time="0.146" /></testsuite></testsuites>