<?xml version="1.0" encoding="utf-8"?><testsuites name="pytest tests"><testsuite name="pytest" errors="0" failures="0" skipped="0" tests="27" time="14.153" timestamp="2026-05-08T13:51:34.588986+00:00" hostname="agent-env-a9d7a5c1-de72-4617-a5b9-ed7dde4401f0"><testcase classname="backend.tests.test_iteration268_insights.TestInsightsEndpoint" name="test_insights_requires_auth" time="0.629" /><testcase classname="backend.tests.test_iteration268_insights.TestInsightsEndpoint" name="test_insights_requires_admin_or_manager_role" time="0.895" /><testcase classname="backend.tests.test_iteration268_insights.TestInsightsEndpoint" name="test_apply_insight_requires_auth" time="0.515" /><testcase classname="backend.tests.test_iteration268_insights.TestInsightsEndpoint" name="test_insights_response_structure" time="0.446" /><testcase classname="backend.tests.test_iteration268_insights.TestInsightsEndpoint" name="test_insights_lookback_days_parameter" time="0.586" /><testcase classname="backend.tests.test_iteration268_insights.TestInsightsEndpoint" name="test_insights_property_all" time="0.466" /><testcase classname="backend.tests.test_iteration268_insights.TestInsightsEndpoint" name="test_insight_has_required_fields" time="0.423" /><testcase classname="backend.tests.test_iteration268_insights.TestInsightsEndpoint" name="test_insight_message_is_turkish" time="0.472" /><testcase classname="backend.tests.test_iteration268_insights.TestInsightsEndpoint" name="test_insights_sorted_by_severity" time="0.496" /><testcase classname="backend.tests.test_iteration268_insights.TestInsightsEndpoint" name="test_repeated_loss_pattern_detection" time="0.507" /><testcase classname="backend.tests.test_iteration268_insights.TestInsightsEndpoint" name="test_consistent_win_pattern_detection" time="0.481" /><testcase classname="backend.tests.test_iteration268_insights.TestInsightsEndpoint" name="test_min_rate_streak_detection" time="0.511" /><testcase classname="backend.tests.test_iteration268_insights.TestInsightsEndpoint" name="test_apply_insight_response_structure" time="0.428" /><testcase classname="backend.tests.test_iteration268_insights.TestInsightsEndpoint" name="test_apply_insight_suggested_dates_structure" time="0.493" /><testcase classname="backend.tests.test_iteration268_insights.TestInsightsEndpoint" name="test_apply_insight_target_rate_calculation" time="0.462" /><testcase classname="backend.tests.test_iteration268_insights.TestInsightsEndpoint" name="test_apply_insight_matches_dow" time="0.528" /><testcase classname="backend.tests.test_iteration268_insights.TestInsightsEndpoint" name="test_apply_insight_future_dates_only" time="0.443" /><testcase classname="backend.tests.test_iteration268_insights.TestInsightsEndpoint" name="test_apply_insight_respects_count" time="0.595" /><testcase classname="backend.tests.test_iteration268_insights.TestInsightsEndpoint" name="test_apply_insight_90_day_limit" time="0.470" /><testcase classname="backend.tests.test_iteration268_insights.TestInsightsEndpoint" name="test_apply_insight_requires_dow" time="0.442" /><testcase classname="backend.tests.test_iteration268_insights.TestInsightsEndpoint" name="test_apply_insight_positive_offset" time="0.500" /><testcase classname="backend.tests.test_iteration268_insights.TestInsightsEndpoint" name="test_insights_to_apply_flow" time="0.555" /><testcase classname="backend.tests.test_iteration268_insights.TestInsightsEndpoint" name="test_existing_test_data_triggers_insights" time="0.478" /><testcase classname="backend.tests.test_iteration268_insights.TestApplyInsightEdgeCases" name="test_apply_insight_all_dow_values" time="0.817" /><testcase classname="backend.tests.test_iteration268_insights.TestApplyInsightEdgeCases" name="test_apply_insight_zero_offset" time="0.459" /><testcase classname="backend.tests.test_iteration268_insights.TestApplyInsightEdgeCases" name="test_apply_insight_large_negative_offset" time="0.491" /><testcase classname="backend.tests.test_iteration268_insights.TestApplyInsightEdgeCases" name="test_apply_insight_property_all" time="0.434" /></testsuite></testsuites>