<?xml version="1.0" encoding="utf-8"?><testsuites name="pytest tests"><testsuite name="pytest" errors="0" failures="0" skipped="0" tests="49" time="24.491" timestamp="2026-04-27T12:08:51.884326+00:00" hostname="agent-env-a9d7a5c1-de72-4617-a5b9-ed7dde4401f0"><testcase classname="backend.tests.test_iteration219_batch6_features.TestPreAuthHolds" name="test_create_hold" time="0.688" /><testcase classname="backend.tests.test_iteration219_batch6_features.TestPreAuthHolds" name="test_list_holds" time="0.602" /><testcase classname="backend.tests.test_iteration219_batch6_features.TestPreAuthHolds" name="test_list_holds_with_status_filter" time="0.533" /><testcase classname="backend.tests.test_iteration219_batch6_features.TestPreAuthHolds" name="test_get_summary" time="0.562" /><testcase classname="backend.tests.test_iteration219_batch6_features.TestPreAuthHolds" name="test_capture_hold_partial" time="0.829" /><testcase classname="backend.tests.test_iteration219_batch6_features.TestPreAuthHolds" name="test_capture_exceeds_amount_fails" time="0.602" /><testcase classname="backend.tests.test_iteration219_batch6_features.TestPreAuthHolds" name="test_release_hold" time="0.825" /><testcase classname="backend.tests.test_iteration219_batch6_features.TestPreAuthHolds" name="test_cannot_capture_released_hold" time="0.737" /><testcase classname="backend.tests.test_iteration219_batch6_features.TestPreAuthHolds" name="test_second_hold_supersedes_first" time="0.681" /><testcase classname="backend.tests.test_iteration219_batch6_features.TestPreAuthHolds" name="test_expire_due" time="0.438" /><testcase classname="backend.tests.test_iteration219_batch6_features.TestChargebackDefense" name="test_open_case" time="0.622" /><testcase classname="backend.tests.test_iteration219_batch6_features.TestChargebackDefense" name="test_list_cases" time="0.443" /><testcase classname="backend.tests.test_iteration219_batch6_features.TestChargebackDefense" name="test_build_evidence" time="0.474" /><testcase classname="backend.tests.test_iteration219_batch6_features.TestChargebackDefense" name="test_update_status" time="0.603" /><testcase classname="backend.tests.test_iteration219_batch6_features.TestChargebackDefense" name="test_add_note" time="0.463" /><testcase classname="backend.tests.test_iteration219_batch6_features.TestChargebackDefense" name="test_invalid_status_fails" time="0.476" /><testcase classname="backend.tests.test_iteration219_batch6_features.TestWebPush" name="test_subscribe" time="0.462" /><testcase classname="backend.tests.test_iteration219_batch6_features.TestWebPush" name="test_list_subscriptions" time="0.481" /><testcase classname="backend.tests.test_iteration219_batch6_features.TestWebPush" name="test_send_push" time="0.504" /><testcase classname="backend.tests.test_iteration219_batch6_features.TestWebPush" name="test_get_log" time="0.450" /><testcase classname="backend.tests.test_iteration219_batch6_features.TestWebPush" name="test_get_pending" time="0.448" /><testcase classname="backend.tests.test_iteration219_batch6_features.TestWebPush" name="test_unsubscribe_idempotent" time="0.591" /><testcase classname="backend.tests.test_iteration219_batch6_features.TestPmsCrsSync" name="test_push_to_crs" time="0.533" /><testcase classname="backend.tests.test_iteration219_batch6_features.TestPmsCrsSync" name="test_pull_from_crs" time="0.486" /><testcase classname="backend.tests.test_iteration219_batch6_features.TestPmsCrsSync" name="test_full_run" time="0.571" /><testcase classname="backend.tests.test_iteration219_batch6_features.TestPmsCrsSync" name="test_get_index" time="0.465" /><testcase classname="backend.tests.test_iteration219_batch6_features.TestPmsCrsSync" name="test_get_queue" time="0.471" /><testcase classname="backend.tests.test_iteration219_batch6_features.TestPmsCrsSync" name="test_get_status" time="0.531" /><testcase classname="backend.tests.test_iteration219_batch6_features.TestPmsCrsSync" name="test_get_conflicts" time="0.538" /><testcase classname="backend.tests.test_iteration219_batch6_features.TestPublicApiPortal" name="test_issue_key" time="0.452" /><testcase classname="backend.tests.test_iteration219_batch6_features.TestPublicApiPortal" name="test_list_keys" time="0.494" /><testcase classname="backend.tests.test_iteration219_batch6_features.TestPublicApiPortal" name="test_get_spec" time="0.464" /><testcase classname="backend.tests.test_iteration219_batch6_features.TestPublicApiPortal" name="test_get_usage" time="0.465" /><testcase classname="backend.tests.test_iteration219_batch6_features.TestPublicApiPortal" name="test_sandbox_echo" time="0.142" /><testcase classname="backend.tests.test_iteration219_batch6_features.TestPublicApiPortal" name="test_sandbox_availability" time="0.111" /><testcase classname="backend.tests.test_iteration219_batch6_features.TestPublicApiPortal" name="test_sandbox_missing_key_401" time="0.122" /><testcase classname="backend.tests.test_iteration219_batch6_features.TestPublicApiPortal" name="test_sandbox_invalid_key_401" time="0.151" /><testcase classname="backend.tests.test_iteration219_batch6_features.TestPublicApiPortal" name="test_sandbox_scope_check_403" time="0.622" /><testcase classname="backend.tests.test_iteration219_batch6_features.TestPublicApiPortal" name="test_sandbox_property_mismatch_403" time="0.609" /><testcase classname="backend.tests.test_iteration219_batch6_features.TestPublicApiPortal" name="test_rotate_key" time="0.477" /><testcase classname="backend.tests.test_iteration219_batch6_features.TestPublicApiPortal" name="test_old_key_invalid_after_rotate" time="0.105" /><testcase classname="backend.tests.test_iteration219_batch6_features.TestPublicApiPortal" name="test_revoke_key" time="0.473" /><testcase classname="backend.tests.test_iteration219_batch6_features.TestPublicApiPortal" name="test_revoked_key_401" time="0.141" /><testcase classname="backend.tests.test_iteration219_batch6_features.TestRateLimit" name="test_rate_limit_429" time="1.130" /><testcase classname="backend.tests.test_iteration219_batch6_features.TestBatch6Regression" name="test_auth_login" time="0.371" /><testcase classname="backend.tests.test_iteration219_batch6_features.TestBatch6Regression" name="test_bookings_list" time="0.470" /><testcase classname="backend.tests.test_iteration219_batch6_features.TestBatch6Regression" name="test_spaces_list" time="0.434" /><testcase classname="backend.tests.test_iteration219_batch6_features.TestBatch6Regression" name="test_agents_list" time="0.470" /><testcase classname="backend.tests.test_iteration219_batch6_features.TestBatch6Regression" name="test_door_locks_log" time="0.508" /></testsuite></testsuites>