<?xml version="1.0" encoding="utf-8"?><testsuites name="pytest tests"><testsuite name="pytest" errors="0" failures="0" skipped="0" tests="32" time="34.847" timestamp="2026-05-07T15:18:37.321546+00:00" hostname="agent-env-a9d7a5c1-de72-4617-a5b9-ed7dde4401f0"><testcase classname="backend.tests.test_shifts_v2_rotapro.TestAuth" name="test_login" time="0.574" /><testcase classname="backend.tests.test_shifts_v2_rotapro.TestStaffCRUD" name="test_list_staff_initial" time="0.222" /><testcase classname="backend.tests.test_shifts_v2_rotapro.TestStaffCRUD" name="test_create_receptionist" time="0.163" /><testcase classname="backend.tests.test_shifts_v2_rotapro.TestStaffCRUD" name="test_create_housekeeper" time="0.139" /><testcase classname="backend.tests.test_shifts_v2_rotapro.TestStaffCRUD" name="test_create_maintenance" time="0.212" /><testcase classname="backend.tests.test_shifts_v2_rotapro.TestShiftEntriesCRUD" name="test_create_shift_entry_auto_calc" time="0.225" /><testcase classname="backend.tests.test_shifts_v2_rotapro.TestShiftEntriesCRUD" name="test_list_shifts_by_week" time="0.146" /><testcase classname="backend.tests.test_shifts_v2_rotapro.TestShiftEntriesCRUD" name="test_update_shift_entry" time="0.131" /><testcase classname="backend.tests.test_shifts_v2_rotapro.TestBulkActions" name="test_publish_all" time="0.135" /><testcase classname="backend.tests.test_shifts_v2_rotapro.TestBulkActions" name="test_copy_week" time="0.144" /><testcase classname="backend.tests.test_shifts_v2_rotapro.TestPayrollSummary" name="test_payroll_summary" time="0.133" /><testcase classname="backend.tests.test_shifts_v2_rotapro.TestConflictDetection" name="test_create_overtime_scenario" time="0.963" /><testcase classname="backend.tests.test_shifts_v2_rotapro.TestConflictDetection" name="test_create_double_booking" time="0.206" /><testcase classname="backend.tests.test_shifts_v2_rotapro.TestConflictDetection" name="test_detect_conflicts" time="0.144" /><testcase classname="backend.tests.test_shifts_v2_rotapro.TestOccupancyNeeds" name="test_occupancy_needs" time="0.142" /><testcase classname="backend.tests.test_shifts_v2_rotapro.TestAISchedule" name="test_ai_suggest" time="27.337" /><testcase classname="backend.tests.test_shifts_v2_rotapro.TestAISchedule" name="test_ai_apply" time="0.179" /><testcase classname="backend.tests.test_shifts_v2_rotapro.TestLeaveRequests" name="test_create_leave_request" time="0.182" /><testcase classname="backend.tests.test_shifts_v2_rotapro.TestLeaveRequests" name="test_list_leaves" time="0.131" /><testcase classname="backend.tests.test_shifts_v2_rotapro.TestLeaveRequests" name="test_update_leave_status" time="0.147" /><testcase classname="backend.tests.test_shifts_v2_rotapro.TestLeaveRequests" name="test_leave_balance" time="0.158" /><testcase classname="backend.tests.test_shifts_v2_rotapro.TestClockInOut" name="test_clock_in" time="0.169" /><testcase classname="backend.tests.test_shifts_v2_rotapro.TestClockInOut" name="test_clock_out" time="0.137" /><testcase classname="backend.tests.test_shifts_v2_rotapro.TestClockInOut" name="test_list_clock_events" time="0.151" /><testcase classname="backend.tests.test_shifts_v2_rotapro.TestOpenShifts" name="test_create_open_shift" time="0.140" /><testcase classname="backend.tests.test_shifts_v2_rotapro.TestOpenShifts" name="test_list_open_shifts" time="0.304" /><testcase classname="backend.tests.test_shifts_v2_rotapro.TestOpenShifts" name="test_claim_open_shift" time="0.163" /><testcase classname="backend.tests.test_shifts_v2_rotapro.TestSyncToSalaries" name="test_mark_shifts_completed" time="0.130" /><testcase classname="backend.tests.test_shifts_v2_rotapro.TestSyncToSalaries" name="test_sync_to_salaries" time="0.181" /><testcase classname="backend.tests.test_shifts_v2_rotapro.TestCleanup" name="test_delete_shift_entries" time="0.976" /><testcase classname="backend.tests.test_shifts_v2_rotapro.TestCleanup" name="test_clear_week" time="0.142" /><testcase classname="backend.tests.test_shifts_v2_rotapro.TestCleanup" name="test_delete_staff" time="0.412" /></testsuite></testsuites>