<?xml version="1.0" encoding="utf-8"?><testsuites name="pytest tests"><testsuite name="pytest" errors="0" failures="0" skipped="0" tests="22" time="10.248" timestamp="2026-04-28T05:30:20.461178+00:00" hostname="agent-env-a9d7a5c1-de72-4617-a5b9-ed7dde4401f0"><testcase classname="backend.tests.test_iteration233_batch21_brand_portal.TestBrandPortalBatch21" name="test_01_get_branding_auto_seeds_defaults" time="0.720" /><testcase classname="backend.tests.test_iteration233_batch21_brand_portal.TestBrandPortalBatch21" name="test_02_get_branding_for_default_property" time="0.403" /><testcase classname="backend.tests.test_iteration233_batch21_brand_portal.TestBrandPortalBatch21" name="test_03_put_branding_update" time="0.445" /><testcase classname="backend.tests.test_iteration233_batch21_brand_portal.TestBrandPortalBatch21" name="test_04_get_branding_shows_updated_values" time="0.403" /><testcase classname="backend.tests.test_iteration233_batch21_brand_portal.TestBrandPortalBatch21" name="test_05_public_branding_no_auth" time="0.436" /><testcase classname="backend.tests.test_iteration233_batch21_brand_portal.TestBrandPortalBatch21" name="test_06_public_branding_nonexistent_property" time="0.474" /><testcase classname="backend.tests.test_iteration233_batch21_brand_portal.TestBrandPortalBatch21" name="test_07_overview_30_days" time="0.479" /><testcase classname="backend.tests.test_iteration233_batch21_brand_portal.TestBrandPortalBatch21" name="test_08_overview_property_structure" time="0.464" /><testcase classname="backend.tests.test_iteration233_batch21_brand_portal.TestBrandPortalBatch21" name="test_09_overview_by_revenue_sorted_desc" time="0.442" /><testcase classname="backend.tests.test_iteration233_batch21_brand_portal.TestBrandPortalBatch21" name="test_10_overview_different_days" time="0.411" /><testcase classname="backend.tests.test_iteration233_batch21_brand_portal.TestBrandPortalBatch21" name="test_11_alerts_7_days" time="0.461" /><testcase classname="backend.tests.test_iteration233_batch21_brand_portal.TestBrandPortalBatch21" name="test_12_alerts_structure" time="0.474" /><testcase classname="backend.tests.test_iteration233_batch21_brand_portal.TestBrandPortalBatch21" name="test_13_regression_auth_login" time="0.747" /><testcase classname="backend.tests.test_iteration233_batch21_brand_portal.TestBrandPortalBatch21" name="test_14_regression_batch13_tr_compliance" time="0.449" /><testcase classname="backend.tests.test_iteration233_batch21_brand_portal.TestBrandPortalBatch21" name="test_15_regression_batch14_ai_predictions" time="0.401" /><testcase classname="backend.tests.test_iteration233_batch21_brand_portal.TestBrandPortalBatch21" name="test_16_regression_batch15_eu_compliance" time="0.411" /><testcase classname="backend.tests.test_iteration233_batch21_brand_portal.TestBrandPortalBatch21" name="test_17_regression_batch16_channel_revenue" time="0.415" /><testcase classname="backend.tests.test_iteration233_batch21_brand_portal.TestBrandPortalBatch21" name="test_18_regression_batch17_kds" time="0.445" /><testcase classname="backend.tests.test_iteration233_batch21_brand_portal.TestBrandPortalBatch21" name="test_19_regression_batch18_loyalty_v2" time="0.383" /><testcase classname="backend.tests.test_iteration233_batch21_brand_portal.TestBrandPortalBatch21" name="test_20_regression_batch19_sentiment_heatmap" time="0.443" /><testcase classname="backend.tests.test_iteration233_batch21_brand_portal.TestBrandPortalBatch21" name="test_21_regression_batch20_self_checkin_v2" time="0.418" /><testcase classname="backend.tests.test_iteration233_batch21_brand_portal.TestBrandPortalBatch21" name="test_22_properties_endpoint" time="0.413" /></testsuite></testsuites>