<?xml version="1.0" encoding="utf-8"?><testsuites name="pytest tests"><testsuite name="pytest" errors="0" failures="0" skipped="0" tests="17" time="16.084" timestamp="2026-04-17T07:33:31.711718+00:00" hostname="agent-env-a9d7a5c1-de72-4617-a5b9-ed7dde4401f0"><testcase classname="backend.tests.test_iteration111_365day_demand.TestIteration111_365DayDemand" name="test_demand_dashboard_365_days" time="1.712" /><testcase classname="backend.tests.test_iteration111_365day_demand.TestIteration111_365DayDemand" name="test_demand_dashboard_30_days" time="0.526" /><testcase classname="backend.tests.test_iteration111_365day_demand.TestIteration111_365DayDemand" name="test_demand_dashboard_60_days" time="0.611" /><testcase classname="backend.tests.test_iteration111_365day_demand.TestIteration111_365DayDemand" name="test_demand_dashboard_90_days" time="0.679" /><testcase classname="backend.tests.test_iteration111_365day_demand.TestIteration111_365DayDemand" name="test_demand_dashboard_180_days" time="1.049" /><testcase classname="backend.tests.test_iteration111_365day_demand.TestIteration111_365DayDemand" name="test_demand_dashboard_entry_structure" time="1.677" /><testcase classname="backend.tests.test_iteration111_365day_demand.TestIteration111_365DayDemand" name="test_demand_dashboard_kpis" time="1.632" /><testcase classname="backend.tests.test_iteration111_365day_demand.TestIteration111_365DayDemand" name="test_dynamic_pricing_calculate_365_days" time="1.784" /><testcase classname="backend.tests.test_iteration111_365day_demand.TestIteration111_365DayDemand" name="test_dynamic_pricing_calculate_30_days" time="0.484" /><testcase classname="backend.tests.test_iteration111_365day_demand.TestIteration111_365DayDemand" name="test_dynamic_pricing_calculate_60_days" time="0.618" /><testcase classname="backend.tests.test_iteration111_365day_demand.TestIteration111_365DayDemand" name="test_dynamic_pricing_calculate_90_days" time="0.760" /><testcase classname="backend.tests.test_iteration111_365day_demand.TestIteration111_365DayDemand" name="test_dynamic_pricing_calculate_180_days" time="1.047" /><testcase classname="backend.tests.test_iteration111_365day_demand.TestIteration111_365DayDemand" name="test_dynamic_pricing_data_sources" time="1.876" /><testcase classname="backend.tests.test_iteration111_365day_demand.TestIteration111_365DayDemand" name="test_scanner_status_7_tiers" time="0.388" /><testcase classname="backend.tests.test_iteration111_365day_demand.TestIteration111_365DayDemand" name="test_scanner_status_tier_intervals" time="0.395" /><testcase classname="backend.tests.test_iteration111_365day_demand.TestIteration111_365DayDemand" name="test_scanner_status_structure" time="0.377" /><testcase classname="backend.tests.test_iteration111_365day_demand.TestIteration111_365DayDemand" name="test_market_robot_config_endpoint_works" time="0.371" /></testsuite></testsuites>