<?xml version="1.0" encoding="utf-8"?><testsuites name="pytest tests"><testsuite name="pytest" errors="0" failures="0" skipped="0" tests="19" time="3.626" timestamp="2026-05-14T07:46:03.079865+00:00" hostname="agent-env-a9d7a5c1-de72-4617-a5b9-ed7dde4401f0"><testcase classname="backend.tests.test_iteration281_beo_handoff.TestBEOGeneration" name="test_beo_generation_inquiry_returns_400" time="0.582" /><testcase classname="backend.tests.test_iteration281_beo_handoff.TestBEOGeneration" name="test_beo_generation_confirmed_success" time="0.635" /><testcase classname="backend.tests.test_iteration281_beo_handoff.TestBEOGeneration" name="test_beo_generation_idempotent" time="0.134" /><testcase classname="backend.tests.test_iteration281_beo_handoff.TestBEOGeneration" name="test_meeting_stamped_with_beo_id" time="0.134" /><testcase classname="backend.tests.test_iteration281_beo_handoff.TestBEOGeneration" name="test_beo_document_structure" time="0.137" /><testcase classname="backend.tests.test_iteration281_beo_handoff.TestBEOGeneration" name="test_beo_generation_404_nonexistent" time="0.066" /><testcase classname="backend.tests.test_iteration281_beo_handoff.TestRegressionIter277to280" name="test_meetings_list" time="0.077" /><testcase classname="backend.tests.test_iteration281_beo_handoff.TestRegressionIter277to280" name="test_meetings_pipeline" time="0.077" /><testcase classname="backend.tests.test_iteration281_beo_handoff.TestRegressionIter277to280" name="test_meetings_analytics" time="0.068" /><testcase classname="backend.tests.test_iteration281_beo_handoff.TestRegressionIter277to280" name="test_proposal_pdf_endpoint" time="0.178" /><testcase classname="backend.tests.test_iteration281_beo_handoff.TestRegressionIter277to280" name="test_fnb_pos_providers" time="0.070" /><testcase classname="backend.tests.test_iteration281_beo_handoff.TestRegressionIter277to280" name="test_fnb_pos_connections" time="0.067" /><testcase classname="backend.tests.test_iteration281_beo_handoff.TestRegressionIter277to280" name="test_banquet_orders_list" time="0.090" /><testcase classname="backend.tests.test_iteration281_beo_handoff.TestRegressionIter277to280" name="test_channel_parity" time="0.120" /><testcase classname="backend.tests.test_iteration281_beo_handoff.TestRegressionIter277to280" name="test_spa_services" time="0.089" /><testcase classname="backend.tests.test_iteration281_beo_handoff.TestBEOEdgeCases" name="test_beo_generation_invoiced_stage" time="0.219" /><testcase classname="backend.tests.test_iteration281_beo_handoff.TestBEOEdgeCases" name="test_beo_generation_completed_stage" time="0.197" /><testcase classname="backend.tests.test_iteration281_beo_handoff.TestBEOEdgeCases" name="test_beo_generation_no_items" time="0.221" /><testcase classname="backend.tests.test_iteration281_beo_handoff.TestBEOEdgeCases" name="test_beo_venue_room_tbd_when_no_space" time="0.349" /></testsuite></testsuites>