<?xml version="1.0" encoding="utf-8"?><testsuites name="pytest tests"><testsuite name="pytest" errors="0" failures="3" skipped="0" tests="25" time="6.940" timestamp="2026-04-18T20:56:26.531652+00:00" hostname="agent-env-a9d7a5c1-de72-4617-a5b9-ed7dde4401f0"><testcase classname="backend.tests.test_iteration148_perm_migration.TestAuthSetup" name="test_admin_login" time="0.485" /><testcase classname="backend.tests.test_iteration148_perm_migration.TestAuthSetup" name="test_receptionist_login" time="0.403" /><testcase classname="backend.tests.test_iteration148_perm_migration.TestUserManagementPermissions" name="test_register_admin_bypass" time="0.670" /><testcase classname="backend.tests.test_iteration148_perm_migration.TestUserManagementPermissions" name="test_register_receptionist_403" time="0.384" /><testcase classname="backend.tests.test_iteration148_perm_migration.TestUserManagementPermissions" name="test_update_user_admin_bypass" time="0.134"><failure message="AssertionError: Admin update user failed: {&quot;detail&quot;:&quot;User not found&quot;}&#10;assert 404 == 200&#10; +  where 404 = &lt;Response [404]&gt;.status_code">backend/tests/test_iteration148_perm_migration.py:140: in test_update_user_admin_bypass
    assert response.status_code == 200, f"Admin update user failed: {response.text}"
E   AssertionError: Admin update user failed: {"detail":"User not found"}
E   assert 404 == 200
E    +  where 404 = &lt;Response [404]&gt;.status_code</failure></testcase><testcase classname="backend.tests.test_iteration148_perm_migration.TestUserManagementPermissions" name="test_update_user_receptionist_403" time="0.107" /><testcase classname="backend.tests.test_iteration148_perm_migration.TestUserManagementPermissions" name="test_delete_user_receptionist_403" time="0.388" /><testcase classname="backend.tests.test_iteration148_perm_migration.TestPropertyPermissions" name="test_create_property_admin_bypass" time="0.471" /><testcase classname="backend.tests.test_iteration148_perm_migration.TestPropertyPermissions" name="test_create_property_receptionist_403" time="0.409" /><testcase classname="backend.tests.test_iteration148_perm_migration.TestPropertyPermissions" name="test_update_property_receptionist_403" time="0.128" /><testcase classname="backend.tests.test_iteration148_perm_migration.TestPropertyPermissions" name="test_delete_property_receptionist_403" time="0.191" /><testcase classname="backend.tests.test_iteration148_perm_migration.TestPayrollPermissions" name="test_approve_run_admin_bypass" time="0.505" /><testcase classname="backend.tests.test_iteration148_perm_migration.TestPayrollPermissions" name="test_approve_run_receptionist_403" time="0.639" /><testcase classname="backend.tests.test_iteration148_perm_migration.TestPayrollPermissions" name="test_mark_paid_receptionist_403" time="0.049" /><testcase classname="backend.tests.test_iteration148_perm_migration.TestPayrollPermissions" name="test_delete_run_receptionist_403" time="0.275" /><testcase classname="backend.tests.test_iteration148_perm_migration.TestNonMigratedEndpoints" name="test_bug_tracker_list" time="0.408"><failure message="AssertionError: Bug tracker list failed: {&quot;detail&quot;:&quot;Not Found&quot;}&#10;assert 404 == 200&#10; +  where 404 = &lt;Response [404]&gt;.status_code">backend/tests/test_iteration148_perm_migration.py:408: in test_bug_tracker_list
    assert response.status_code == 200, f"Bug tracker list failed: {response.text}"
E   AssertionError: Bug tracker list failed: {"detail":"Not Found"}
E   assert 404 == 200
E    +  where 404 = &lt;Response [404]&gt;.status_code</failure></testcase><testcase classname="backend.tests.test_iteration148_perm_migration.TestNonMigratedEndpoints" name="test_arrivals_list" time="0.065" /><testcase classname="backend.tests.test_iteration148_perm_migration.TestNonMigratedEndpoints" name="test_bookings_list" time="0.088" /><testcase classname="backend.tests.test_iteration148_perm_migration.TestNonMigratedEndpoints" name="test_channel_manager_connections" time="0.051"><failure message="AssertionError: Channel manager failed: {&quot;detail&quot;:&quot;Not Found&quot;}&#10;assert 404 == 200&#10; +  where 404 = &lt;Response [404]&gt;.status_code">backend/tests/test_iteration148_perm_migration.py:427: in test_channel_manager_connections
    assert response.status_code == 200, f"Channel manager failed: {response.text}"
E   AssertionError: Channel manager failed: {"detail":"Not Found"}
E   assert 404 == 200
E    +  where 404 = &lt;Response [404]&gt;.status_code</failure></testcase><testcase classname="backend.tests.test_iteration148_perm_migration.TestNonMigratedEndpoints" name="test_accounting_income" time="0.054" /><testcase classname="backend.tests.test_iteration148_perm_migration.TestNonMigratedEndpoints" name="test_payroll_earnings" time="0.066" /><testcase classname="backend.tests.test_iteration148_perm_migration.TestNonMigratedEndpoints" name="test_payroll_adjustments" time="0.055" /><testcase classname="backend.tests.test_iteration148_perm_migration.TestReceptionistAllowedEndpoints" name="test_receptionist_can_view_bookings" time="0.434" /><testcase classname="backend.tests.test_iteration148_perm_migration.TestReceptionistAllowedEndpoints" name="test_receptionist_can_view_reviews" time="0.131" /><testcase classname="backend.tests.test_iteration148_perm_migration.TestReceptionistAllowedEndpoints" name="test_receptionist_can_view_properties" time="0.197" /></testsuite></testsuites>