<?xml version="1.0" encoding="utf-8"?><testsuites name="pytest tests"><testsuite name="pytest" errors="0" failures="0" skipped="3" tests="36" time="6.743" timestamp="2026-04-27T15:54:02.104804+00:00" hostname="agent-env-a9d7a5c1-de72-4617-a5b9-ed7dde4401f0"><testcase classname="backend.tests.test_iteration222_batch9_p1.TestMsgTemplates" name="test_get_known_keys" time="1.446" /><testcase classname="backend.tests.test_iteration222_batch9_p1.TestMsgTemplates" name="test_upsert_template_en" time="0.164" /><testcase classname="backend.tests.test_iteration222_batch9_p1.TestMsgTemplates" name="test_upsert_template_de" time="0.117" /><testcase classname="backend.tests.test_iteration222_batch9_p1.TestMsgTemplates" name="test_list_templates_with_coverage" time="0.151" /><testcase classname="backend.tests.test_iteration222_batch9_p1.TestMsgTemplates" name="test_render_template_exact_language" time="0.130" /><testcase classname="backend.tests.test_iteration222_batch9_p1.TestMsgTemplates" name="test_render_template_fallback_to_en" time="0.121" /><testcase classname="backend.tests.test_iteration222_batch9_p1.TestMsgTemplates" name="test_delete_template" time="0.294" /><testcase classname="backend.tests.test_iteration222_batch9_p1.TestBirthdayAutoDiscount" name="test_get_config_defaults" time="0.136" /><testcase classname="backend.tests.test_iteration222_batch9_p1.TestBirthdayAutoDiscount" name="test_save_config" time="0.147" /><testcase classname="backend.tests.test_iteration222_batch9_p1.TestBirthdayAutoDiscount" name="test_sweep_no_birthdays" time="0.119" /><testcase classname="backend.tests.test_iteration222_batch9_p1.TestBirthdayAutoDiscount" name="test_upcoming_birthdays" time="0.129" /><testcase classname="backend.tests.test_iteration222_batch9_p1.TestBirthdayAutoDiscount" name="test_dispatches_list" time="0.163" /><testcase classname="backend.tests.test_iteration222_batch9_p1.TestLowStockAlerts" name="test_get_items_state" time="0.116" /><testcase classname="backend.tests.test_iteration222_batch9_p1.TestLowStockAlerts" name="test_scan_creates_alerts" time="0.126" /><testcase classname="backend.tests.test_iteration222_batch9_p1.TestLowStockAlerts" name="test_scan_idempotent" time="0.302" /><testcase classname="backend.tests.test_iteration222_batch9_p1.TestLowStockAlerts" name="test_list_alerts" time="0.120" /><testcase classname="backend.tests.test_iteration222_batch9_p1.TestLowStockAlerts" name="test_dismiss_alert" time="0.000"><skipped type="pytest.skip" message="No alerts to dismiss - no stock items configured">/app/backend/tests/test_iteration222_batch9_p1.py:269: No alerts to dismiss - no stock items configured</skipped></testcase><testcase classname="backend.tests.test_iteration222_batch9_p1.TestRebookCTA" name="test_sweep_finds_eligible" time="0.117" /><testcase classname="backend.tests.test_iteration222_batch9_p1.TestRebookCTA" name="test_sweep_idempotent" time="0.253" /><testcase classname="backend.tests.test_iteration222_batch9_p1.TestRebookCTA" name="test_list_dispatches" time="0.150" /><testcase classname="backend.tests.test_iteration222_batch9_p1.TestRebookCTA" name="test_click_dispatch" time="0.000"><skipped type="pytest.skip" message="No dispatches to click - no bookings with checkout exactly 30 days ago">/app/backend/tests/test_iteration222_batch9_p1.py:322: No dispatches to click - no bookings with checkout exactly 30 days ago</skipped></testcase><testcase classname="backend.tests.test_iteration222_batch9_p1.TestRebookCTA" name="test_resolve_token" time="0.000"><skipped type="pytest.skip" message="No token to resolve">/app/backend/tests/test_iteration222_batch9_p1.py:327: No token to resolve</skipped></testcase><testcase classname="backend.tests.test_iteration222_batch9_p1.TestStayExtension" name="test_quote_extension" time="0.246" /><testcase classname="backend.tests.test_iteration222_batch9_p1.TestStayExtension" name="test_quote_validates_booking_id" time="0.111" /><testcase classname="backend.tests.test_iteration222_batch9_p1.TestStayExtension" name="test_quote_defaults_extra_nights" time="0.155" /><testcase classname="backend.tests.test_iteration222_batch9_p1.TestStayExtension" name="test_recent_extensions" time="0.129" /><testcase classname="backend.tests.test_iteration222_batch9_p1.TestLongStayDiscount" name="test_get_config_defaults" time="0.161" /><testcase classname="backend.tests.test_iteration222_batch9_p1.TestLongStayDiscount" name="test_save_config_validates_ladder" time="0.133" /><testcase classname="backend.tests.test_iteration222_batch9_p1.TestLongStayDiscount" name="test_save_config_validates_discount" time="0.145" /><testcase classname="backend.tests.test_iteration222_batch9_p1.TestLongStayDiscount" name="test_save_config_valid" time="0.114" /><testcase classname="backend.tests.test_iteration222_batch9_p1.TestLongStayDiscount" name="test_sweep_applies_discounts" time="0.112" /><testcase classname="backend.tests.test_iteration222_batch9_p1.TestLongStayDiscount" name="test_sweep_idempotent" time="0.255" /><testcase classname="backend.tests.test_iteration222_batch9_p1.TestLongStayDiscount" name="test_log_list" time="0.137" /><testcase classname="backend.tests.test_iteration222_batch9_p1.TestRegression" name="test_auth_login" time="0.336" /><testcase classname="backend.tests.test_iteration222_batch9_p1.TestRegression" name="test_bookings_list" time="0.134" /><testcase classname="backend.tests.test_iteration222_batch9_p1.TestRegression" name="test_properties_list" time="0.138" /></testsuite></testsuites>