<?xml version="1.0" encoding="utf-8"?><testsuites name="pytest tests"><testsuite name="pytest" errors="0" failures="0" skipped="0" tests="23" time="11.987" timestamp="2026-04-28T07:26:36.744010+00:00" hostname="agent-env-a9d7a5c1-de72-4617-a5b9-ed7dde4401f0"><testcase classname="backend.tests.test_iteration237_tipping.TestTippingLanding" name="test_landing_returns_property_info" time="0.133" /><testcase classname="backend.tests.test_iteration237_tipping.TestTippingLanding" name="test_landing_with_staff_id" time="0.142" /><testcase classname="backend.tests.test_iteration237_tipping.TestTippingLanding" name="test_landing_no_auth_required" time="0.117" /><testcase classname="backend.tests.test_iteration237_tipping.TestTippingSession" name="test_create_session_success" time="0.540" /><testcase classname="backend.tests.test_iteration237_tipping.TestTippingSession" name="test_create_session_minimum_amount" time="0.110" /><testcase classname="backend.tests.test_iteration237_tipping.TestTippingSession" name="test_create_session_maximum_amount" time="0.124" /><testcase classname="backend.tests.test_iteration237_tipping.TestTippingSession" name="test_create_session_invalid_currency" time="0.111" /><testcase classname="backend.tests.test_iteration237_tipping.TestTippingSession" name="test_create_session_invalid_staff_role" time="0.111" /><testcase classname="backend.tests.test_iteration237_tipping.TestTippingSession" name="test_create_session_valid_currencies" time="1.993" /><testcase classname="backend.tests.test_iteration237_tipping.TestTippingSession" name="test_create_session_valid_staff_roles" time="4.109" /><testcase classname="backend.tests.test_iteration237_tipping.TestTippingSession" name="test_create_session_no_auth_required" time="0.454" /><testcase classname="backend.tests.test_iteration237_tipping.TestTippingStatus" name="test_status_returns_tip_info" time="0.798" /><testcase classname="backend.tests.test_iteration237_tipping.TestTippingStatus" name="test_status_not_found" time="0.264" /><testcase classname="backend.tests.test_iteration237_tipping.TestTippingStatus" name="test_status_no_auth_required" time="0.778" /><testcase classname="backend.tests.test_iteration237_tipping.TestTippingLeaderboard" name="test_leaderboard_returns_aggregates" time="0.439" /><testcase classname="backend.tests.test_iteration237_tipping.TestTippingLeaderboard" name="test_leaderboard_validates_days" time="0.327" /><testcase classname="backend.tests.test_iteration237_tipping.TestTippingLeaderboard" name="test_leaderboard_requires_auth" time="0.132" /><testcase classname="backend.tests.test_iteration237_tipping.TestTippingList" name="test_list_returns_tips" time="0.049" /><testcase classname="backend.tests.test_iteration237_tipping.TestTippingList" name="test_list_filter_by_status" time="0.048" /><testcase classname="backend.tests.test_iteration237_tipping.TestTippingList" name="test_list_requires_auth" time="0.106" /><testcase classname="backend.tests.test_iteration237_tipping.TestTippingRBAC" name="test_receptionist_cannot_access_leaderboard" time="0.454" /><testcase classname="backend.tests.test_iteration237_tipping.TestTippingRBAC" name="test_receptionist_cannot_access_list" time="0.429" /><testcase classname="backend.tests.test_iteration237_tipping.TestWebhookTipHandling" name="test_webhook_endpoint_exists" time="0.122" /></testsuite></testsuites>