<?xml version="1.0" encoding="utf-8"?><testsuites name="pytest tests"><testsuite name="pytest" errors="0" failures="0" skipped="0" tests="10" time="6.962" timestamp="2026-05-08T09:28:58.627116+00:00" hostname="agent-env-a9d7a5c1-de72-4617-a5b9-ed7dde4401f0"><testcase classname="backend.tests.test_shifts_auto_sync_finance.TestAutoSyncOnSingleShiftUpdate" name="test_update_shift_to_completed_creates_finance_entry" time="1.086" /><testcase classname="backend.tests.test_shifts_auto_sync_finance.TestAutoSyncOnSingleShiftUpdate" name="test_update_shift_to_approved_creates_finance_entry" time="0.539" /><testcase classname="backend.tests.test_shifts_auto_sync_finance.TestBulkActionsReturnSyncCount" name="test_bulk_mark_completed_returns_sync_count" time="0.868" /><testcase classname="backend.tests.test_shifts_auto_sync_finance.TestBulkActionsReturnSyncCount" name="test_bulk_approve_completed_returns_sync_count" time="0.604" /><testcase classname="backend.tests.test_shifts_auto_sync_finance.TestIdempotency" name="test_idempotency_no_duplicate_finance_entries" time="0.841" /><testcase classname="backend.tests.test_shifts_auto_sync_finance.TestSyncHelperLogic" name="test_hours_worked_auto_computed_if_missing" time="0.233" /><testcase classname="backend.tests.test_shifts_auto_sync_finance.TestSyncHelperLogic" name="test_earned_amount_daily_rate" time="0.500" /><testcase classname="backend.tests.test_shifts_auto_sync_finance.TestSyncHelperLogic" name="test_skip_sync_if_earned_zero" time="0.360" /><testcase classname="backend.tests.test_shifts_auto_sync_finance.TestGetShiftsIncludesPayData" name="test_get_shifts_includes_pay_rate_and_earned_amount" time="0.357" /><testcase classname="backend.tests.test_shifts_auto_sync_finance.TestCleanup" name="test_cleanup_test_data" time="1.467" /></testsuite></testsuites>