<?xml version="1.0" encoding="utf-8"?><testsuites name="pytest tests"><testsuite name="pytest" errors="0" failures="0" skipped="0" tests="15" time="20.717" timestamp="2026-04-12T08:37:35.619276+00:00" hostname="agent-env-a9d7a5c1-de72-4617-a5b9-ed7dde4401f0"><testcase classname="backend.tests.test_iteration57_ai_upsell_kiosk.TestAIUpselling" name="test_ai_upsell_with_cart_items" time="3.150" /><testcase classname="backend.tests.test_iteration57_ai_upsell_kiosk.TestAIUpselling" name="test_ai_upsell_with_empty_cart" time="2.853" /><testcase classname="backend.tests.test_iteration57_ai_upsell_kiosk.TestAIUpselling" name="test_ai_upsell_with_guest_email" time="2.955" /><testcase classname="backend.tests.test_iteration57_ai_upsell_kiosk.TestAIUpselling" name="test_ai_upsell_requires_auth" time="0.433" /><testcase classname="backend.tests.test_iteration57_ai_upsell_kiosk.TestAIUpselling" name="test_ai_upsell_suggests_drinks_with_mains" time="2.895" /><testcase classname="backend.tests.test_iteration57_ai_upsell_kiosk.TestKioskSession" name="test_kiosk_start_session" time="0.115" /><testcase classname="backend.tests.test_iteration57_ai_upsell_kiosk.TestKioskSession" name="test_kiosk_start_no_auth_required" time="0.098" /><testcase classname="backend.tests.test_iteration57_ai_upsell_kiosk.TestKioskOrder" name="test_kiosk_place_order" time="0.111" /><testcase classname="backend.tests.test_iteration57_ai_upsell_kiosk.TestKioskOrder" name="test_kiosk_order_no_auth_required" time="0.100" /><testcase classname="backend.tests.test_iteration57_ai_upsell_kiosk.TestKioskOrder" name="test_kiosk_order_empty_items_fails" time="0.098" /><testcase classname="backend.tests.test_iteration57_ai_upsell_kiosk.TestKioskOrder" name="test_kiosk_order_creates_income_entry" time="0.545" /><testcase classname="backend.tests.test_iteration57_ai_upsell_kiosk.TestKioskOrderVerification" name="test_kiosk_order_has_correct_type" time="0.546" /><testcase classname="backend.tests.test_iteration57_ai_upsell_kiosk.TestRuleBasedUpsellFallback" name="test_upsell_with_mains_no_drinks" time="3.136" /><testcase classname="backend.tests.test_iteration57_ai_upsell_kiosk.TestRuleBasedUpsellFallback" name="test_upsell_with_mains_no_desserts" time="3.071" /><testcase classname="backend.tests.test_iteration57_ai_upsell_kiosk.TestPublicMenuForKiosk" name="test_public_menu_no_auth" time="0.542" /></testsuite></testsuites>