<?xml version="1.0" encoding="utf-8"?><testsuites name="pytest tests"><testsuite name="pytest" errors="0" failures="2" skipped="4" tests="23" time="2.230" timestamp="2026-04-27T21:26:16.790431+00:00" hostname="agent-env-a9d7a5c1-de72-4617-a5b9-ed7dde4401f0"><testcase classname="backend.tests.test_iteration230_batch18_loyalty_v2.TestTierBenefits" name="test_get_benefits_default_seeds_4_tiers" time="0.616" /><testcase classname="backend.tests.test_iteration230_batch18_loyalty_v2.TestTierBenefits" name="test_bronze_has_minimal_perks" time="0.055" /><testcase classname="backend.tests.test_iteration230_batch18_loyalty_v2.TestTierBenefits" name="test_platinum_has_all_perks_and_20_percent" time="0.079" /><testcase classname="backend.tests.test_iteration230_batch18_loyalty_v2.TestTierBenefits" name="test_update_gold_tier_benefit" time="0.277" /><testcase classname="backend.tests.test_iteration230_batch18_loyalty_v2.TestBenefitsApply" name="test_apply_benefits_to_valid_booking" time="0.121"><skipped type="pytest.skip" message="Could not create test guest">/app/backend/tests/test_iteration230_batch18_loyalty_v2.py:214: Could not create test guest</skipped></testcase><testcase classname="backend.tests.test_iteration230_batch18_loyalty_v2.TestBenefitsApply" name="test_apply_benefits_invalid_booking_404" time="0.064" /><testcase classname="backend.tests.test_iteration230_batch18_loyalty_v2.TestReferralProgram" name="test_create_referral_code" time="0.000"><skipped type="pytest.skip" message="Could not create test guest">/app/backend/tests/test_iteration230_batch18_loyalty_v2.py:244: Could not create test guest</skipped></testcase><testcase classname="backend.tests.test_iteration230_batch18_loyalty_v2.TestReferralProgram" name="test_create_referral_invalid_guest_404" time="0.050" /><testcase classname="backend.tests.test_iteration230_batch18_loyalty_v2.TestReferralProgram" name="test_list_referrals_with_kpis" time="0.050" /><testcase classname="backend.tests.test_iteration230_batch18_loyalty_v2.TestReferralProgram" name="test_claim_referral_invalid_code_404" time="0.000"><skipped type="pytest.skip" message="Could not create test guest">/app/backend/tests/test_iteration230_batch18_loyalty_v2.py:294: Could not create test guest</skipped></testcase><testcase classname="backend.tests.test_iteration230_batch18_loyalty_v2.TestReferralProgram" name="test_claim_referral_valid_code" time="0.000"><skipped type="pytest.skip" message="Could not create test guest">/app/backend/tests/test_iteration230_batch18_loyalty_v2.py:305: Could not create test guest</skipped></testcase><testcase classname="backend.tests.test_iteration230_batch18_loyalty_v2.TestDynamicPackaging" name="test_seed_default_packages" time="0.064" /><testcase classname="backend.tests.test_iteration230_batch18_loyalty_v2.TestDynamicPackaging" name="test_list_packages_with_savings" time="0.075" /><testcase classname="backend.tests.test_iteration230_batch18_loyalty_v2.TestDynamicPackaging" name="test_create_package" time="0.050" /><testcase classname="backend.tests.test_iteration230_batch18_loyalty_v2.TestDynamicPackaging" name="test_update_package" time="0.053" /><testcase classname="backend.tests.test_iteration230_batch18_loyalty_v2.TestDynamicPackaging" name="test_update_package_invalid_id_404" time="0.054" /><testcase classname="backend.tests.test_iteration230_batch18_loyalty_v2.TestDynamicPackaging" name="test_delete_package" time="0.095" /><testcase classname="backend.tests.test_iteration230_batch18_loyalty_v2.TestDynamicPackaging" name="test_delete_package_invalid_id_404" time="0.052" /><testcase classname="backend.tests.test_iteration230_batch18_loyalty_v2.TestRegressionBatch17" name="test_kds_stream_still_works" time="0.060" /><testcase classname="backend.tests.test_iteration230_batch18_loyalty_v2.TestRegressionBatch17" name="test_channel_revenue_still_works" time="0.059"><failure message="AssertionError: Channel revenue endpoint failed: 404&#10;assert 404 == 200&#10; +  where 404 = &lt;Response [404]&gt;.status_code">backend/tests/test_iteration230_batch18_loyalty_v2.py:477: in test_channel_revenue_still_works
    assert response.status_code == 200, f"Channel revenue endpoint failed: {response.status_code}"
E   AssertionError: Channel revenue endpoint failed: 404
E   assert 404 == 200
E    +  where 404 = &lt;Response [404]&gt;.status_code</failure></testcase><testcase classname="backend.tests.test_iteration230_batch18_loyalty_v2.TestRegressionBatch17" name="test_eu_compliance_still_works" time="0.082" /><testcase classname="backend.tests.test_iteration230_batch18_loyalty_v2.TestRegressionBatch17" name="test_ai_predictions_still_works" time="0.068" /><testcase classname="backend.tests.test_iteration230_batch18_loyalty_v2.TestRegressionBatch17" name="test_tr_compliance_still_works" time="0.055"><failure message="AssertionError: TR Compliance endpoint failed: 404&#10;assert 404 == 200&#10; +  where 404 = &lt;Response [404]&gt;.status_code">backend/tests/test_iteration230_batch18_loyalty_v2.py:495: in test_tr_compliance_still_works
    assert response.status_code == 200, f"TR Compliance endpoint failed: {response.status_code}"
E   AssertionError: TR Compliance endpoint failed: 404
E   assert 404 == 200
E    +  where 404 = &lt;Response [404]&gt;.status_code</failure></testcase></testsuite></testsuites>