<?xml version="1.0" encoding="utf-8"?><testsuites name="pytest tests"><testsuite name="pytest" errors="0" failures="0" skipped="0" tests="11" time="10.427" timestamp="2026-08-27T08:21:16.521768+00:00" hostname="agent-env-a9d7a5c1-de72-4617-a5b9-ed7dde4401f0"><testcase classname="tests.test_rate_mix" name="test_rate_mix_all" time="2.295" /><testcase classname="tests.test_rate_mix" name="test_rate_mix_single_property" time="0.142" /><testcase classname="tests.test_rate_mix" name="test_rate_mix_nonexistent_404" time="1.164" /><testcase classname="tests.test_rate_mix" name="test_rate_mix_days_clamp" time="0.390" /><testcase classname="tests.test_rate_mix" name="test_rate_mix_days_changes_window" time="0.301" /><testcase classname="tests.test_rate_mix" name="test_apply_requires_auth" time="0.132" /><testcase classname="tests.test_rate_mix" name="test_apply_invalid_rate" time="0.258" /><testcase classname="tests.test_rate_mix" name="test_apply_writes_and_scales" time="0.879" /><testcase classname="tests.test_rate_mix" name="test_apply_skips_human_overrides" time="0.174" /><testcase classname="tests.test_rate_mix" name="test_reprice_bridge_event" time="4.349" /><testcase classname="tests.test_rate_mix" name="test_applies_history" time="0.247" /></testsuite></testsuites>