<?xml version="1.0" encoding="utf-8"?><testsuites name="pytest tests"><testsuite name="pytest" errors="0" failures="0" skipped="0" tests="30" time="41.148" timestamp="2026-08-11T20:54:25.468381+00:00" hostname="agent-env-a9d7a5c1-de72-4617-a5b9-ed7dde4401f0"><testcase classname="backend.tests.test_ai_reply_robot_regression" name="test_login" time="0.418" /><testcase classname="backend.tests.test_ai_reply_robot_regression" name="test_inbox" time="0.569" /><testcase classname="backend.tests.test_ai_reply_robot_regression" name="test_draft_generate" time="4.437" /><testcase classname="backend.tests.test_ai_reply_robot_regression" name="test_draft_paste" time="3.279" /><testcase classname="backend.tests.test_ai_reply_robot_regression" name="test_quality_junk" time="1.870" /><testcase classname="backend.tests.test_ai_reply_robot_regression" name="test_quality_polite" time="2.280" /><testcase classname="backend.tests.test_ai_reply_robot_regression" name="test_send_draft" time="3.866" /><testcase classname="backend.tests.test_ai_reply_robot_regression" name="test_lessons_flow" time="1.142" /><testcase classname="backend.tests.test_ai_reply_robot_regression" name="test_stats" time="0.139" /><testcase classname="backend.tests.test_ai_reply_robot_regression" name="test_report" time="0.238" /><testcase classname="backend.tests.test_ai_reply_robot_regression" name="test_batch_draft" time="0.364" /><testcase classname="backend.tests.test_ai_reply_robot_regression" name="test_portfolio" time="0.184" /><testcase classname="backend.tests.test_ai_reply_robot_regression" name="test_categorize" time="0.311" /><testcase classname="backend.tests.test_ai_reply_robot_regression" name="test_weak_area" time="0.112" /><testcase classname="backend.tests.test_ai_reply_robot_regression" name="test_config" time="0.533" /><testcase classname="backend.tests.test_ai_reply_robot_regression" name="test_review_sources_flow" time="0.489" /><testcase classname="backend.tests.test_ai_reply_robot_regression" name="test_reputation" time="1.202" /><testcase classname="backend.tests.test_ai_reply_robot_regression" name="test_public_survey_get" time="0.117" /><testcase classname="backend.tests.test_ai_reply_robot_regression" name="test_public_survey_nps10_review_prompt" time="0.207" /><testcase classname="backend.tests.test_ai_reply_robot_regression" name="test_public_survey_nps2_complaint" time="2.750" /><testcase classname="backend.tests.test_ai_reply_robot_regression" name="test_qr_image" time="0.187" /><testcase classname="backend.tests.test_ai_reply_robot_regression" name="test_service_recovery_create_and_track" time="2.963" /><testcase classname="backend.tests.test_ai_reply_robot_regression" name="test_service_recovery_wifi_maintenance" time="2.453" /><testcase classname="backend.tests.test_ai_reply_robot_regression" name="test_mobile_push_prefs" time="0.488" /><testcase classname="backend.tests.test_ai_reply_robot_regression" name="test_scheduler_trigger[ai_morning_drafts]" time="9.584" /><testcase classname="backend.tests.test_ai_reply_robot_regression" name="test_scheduler_trigger[ai_weekly_summary]" time="0.189" /><testcase classname="backend.tests.test_ai_reply_robot_regression" name="test_scheduler_trigger[review_source_sync]" time="0.187" /><testcase classname="backend.tests.test_ai_reply_robot_regression" name="test_scheduler_trigger[reputation_scan]" time="0.162" /><testcase classname="backend.tests.test_ai_reply_robot_regression" name="test_reviews_regression" time="0.138" /><testcase classname="backend.tests.test_ai_reply_robot_regression" name="test_zzz_cleanup_sources" time="0.155" /></testsuite></testsuites>